This is pdfTeX, Version 3.14159265-2.6-1.40.16 (TeX Live 2015/Debian) (preloaded format=pdflatex 2017.1.25)  18 MAY 2017 10:34
entering extended mode
 restricted \write18 enabled.
 %&-line parsing enabled.
**Dissertacao.tex
(./Dissertacao.tex
LaTeX2e <2016/02/01>
Babel <3.9q> and hyphenation patterns for 81 language(s) loaded.
(/usr/share/texlive/texmf-dist/tex/latex/base/report.cls
Document Class: report 2014/09/29 v1.4h Standard LaTeX document class
(/usr/share/texlive/texmf-dist/tex/latex/base/size12.clo
File: size12.clo 2014/09/29 v1.4h Standard LaTeX file (size option)
)
\c@part=\count79
\c@chapter=\count80
\c@section=\count81
\c@subsection=\count82
\c@subsubsection=\count83
\c@paragraph=\count84
\c@subparagraph=\count85
\c@figure=\count86
\c@table=\count87
\abovecaptionskip=\skip41
\belowcaptionskip=\skip42
\bibindent=\dimen102
)
(./Configuracao/Configuracao.tex
(/usr/share/texlive/texmf-dist/tex/generic/babel/babel.sty
Package: babel 2016/02/24 3.9q The Babel package

(/usr/share/texlive/texmf-dist/tex/generic/babel-english/english.ldf
Language: english 2012/08/20 v3.3p English support from the babel system

(/usr/share/texlive/texmf-dist/tex/generic/babel/babel.def
File: babel.def 2016/02/24 3.9q Babel common definitions
\babel@savecnt=\count88
\U@D=\dimen103
)
\l@canadian = a dialect from \language\l@american 
\l@australian = a dialect from \language\l@british 
\l@newzealand = a dialect from \language\l@british 
)
(/usr/share/texlive/texmf-dist/tex/generic/babel-portuges/portuges.ldf
Language: portuges 2008/03/18 v1.2q Portuguese support from the babel system
\l@brazil = a dialect from \language\l@portuges 
Package babel Info: Making " an active character on input line 145.
))
(/usr/share/texlive/texmf-dist/tex/latex/base/inputenc.sty
Package: inputenc 2015/03/17 v1.2c Input encoding file
\inpenc@prehook=\toks14
\inpenc@posthook=\toks15

(/usr/share/texlive/texmf-dist/tex/latex/base/utf8.def
File: utf8.def 2015/12/03 v1.1r UTF-8 support for inputenc
Now handling font encoding OML ...
... no UTF-8 mapping file for font encoding OML
Now handling font encoding T1 ...
... processing UTF-8 mapping file for font encoding T1

(/usr/share/texlive/texmf-dist/tex/latex/base/t1enc.dfu
File: t1enc.dfu 2015/12/03 v1.1r UTF-8 support for inputenc
   defining Unicode char U+00A0 (decimal 160)
   defining Unicode char U+00A1 (decimal 161)
   defining Unicode char U+00A3 (decimal 163)
   defining Unicode char U+00AB (decimal 171)
   defining Unicode char U+00AD (decimal 173)
   defining Unicode char U+00BB (decimal 187)
   defining Unicode char U+00BF (decimal 191)
   defining Unicode char U+00C0 (decimal 192)
   defining Unicode char U+00C1 (decimal 193)
   defining Unicode char U+00C2 (decimal 194)
   defining Unicode char U+00C3 (decimal 195)
   defining Unicode char U+00C4 (decimal 196)
   defining Unicode char U+00C5 (decimal 197)
   defining Unicode char U+00C6 (decimal 198)
   defining Unicode char U+00C7 (decimal 199)
   defining Unicode char U+00C8 (decimal 200)
   defining Unicode char U+00C9 (decimal 201)
   defining Unicode char U+00CA (decimal 202)
   defining Unicode char U+00CB (decimal 203)
   defining Unicode char U+00CC (decimal 204)
   defining Unicode char U+00CD (decimal 205)
   defining Unicode char U+00CE (decimal 206)
   defining Unicode char U+00CF (decimal 207)
   defining Unicode char U+00D0 (decimal 208)
   defining Unicode char U+00D1 (decimal 209)
   defining Unicode char U+00D2 (decimal 210)
   defining Unicode char U+00D3 (decimal 211)
   defining Unicode char U+00D4 (decimal 212)
   defining Unicode char U+00D5 (decimal 213)
   defining Unicode char U+00D6 (decimal 214)
   defining Unicode char U+00D8 (decimal 216)
   defining Unicode char U+00D9 (decimal 217)
   defining Unicode char U+00DA (decimal 218)
   defining Unicode char U+00DB (decimal 219)
   defining Unicode char U+00DC (decimal 220)
   defining Unicode char U+00DD (decimal 221)
   defining Unicode char U+00DE (decimal 222)
   defining Unicode char U+00DF (decimal 223)
   defining Unicode char U+00E0 (decimal 224)
   defining Unicode char U+00E1 (decimal 225)
   defining Unicode char U+00E2 (decimal 226)
   defining Unicode char U+00E3 (decimal 227)
   defining Unicode char U+00E4 (decimal 228)
   defining Unicode char U+00E5 (decimal 229)
   defining Unicode char U+00E6 (decimal 230)
   defining Unicode char U+00E7 (decimal 231)
   defining Unicode char U+00E8 (decimal 232)
   defining Unicode char U+00E9 (decimal 233)
   defining Unicode char U+00EA (decimal 234)
   defining Unicode char U+00EB (decimal 235)
   defining Unicode char U+00EC (decimal 236)
   defining Unicode char U+00ED (decimal 237)
   defining Unicode char U+00EE (decimal 238)
   defining Unicode char U+00EF (decimal 239)
   defining Unicode char U+00F0 (decimal 240)
   defining Unicode char U+00F1 (decimal 241)
   defining Unicode char U+00F2 (decimal 242)
   defining Unicode char U+00F3 (decimal 243)
   defining Unicode char U+00F4 (decimal 244)
   defining Unicode char U+00F5 (decimal 245)
   defining Unicode char U+00F6 (decimal 246)
   defining Unicode char U+00F8 (decimal 248)
   defining Unicode char U+00F9 (decimal 249)
   defining Unicode char U+00FA (decimal 250)
   defining Unicode char U+00FB (decimal 251)
   defining Unicode char U+00FC (decimal 252)
   defining Unicode char U+00FD (decimal 253)
   defining Unicode char U+00FE (decimal 254)
   defining Unicode char U+00FF (decimal 255)
   defining Unicode char U+0100 (decimal 256)
   defining Unicode char U+0101 (decimal 257)
   defining Unicode char U+0102 (decimal 258)
   defining Unicode char U+0103 (decimal 259)
   defining Unicode char U+0104 (decimal 260)
   defining Unicode char U+0105 (decimal 261)
   defining Unicode char U+0106 (decimal 262)
   defining Unicode char U+0107 (decimal 263)
   defining Unicode char U+0108 (decimal 264)
   defining Unicode char U+0109 (decimal 265)
   defining Unicode char U+010A (decimal 266)
   defining Unicode char U+010B (decimal 267)
   defining Unicode char U+010C (decimal 268)
   defining Unicode char U+010D (decimal 269)
   defining Unicode char U+010E (decimal 270)
   defining Unicode char U+010F (decimal 271)
   defining Unicode char U+0110 (decimal 272)
   defining Unicode char U+0111 (decimal 273)
   defining Unicode char U+0112 (decimal 274)
   defining Unicode char U+0113 (decimal 275)
   defining Unicode char U+0114 (decimal 276)
   defining Unicode char U+0115 (decimal 277)
   defining Unicode char U+0116 (decimal 278)
   defining Unicode char U+0117 (decimal 279)
   defining Unicode char U+0118 (decimal 280)
   defining Unicode char U+0119 (decimal 281)
   defining Unicode char U+011A (decimal 282)
   defining Unicode char U+011B (decimal 283)
   defining Unicode char U+011C (decimal 284)
   defining Unicode char U+011D (decimal 285)
   defining Unicode char U+011E (decimal 286)
   defining Unicode char U+011F (decimal 287)
   defining Unicode char U+0120 (decimal 288)
   defining Unicode char U+0121 (decimal 289)
   defining Unicode char U+0122 (decimal 290)
   defining Unicode char U+0123 (decimal 291)
   defining Unicode char U+0124 (decimal 292)
   defining Unicode char U+0125 (decimal 293)
   defining Unicode char U+0128 (decimal 296)
   defining Unicode char U+0129 (decimal 297)
   defining Unicode char U+012A (decimal 298)
   defining Unicode char U+012B (decimal 299)
   defining Unicode char U+012C (decimal 300)
   defining Unicode char U+012D (decimal 301)
   defining Unicode char U+012E (decimal 302)
   defining Unicode char U+012F (decimal 303)
   defining Unicode char U+0130 (decimal 304)
   defining Unicode char U+0131 (decimal 305)
   defining Unicode char U+0132 (decimal 306)
   defining Unicode char U+0133 (decimal 307)
   defining Unicode char U+0134 (decimal 308)
   defining Unicode char U+0135 (decimal 309)
   defining Unicode char U+0136 (decimal 310)
   defining Unicode char U+0137 (decimal 311)
   defining Unicode char U+0139 (decimal 313)
   defining Unicode char U+013A (decimal 314)
   defining Unicode char U+013B (decimal 315)
   defining Unicode char U+013C (decimal 316)
   defining Unicode char U+013D (decimal 317)
   defining Unicode char U+013E (decimal 318)
   defining Unicode char U+0141 (decimal 321)
   defining Unicode char U+0142 (decimal 322)
   defining Unicode char U+0143 (decimal 323)
   defining Unicode char U+0144 (decimal 324)
   defining Unicode char U+0145 (decimal 325)
   defining Unicode char U+0146 (decimal 326)
   defining Unicode char U+0147 (decimal 327)
   defining Unicode char U+0148 (decimal 328)
   defining Unicode char U+014A (decimal 330)
   defining Unicode char U+014B (decimal 331)
   defining Unicode char U+014C (decimal 332)
   defining Unicode char U+014D (decimal 333)
   defining Unicode char U+014E (decimal 334)
   defining Unicode char U+014F (decimal 335)
   defining Unicode char U+0150 (decimal 336)
   defining Unicode char U+0151 (decimal 337)
   defining Unicode char U+0152 (decimal 338)
   defining Unicode char U+0153 (decimal 339)
   defining Unicode char U+0154 (decimal 340)
   defining Unicode char U+0155 (decimal 341)
   defining Unicode char U+0156 (decimal 342)
   defining Unicode char U+0157 (decimal 343)
   defining Unicode char U+0158 (decimal 344)
   defining Unicode char U+0159 (decimal 345)
   defining Unicode char U+015A (decimal 346)
   defining Unicode char U+015B (decimal 347)
   defining Unicode char U+015C (decimal 348)
   defining Unicode char U+015D (decimal 349)
   defining Unicode char U+015E (decimal 350)
   defining Unicode char U+015F (decimal 351)
   defining Unicode char U+0160 (decimal 352)
   defining Unicode char U+0161 (decimal 353)
   defining Unicode char U+0162 (decimal 354)
   defining Unicode char U+0163 (decimal 355)
   defining Unicode char U+0164 (decimal 356)
   defining Unicode char U+0165 (decimal 357)
   defining Unicode char U+0168 (decimal 360)
   defining Unicode char U+0169 (decimal 361)
   defining Unicode char U+016A (decimal 362)
   defining Unicode char U+016B (decimal 363)
   defining Unicode char U+016C (decimal 364)
   defining Unicode char U+016D (decimal 365)
   defining Unicode char U+016E (decimal 366)
   defining Unicode char U+016F (decimal 367)
   defining Unicode char U+0170 (decimal 368)
   defining Unicode char U+0171 (decimal 369)
   defining Unicode char U+0172 (decimal 370)
   defining Unicode char U+0173 (decimal 371)
   defining Unicode char U+0174 (decimal 372)
   defining Unicode char U+0175 (decimal 373)
   defining Unicode char U+0176 (decimal 374)
   defining Unicode char U+0177 (decimal 375)
   defining Unicode char U+0178 (decimal 376)
   defining Unicode char U+0179 (decimal 377)
   defining Unicode char U+017A (decimal 378)
   defining Unicode char U+017B (decimal 379)
   defining Unicode char U+017C (decimal 380)
   defining Unicode char U+017D (decimal 381)
   defining Unicode char U+017E (decimal 382)
   defining Unicode char U+01CD (decimal 461)
   defining Unicode char U+01CE (decimal 462)
   defining Unicode char U+01CF (decimal 463)
   defining Unicode char U+01D0 (decimal 464)
   defining Unicode char U+01D1 (decimal 465)
   defining Unicode char U+01D2 (decimal 466)
   defining Unicode char U+01D3 (decimal 467)
   defining Unicode char U+01D4 (decimal 468)
   defining Unicode char U+01E2 (decimal 482)
   defining Unicode char U+01E3 (decimal 483)
   defining Unicode char U+01E6 (decimal 486)
   defining Unicode char U+01E7 (decimal 487)
   defining Unicode char U+01E8 (decimal 488)
   defining Unicode char U+01E9 (decimal 489)
   defining Unicode char U+01EA (decimal 490)
   defining Unicode char U+01EB (decimal 491)
   defining Unicode char U+01F0 (decimal 496)
   defining Unicode char U+01F4 (decimal 500)
   defining Unicode char U+01F5 (decimal 501)
   defining Unicode char U+0218 (decimal 536)
   defining Unicode char U+0219 (decimal 537)
   defining Unicode char U+021A (decimal 538)
   defining Unicode char U+021B (decimal 539)
   defining Unicode char U+01E02 (decimal 7682)
   defining Unicode char U+01E03 (decimal 7683)
   defining Unicode char U+200C (decimal 8204)
   defining Unicode char U+2013 (decimal 8211)
   defining Unicode char U+2014 (decimal 8212)
   defining Unicode char U+2018 (decimal 8216)
   defining Unicode char U+2019 (decimal 8217)
   defining Unicode char U+201A (decimal 8218)
   defining Unicode char U+201C (decimal 8220)
   defining Unicode char U+201D (decimal 8221)
   defining Unicode char U+201E (decimal 8222)
   defining Unicode char U+2030 (decimal 8240)
   defining Unicode char U+2031 (decimal 8241)
   defining Unicode char U+2039 (decimal 8249)
   defining Unicode char U+203A (decimal 8250)
   defining Unicode char U+2423 (decimal 9251)
)
Now handling font encoding OT1 ...
... processing UTF-8 mapping file for font encoding OT1

(/usr/share/texlive/texmf-dist/tex/latex/base/ot1enc.dfu
File: ot1enc.dfu 2015/12/03 v1.1r UTF-8 support for inputenc
   defining Unicode char U+00A0 (decimal 160)
   defining Unicode char U+00A1 (decimal 161)
   defining Unicode char U+00A3 (decimal 163)
   defining Unicode char U+00AD (decimal 173)
   defining Unicode char U+00B8 (decimal 184)
   defining Unicode char U+00BF (decimal 191)
   defining Unicode char U+00C5 (decimal 197)
   defining Unicode char U+00C6 (decimal 198)
   defining Unicode char U+00D8 (decimal 216)
   defining Unicode char U+00DF (decimal 223)
   defining Unicode char U+00E6 (decimal 230)
   defining Unicode char U+00EC (decimal 236)
   defining Unicode char U+00ED (decimal 237)
   defining Unicode char U+00EE (decimal 238)
   defining Unicode char U+00EF (decimal 239)
   defining Unicode char U+00F8 (decimal 248)
   defining Unicode char U+0131 (decimal 305)
   defining Unicode char U+0141 (decimal 321)
   defining Unicode char U+0142 (decimal 322)
   defining Unicode char U+0152 (decimal 338)
   defining Unicode char U+0153 (decimal 339)
   defining Unicode char U+0174 (decimal 372)
   defining Unicode char U+0175 (decimal 373)
   defining Unicode char U+0176 (decimal 374)
   defining Unicode char U+0177 (decimal 375)
   defining Unicode char U+0218 (decimal 536)
   defining Unicode char U+0219 (decimal 537)
   defining Unicode char U+021A (decimal 538)
   defining Unicode char U+021B (decimal 539)
   defining Unicode char U+2013 (decimal 8211)
   defining Unicode char U+2014 (decimal 8212)
   defining Unicode char U+2018 (decimal 8216)
   defining Unicode char U+2019 (decimal 8217)
   defining Unicode char U+201C (decimal 8220)
   defining Unicode char U+201D (decimal 8221)
)
Now handling font encoding OMS ...
... processing UTF-8 mapping file for font encoding OMS

(/usr/share/texlive/texmf-dist/tex/latex/base/omsenc.dfu
File: omsenc.dfu 2015/12/03 v1.1r UTF-8 support for inputenc
   defining Unicode char U+00A7 (decimal 167)
   defining Unicode char U+00B6 (decimal 182)
   defining Unicode char U+00B7 (decimal 183)
   defining Unicode char U+2020 (decimal 8224)
   defining Unicode char U+2021 (decimal 8225)
   defining Unicode char U+2022 (decimal 8226)
)
Now handling font encoding OMX ...
... no UTF-8 mapping file for font encoding OMX
Now handling font encoding U ...
... no UTF-8 mapping file for font encoding U
   defining Unicode char U+00A9 (decimal 169)
   defining Unicode char U+00AA (decimal 170)
   defining Unicode char U+00AE (decimal 174)
   defining Unicode char U+00BA (decimal 186)
   defining Unicode char U+02C6 (decimal 710)
   defining Unicode char U+02DC (decimal 732)
   defining Unicode char U+200C (decimal 8204)
   defining Unicode char U+2026 (decimal 8230)
   defining Unicode char U+2122 (decimal 8482)
   defining Unicode char U+2423 (decimal 9251)
))
(/usr/share/texlive/texmf-dist/tex/latex/cmap/cmap.sty
Package: cmap 2008/03/06 v1.0h CMap support: searchable PDF
)
(/usr/share/texlive/texmf-dist/tex/latex/etex-pkg/etex.sty
Package: etex 2016/01/11 v2.6 eTeX basic definition package (PEB,DPC)
\et@xins=\count89
)
(/usr/share/texlive/texmf-dist/tex/latex/base/fontenc.sty
Package: fontenc 2005/09/27 v1.99g Standard LaTeX package

(/usr/share/texlive/texmf-dist/tex/latex/base/t1enc.def
File: t1enc.def 2005/09/27 v1.99g Standard LaTeX file
LaTeX Font Info:    Redeclaring font encoding T1 on input line 48.
)<<t1.cmap>>)
(/usr/share/texlive/texmf-dist/tex/latex/graphics/graphicx.sty
Package: graphicx 2014/10/28 v1.0g Enhanced LaTeX Graphics (DPC,SPQR)

(/usr/share/texlive/texmf-dist/tex/latex/graphics/keyval.sty
Package: keyval 2014/10/28 v1.15 key=value parser (DPC)
\KV@toks@=\toks16
)
(/usr/share/texlive/texmf-dist/tex/latex/graphics/graphics.sty
Package: graphics 2016/01/03 v1.0q Standard LaTeX Graphics (DPC,SPQR)

(/usr/share/texlive/texmf-dist/tex/latex/graphics/trig.sty
Package: trig 2016/01/03 v1.10 sin cos tan (DPC)
)
(/usr/share/texlive/texmf-dist/tex/latex/latexconfig/graphics.cfg
File: graphics.cfg 2010/04/23 v1.9 graphics configuration of TeX Live
)
Package graphics Info: Driver file: dvips.def on input line 95.

(/usr/share/texlive/texmf-dist/tex/latex/graphics/dvips.def
File: dvips.def 2015/12/30 v3.0k Driver-dependent file (DPC,SPQR)
))
\Gin@req@height=\dimen104
\Gin@req@width=\dimen105
)
(/usr/share/texlive/texmf-dist/tex/latex/subfigure/subfigure.sty
Package: subfigure 2002/03/15 v2.1.5 subfigure package
\subfigtopskip=\skip43
\subfigcapskip=\skip44
\subfigcaptopadj=\dimen106
\subfigbottomskip=\skip45
\subfigcapmargin=\dimen107
\subfiglabelskip=\skip46
\c@subfigure=\count90
\c@lofdepth=\count91
\c@subtable=\count92
\c@lotdepth=\count93

****************************************
* Local config file subfigure.cfg used *
****************************************
(/usr/share/texlive/texmf-dist/tex/latex/subfigure/subfigure.cfg)
\subfig@top=\skip47
\subfig@bottom=\skip48
)
(/usr/share/texlive/texmf-dist/tex/latex/geometry/geometry.sty
Package: geometry 2010/09/12 v5.6 Page Geometry

(/usr/share/texlive/texmf-dist/tex/generic/oberdiek/ifpdf.sty
Package: ifpdf 2011/01/30 v2.3 Provides the ifpdf switch (HO)
Package ifpdf Info: pdfTeX in PDF mode is detected.
)
(/usr/share/texlive/texmf-dist/tex/generic/oberdiek/ifvtex.sty
Package: ifvtex 2010/03/01 v1.5 Detect VTeX and its facilities (HO)
Package ifvtex Info: VTeX not detected.
)
(/usr/share/texlive/texmf-dist/tex/generic/ifxetex/ifxetex.sty
Package: ifxetex 2010/09/12 v0.6 Provides ifxetex conditional
)
\Gm@cnth=\count94
\Gm@cntv=\count95
\c@Gm@tempcnt=\count96
\Gm@bindingoffset=\dimen108
\Gm@wd@mp=\dimen109
\Gm@odd@mp=\dimen110
\Gm@even@mp=\dimen111
\Gm@layoutwidth=\dimen112
\Gm@layoutheight=\dimen113
\Gm@layouthoffset=\dimen114
\Gm@layoutvoffset=\dimen115
\Gm@dimlist=\toks17
)
(/usr/share/texlive/texmf-dist/tex/latex/tools/indentfirst.sty
Package: indentfirst 1995/11/23 v1.03 Indent first paragraph (DPC)
)
(/usr/share/texlive/texmf-dist/tex/latex/type1cm/type1cm.sty
Package: type1cm 2002/09/05 v0.04 BlueSky/Y&Y Type1 CM font definitions (DPC, p
atched RF)
)
(/usr/share/texlive/texmf-dist/tex/latex/lettrine/lettrine.sty
File: lettrine.sty 2015/08/31 v1.9 (Daniel Flipo)
\c@DefaultLines=\count97
\c@DefaultDepth=\count98
\DefaultFindent=\dimen116
\DefaultNindent=\dimen117
\DefaultSlope=\dimen118
\DiscardVskip=\dimen119
\L@lbox=\box26
\L@tbox=\box27
\c@L@lines=\count99
\c@L@depth=\count100
\L@Pindent=\dimen120
\L@Findent=\dimen121
\L@Nindent=\dimen122
\L@lraise=\dimen123
\L@first=\dimen124
\L@next=\dimen125
\L@slope=\dimen126
\L@height=\dimen127
\L@novskip=\dimen128
\LettrineWidth=\dimen129
\LettrineHeight=\dimen130
\LettrineDepth=\dimen131

Loading lettrine.cfg
(/usr/share/texlive/texmf-dist/tex/latex/lettrine/lettrine.cfg))
(/usr/share/texlive/texmf-dist/tex/generic/dvips/colordvi.sty)
(/usr/share/texlive/texmf-dist/tex/latex/colortbl/colortbl.sty
Package: colortbl 2012/02/13 v1.0a Color table columns (DPC)

(/usr/share/texlive/texmf-dist/tex/latex/tools/array.sty
Package: array 2014/10/28 v2.4c Tabular extension package (FMi)
\col@sep=\dimen132
\extrarowheight=\dimen133
\NC@list=\toks18
\extratabsurround=\skip49
\backup@length=\skip50
)
(/usr/share/texlive/texmf-dist/tex/latex/graphics/color.sty
Package: color 2016/01/03 v1.1b Standard LaTeX Color (DPC)

(/usr/share/texlive/texmf-dist/tex/latex/latexconfig/color.cfg
File: color.cfg 2007/01/18 v1.5 color configuration of teTeX/TeXLive
)
Package color Info: Driver file: pdftex.def on input line 143.

(/usr/share/texlive/texmf-dist/tex/latex/pdftex-def/pdftex.def
File: pdftex.def 2011/05/27 v0.06d Graphics/color for pdfTeX

(/usr/share/texlive/texmf-dist/tex/generic/oberdiek/infwarerr.sty
Package: infwarerr 2010/04/08 v1.3 Providing info/warning/error messages (HO)
)
(/usr/share/texlive/texmf-dist/tex/generic/oberdiek/ltxcmds.sty
Package: ltxcmds 2011/11/09 v1.22 LaTeX kernel commands for general use (HO)
)
\Gread@gobject=\count101
))
\everycr=\toks19
\minrowclearance=\skip51
)
(/usr/share/texlive/texmf-dist/tex/latex/multirow/multirow.sty
\bigstrutjot=\dimen134
)
(/usr/share/texlive/texmf-dist/tex/latex/pstricks/pstricks.sty
Package: pstricks 2015/11/14 v0.62 LaTeX wrapper for `PSTricks' (RN,HV)

(/usr/share/texlive/texmf-dist/tex/latex/xcolor/xcolor.sty
Package: xcolor 2007/01/21 v2.11 LaTeX color extensions (UK)

(/usr/share/texlive/texmf-dist/tex/latex/latexconfig/color.cfg
File: color.cfg 2007/01/18 v1.5 color configuration of teTeX/TeXLive
)
Package xcolor Info: Driver file: pdftex.def on input line 225.
LaTeX Info: Redefining \color on input line 702.
Package xcolor Info: Model `cmy' substituted by `cmy0' on input line 1337.
Package xcolor Info: Model `RGB' extended on input line 1353.
Package xcolor Info: Model `HTML' substituted by `rgb' on input line 1355.
Package xcolor Info: Model `Hsb' substituted by `hsb' on input line 1356.
Package xcolor Info: Model `tHsb' substituted by `hsb' on input line 1357.
Package xcolor Info: Model `HSB' substituted by `hsb' on input line 1358.
Package xcolor Info: Model `Gray' substituted by `gray' on input line 1359.
Package xcolor Info: Model `wave' substituted by `hsb' on input line 1360.
)
(/usr/share/texlive/texmf-dist/tex/generic/pstricks/pstricks.tex
(/usr/share/texlive/texmf-dist/tex/generic/xkeyval/pst-xkey.tex
File: pst-xkey.tex 2005/11/25 v1.6 PSTricks specialization of xkeyval (HA)

(/usr/share/texlive/texmf-dist/tex/latex/xkeyval/xkeyval.sty
Package: xkeyval 2014/12/03 v2.7a package option processing (HA)

(/usr/share/texlive/texmf-dist/tex/generic/xkeyval/xkeyval.tex
(/usr/share/texlive/texmf-dist/tex/generic/xkeyval/xkvutils.tex
\XKV@toks=\toks20
\XKV@tempa@toks=\toks21
)
\XKV@depth=\count102
File: xkeyval.tex 2014/12/03 v2.7a key=value parser (HA)
)))
(/usr/share/texlive/texmf-dist/tex/generic/pstricks/pst-fp.tex
`pst-fp' v0.05, 2010/01/17 (hv)
\pstFP@xs=\count103
\pstFP@xia=\count104
\pstFP@xib=\count105
\pstFP@xfa=\count106
\pstFP@xfb=\count107
\pstFP@rega=\count108
\pstFP@regb=\count109
\pstFP@regs=\count110
\pstFP@times=\count111
)
(/usr/share/texlive/texmf-dist/tex/generic/pgf/utilities/pgfutil-common.tex
\pgfutil@everybye=\toks22
\pgfutil@tempdima=\dimen135
\pgfutil@tempdimb=\dimen136

(/usr/share/texlive/texmf-dist/tex/generic/pgf/utilities/pgfutil-common-lists.t
ex)) (/usr/share/texlive/texmf-dist/tex/generic/pgf/utilities/pgfkeys.code.tex
\pgfkeys@pathtoks=\toks23
\pgfkeys@temptoks=\toks24

(/usr/share/texlive/texmf-dist/tex/generic/pgf/utilities/pgfkeysfiltered.code.t
ex
\pgfkeys@tmptoks=\toks25
)) (/usr/share/texlive/texmf-dist/tex/generic/pgf/utilities/pgffor.code.tex
(/usr/share/texlive/texmf-dist/tex/generic/pgf/math/pgfmath.code.tex
(/usr/share/texlive/texmf-dist/tex/generic/pgf/math/pgfmathcalc.code.tex
(/usr/share/texlive/texmf-dist/tex/generic/pgf/math/pgfmathutil.code.tex
\pgf@x=\dimen137
\pgf@xa=\dimen138
\pgf@xb=\dimen139
\pgf@xc=\dimen140
\pgf@y=\dimen141
\pgf@ya=\dimen142
\pgf@yb=\dimen143
\pgf@yc=\dimen144
\c@pgf@counta=\count112
\c@pgf@countb=\count113
\c@pgf@countc=\count114
\c@pgf@countd=\count115
\pgfutil@tempcnta=\count116
\pgfutil@tempcntb=\count117
)
(/usr/share/texlive/texmf-dist/tex/generic/pgf/math/pgfmathparser.code.tex
\pgfmath@dimen=\dimen145
\pgfmath@count=\count118
\pgfmath@box=\box28
\pgfmath@toks=\toks26
\pgfmath@stack@operand=\toks27
\pgfmath@stack@operation=\toks28
)
(/usr/share/texlive/texmf-dist/tex/generic/pgf/math/pgfmathfunctions.code.tex
(/usr/share/texlive/texmf-dist/tex/generic/pgf/math/pgfmathfunctions.basic.code
.tex)
(/usr/share/texlive/texmf-dist/tex/generic/pgf/math/pgfmathfunctions.trigonomet
ric.code.tex)
(/usr/share/texlive/texmf-dist/tex/generic/pgf/math/pgfmathfunctions.random.cod
e.tex)
(/usr/share/texlive/texmf-dist/tex/generic/pgf/math/pgfmathfunctions.comparison
.code.tex)
(/usr/share/texlive/texmf-dist/tex/generic/pgf/math/pgfmathfunctions.base.code.
tex)
(/usr/share/texlive/texmf-dist/tex/generic/pgf/math/pgfmathfunctions.round.code
.tex)
(/usr/share/texlive/texmf-dist/tex/generic/pgf/math/pgfmathfunctions.misc.code.
tex)
(/usr/share/texlive/texmf-dist/tex/generic/pgf/math/pgfmathfunctions.integerari
thmetics.code.tex)))
(/usr/share/texlive/texmf-dist/tex/generic/pgf/math/pgfmathfloat.code.tex
\c@pgfmathroundto@lastzeros=\count119
))
\pgffor@iter=\dimen146
\pgffor@skip=\dimen147
\pgffor@stack=\toks29
\pgffor@toks=\toks30
)
\psLoopIndex=\count120

`PSTricks' v2.64b  <2015/14/11> (tvz)
\pst@dima=\dimen148
\pst@dimb=\dimen149
\pst@dimc=\dimen150
\pst@dimd=\dimen151
\pst@dimg=\dimen152
\pst@dimh=\dimen153
\pst@dimm=\dimen154
\pst@dimn=\dimen155
\pst@dimo=\dimen156
\pst@dimp=\dimen157
\pst@hbox=\box29
\pst@ibox=\box30
\pst@boxg=\box31
\pst@cnta=\count121
\pst@cntb=\count122
\pst@cntc=\count123
\pst@cntd=\count124
\pst@cntg=\count125
\pst@cnth=\count126
\pst@cntm=\count127
\pst@cntn=\count128
\pst@cnto=\count129
\pst@cntp=\count130
\@zero=\count131
\pst@toks=\toks31
(/usr/share/texlive/texmf-dist/tex/generic/pstricks/pstricks.con)
\psunit=\dimen158
\psxunit=\dimen159
\psyunit=\dimen160
\pst@C@@rType=\count132
\pslinewidth=\dimen161
\psk@startLW=\dimen162
\psk@endLW=\dimen163
\pst@customdefs=\toks32
\pslinearc=\dimen164
\pst@symbolStep=\dimen165
\pst@symbolWidth=\dimen166
\pst@symbolLinewidth=\dimen167
\everypsbox=\toks33
\psframesep=\dimen168
\pslabelsep=\dimen169
\sh@wgridXunit=\dimen170
\sh@wgridYunit=\dimen171
\pst@shift=\dimen172
)
File: pstricks.tex 2015/14/11 v2.64b `PSTricks' (tvz,hv)

(/usr/share/texlive/texmf-dist/tex/generic/pstricks/pst-fp.tex)
File: pst-fp.tex 2015/14/11 v2.64b `PST-fp' (hv)
)
(/usr/share/texlive/texmf-dist/tex/latex/pstricks-add/pstricks-add.sty
(/usr/share/texlive/texmf-dist/tex/latex/pst-plot/pst-plot.sty
Package: pst-plot 2011/06/05 v1.00 LaTeX wrapper for `pst-plot' (HV)

(/usr/share/texlive/texmf-dist/tex/latex/xkeyval/pst-xkey.sty
Package: pst-xkey 2005/11/25 v1.6 package wrapper for pst-xkey.tex (HA)
)
(/usr/share/texlive/texmf-dist/tex/latex/multido/multido.sty
Package: multido 2004/05/17 package wrapper for PSTricks `multido.tex', (HV/RN)


(/usr/share/texlive/texmf-dist/tex/generic/multido/multido.tex
 v1.42, 2010/05/14 <tvz>
\multido@count=\count133
\multidocount=\count134
\multido@stuff=\toks34
)
File: multido.tex 2010/05/14 v1.42 `multido' (tvz,hv)
)
Package: pst-plot 2011/04/13 package wrapper for pst-plot.tex (hv)

(/usr/share/texlive/texmf-dist/tex/generic/pst-plot/pst-plot.tex
(/usr/share/texlive/texmf-dist/tex/generic/pst-tools/pst-tools.tex
`PST-tools' v0.05, 2014/05/12 (hv))  v1.70, 2014/08/23 (tvz,hv)
\pstRadUnit=\dimen173
\pstRadUnitInv=\dimen174
\pst@linecnt=\count135
\RCD@file=\read1
\psxlabelsep=\dimen175
\psylabelsep=\dimen176
\psk@subticksize=\dimen177
\pst@xticksizeA=\dimen178
\pst@xticksizeB=\dimen179
\pst@xticksizeC=\dimen180
\pst@yticksizeA=\dimen181
\pst@yticksizeB=\dimen182
\pst@yticksizeC=\dimen183
\@digitcounter=\count136
\psk@llx=\dimen184
\psk@lly=\dimen185
\psk@urx=\dimen186
\psk@ury=\dimen187
\pst@xunit=\dimen188
\pst@yunit=\dimen189
)
File: pst-plot.tex 2014/08/23 1.70 `pst-plot' (tvz,hv)
)
(/usr/share/texlive/texmf-dist/tex/latex/pst-node/pst-node.sty
Package: pst-node 2012/09/18 v1.01 LaTeX wrapper for `pst-node' (HV)
Package: pst-node 2010/04/22 package wrapper for pst-node.tex

(/usr/share/texlive/texmf-dist/tex/generic/pst-node/pst-node.tex
 v1.35, 2014/08/04
\psrow=\count137
\pscol=\count138
\psmatrixcnt=\count139
\psrowsep=\skip52
\pscolsep=\skip53
\pst@args=\count140
\num@pts=\count141
\pst@argcnt=\count142
)
File: pst-node.tex 2014/08/04 1.35 `pst-node' (tvz,hv)
) (/usr/share/texlive/texmf-dist/tex/latex/pst-3d/pst-3d.sty
Package: pst-3d 2009/07/28 package wrapper for pst-3d.tex (hv)
(/usr/share/texlive/texmf-dist/tex/generic/pst-3d/pst-3d.tex
`PST-3d' v1.11, 2010/02/14 (tvz))
File: pst-3d.tex 2010/02/14 v1.11 `PST-3d' (hv)
)
(/usr/share/texlive/texmf-dist/tex/latex/pst-math/pst-math.sty
Package: pst-math 2014/07/30 package wrapper for PSTricks pst-math.tex

(/usr/share/texlive/texmf-dist/tex/generic/pst-math/pst-math.tex
`pst-math' v0.63 , (CJ,hv))
File: pst-math.tex 2014/07/30 v0.63 `PST-math' (hv)
)
Package: pstricks-add 2010/02/11 v. 0.14 package wrapper for pstricks-add.tex (
hv)

(/usr/share/texlive/texmf-dist/tex/generic/pstricks-add/pstricks-add.tex
`pstricks-add' v3.79, 2016/02/09 (dr,hv)
\psparallelogramsep=\dimen190
\pshooklength=\dimen191
\pshookwidth=\dimen192
\pst@cntC=\count143
\chart@ColorIndex=\dimen193
\chart@ColorStep=\dimen194
\pst@chartHeight=\dimen195
\pst@chartStackDepth=\dimen196
\pst@chartStackWidth=\dimen197
\chart@Toggle=\count144
\psVectorCtr=\count145
)
File: pstricks-add.tex 2016/02/09 v3.79 `PSTricks-add' (hv)
Package pstricks-add Info: Local config file pstricks-add.cfg used on input lin
e 20.

(/usr/share/texlive/texmf-dist/tex/latex/pstricks-add/pstricks-add.cfg
File: pstricks-add.cfg 2005/01/10 v0.1 addtional user stuff (hv)
))
(/usr/share/texlive/texmf-dist/tex/latex/yfonts/yfonts.sty
Package: yfonts 2003/01/08 v1.3 (WaS)
Now handling font encoding LY ...
... no UTF-8 mapping file for font encoding LY
Now handling font encoding LYG ...
... no UTF-8 mapping file for font encoding LYG
)
(/usr/share/texlive/texmf-dist/tex/generic/epsf/epsf.sty
This is `epsf.tex' v2.7.4 <14 February 2011>
\epsffilein=\read2
\epsfframemargin=\dimen198
\epsfframethickness=\dimen199
Normal \dimen register pool exhausted, switching to extended pool.
\epsfrsize=\dimen256
\epsftmp=\dimen257
\epsftsize=\dimen258
\epsfxsize=\dimen259
\epsfysize=\dimen260
\pspoints=\dimen261
) (/usr/share/texlive/texmf-dist/tex/latex/wrapfig/wrapfig.sty
\wrapoverhang=\dimen262
\WF@size=\dimen263
\c@WF@wrappedlines=\count146
\WF@box=\box32
\WF@everypar=\toks35
Package: wrapfig 2003/01/31  v 3.6
)
(/usr/share/texlive/texmf-dist/tex/latex/xtab/xtab.sty
Package: xtab 2011/07/31 v2.3f Extended supertabular package
\c@tracingst=\count147
\PWSTcapht=\dimen264
\ST@wd=\dimen265
\ST@rightskip=\skip54
\ST@leftskip=\skip55
\ST@parfillskip=\skip56
\c@PWSTtable=\count148
\PWSTlastpage=\count149
\PWSTpenultimate=\count150
\PWSTcurpage=\count151
\PWSTtempc=\count152
\PWSTlines=\count153
\PWST@lastht=\dimen266
\PWST@generalht=\dimen267
\PWST@ht=\dimen268
\ST@pageleft=\dimen269
\ST@headht=\dimen270
\ST@tailht=\dimen271
\ST@pagesofar=\dimen272
\ST@pboxht=\dimen273
\ST@lineht=\dimen274
\ST@stretchht=\dimen275
\ST@prevht=\dimen276
\ST@toadd=\dimen277
\ST@dimen=\dimen278
\ST@pbox=\box33
)
(/usr/share/texlive/texmf-dist/tex/latex/amsfonts/eucal.sty
Package: eucal 2009/06/22 v3.00 Euler Script fonts
LaTeX Font Info:    Overwriting math alphabet `\EuScript' in version `bold'
(Font)                  U/eus/m/n --> U/eus/b/n on input line 33.
)
(/usr/share/texlive/texmf-dist/tex/latex/jknapltx/mathrsfs.sty
Package: mathrsfs 1996/01/01 Math RSFS package v1.0 (jk)
\symrsfs=\mathgroup4
)
(/usr/share/texlive/texmf-dist/tex/latex/amsmath/amsmath.sty
Package: amsmath 2016/03/03 v2.15a AMS math features
\@mathmargin=\skip57

For additional information on amsmath, use the `?' option.
(/usr/share/texlive/texmf-dist/tex/latex/amsmath/amstext.sty
Package: amstext 2000/06/29 v2.01 AMS text

(/usr/share/texlive/texmf-dist/tex/latex/amsmath/amsgen.sty
File: amsgen.sty 1999/11/30 v2.0 generic functions
\@emptytoks=\toks36
\ex@=\dimen279
))
(/usr/share/texlive/texmf-dist/tex/latex/amsmath/amsbsy.sty
Package: amsbsy 1999/11/29 v1.2d Bold Symbols
\pmbraise@=\dimen280
)
(/usr/share/texlive/texmf-dist/tex/latex/amsmath/amsopn.sty
Package: amsopn 1999/12/14 v2.01 operator names
)
\inf@bad=\count154
LaTeX Info: Redefining \frac on input line 199.
\uproot@=\count155
\leftroot@=\count156
LaTeX Info: Redefining \overline on input line 297.
\classnum@=\count157
\DOTSCASE@=\count158
LaTeX Info: Redefining \ldots on input line 394.
LaTeX Info: Redefining \dots on input line 397.
LaTeX Info: Redefining \cdots on input line 518.
\Mathstrutbox@=\box34
\strutbox@=\box35
\big@size=\dimen281
LaTeX Font Info:    Redeclaring font encoding OML on input line 630.
LaTeX Font Info:    Redeclaring font encoding OMS on input line 631.
\macc@depth=\count159
\c@MaxMatrixCols=\count160
\dotsspace@=\muskip10
\c@parentequation=\count161
\dspbrk@lvl=\count162
\tag@help=\toks37
\row@=\count163
\column@=\count164
\maxfields@=\count165
\andhelp@=\toks38
\eqnshift@=\dimen282
\alignsep@=\dimen283
\tagshift@=\dimen284
\tagwidth@=\dimen285
\totwidth@=\dimen286
\lineht@=\dimen287
\@envbody=\toks39
\multlinegap=\skip58
\multlinetaggap=\skip59
\mathdisplay@stack=\toks40
LaTeX Info: Redefining \[ on input line 2735.
LaTeX Info: Redefining \] on input line 2736.
)
(/usr/share/texlive/texmf-dist/tex/latex/amsfonts/amssymb.sty
Package: amssymb 2013/01/14 v3.01 AMS font symbols

(/usr/share/texlive/texmf-dist/tex/latex/amsfonts/amsfonts.sty
Package: amsfonts 2013/01/14 v3.01 Basic AMSFonts support
\symAMSa=\mathgroup5
\symAMSb=\mathgroup6
LaTeX Font Info:    Overwriting math alphabet `\mathfrak' in version `bold'
(Font)                  U/euf/m/n --> U/euf/b/n on input line 106.
))
(/usr/share/texlive/texmf-dist/tex/latex/base/textcomp.sty
Package: textcomp 2005/09/27 v1.99g Standard LaTeX package
Package textcomp Info: Sub-encoding information:
(textcomp)               5 = only ISO-Adobe without \textcurrency
(textcomp)               4 = 5 + \texteuro
(textcomp)               3 = 4 + \textohm
(textcomp)               2 = 3 + \textestimated + \textcurrency
(textcomp)               1 = TS1 - \textcircled - \t
(textcomp)               0 = TS1 (full)
(textcomp)             Font families with sub-encoding setting implement
(textcomp)             only a restricted character set as indicated.
(textcomp)             Family '?' is the default used for unknown fonts.
(textcomp)             See the documentation for details.
Package textcomp Info: Setting ? sub-encoding to TS1/1 on input line 79.

(/usr/share/texlive/texmf-dist/tex/latex/base/ts1enc.def
File: ts1enc.def 2001/06/05 v3.0e (jk/car/fm) Standard LaTeX file
Now handling font encoding TS1 ...
... processing UTF-8 mapping file for font encoding TS1

(/usr/share/texlive/texmf-dist/tex/latex/base/ts1enc.dfu
File: ts1enc.dfu 2015/12/03 v1.1r UTF-8 support for inputenc
   defining Unicode char U+00A2 (decimal 162)
   defining Unicode char U+00A3 (decimal 163)
   defining Unicode char U+00A4 (decimal 164)
   defining Unicode char U+00A5 (decimal 165)
   defining Unicode char U+00A6 (decimal 166)
   defining Unicode char U+00A7 (decimal 167)
   defining Unicode char U+00A8 (decimal 168)
   defining Unicode char U+00A9 (decimal 169)
   defining Unicode char U+00AA (decimal 170)
   defining Unicode char U+00AC (decimal 172)
   defining Unicode char U+00AE (decimal 174)
   defining Unicode char U+00AF (decimal 175)
   defining Unicode char U+00B0 (decimal 176)
   defining Unicode char U+00B1 (decimal 177)
   defining Unicode char U+00B2 (decimal 178)
   defining Unicode char U+00B3 (decimal 179)
   defining Unicode char U+00B4 (decimal 180)
   defining Unicode char U+00B5 (decimal 181)
   defining Unicode char U+00B6 (decimal 182)
   defining Unicode char U+00B7 (decimal 183)
   defining Unicode char U+00B9 (decimal 185)
   defining Unicode char U+00BA (decimal 186)
   defining Unicode char U+00BC (decimal 188)
   defining Unicode char U+00BD (decimal 189)
   defining Unicode char U+00BE (decimal 190)
   defining Unicode char U+00D7 (decimal 215)
   defining Unicode char U+00F7 (decimal 247)
   defining Unicode char U+0192 (decimal 402)
   defining Unicode char U+02C7 (decimal 711)
   defining Unicode char U+02D8 (decimal 728)
   defining Unicode char U+02DD (decimal 733)
   defining Unicode char U+0E3F (decimal 3647)
   defining Unicode char U+2016 (decimal 8214)
   defining Unicode char U+2020 (decimal 8224)
   defining Unicode char U+2021 (decimal 8225)
   defining Unicode char U+2022 (decimal 8226)
   defining Unicode char U+2030 (decimal 8240)
   defining Unicode char U+2031 (decimal 8241)
   defining Unicode char U+203B (decimal 8251)
   defining Unicode char U+203D (decimal 8253)
   defining Unicode char U+2044 (decimal 8260)
   defining Unicode char U+204E (decimal 8270)
   defining Unicode char U+2052 (decimal 8274)
   defining Unicode char U+20A1 (decimal 8353)
   defining Unicode char U+20A4 (decimal 8356)
   defining Unicode char U+20A6 (decimal 8358)
   defining Unicode char U+20A9 (decimal 8361)
   defining Unicode char U+20AB (decimal 8363)
   defining Unicode char U+20AC (decimal 8364)
   defining Unicode char U+20B1 (decimal 8369)
   defining Unicode char U+2103 (decimal 8451)
   defining Unicode char U+2116 (decimal 8470)
   defining Unicode char U+2117 (decimal 8471)
   defining Unicode char U+211E (decimal 8478)
   defining Unicode char U+2120 (decimal 8480)
   defining Unicode char U+2122 (decimal 8482)
   defining Unicode char U+2126 (decimal 8486)
   defining Unicode char U+2127 (decimal 8487)
   defining Unicode char U+212E (decimal 8494)
   defining Unicode char U+2190 (decimal 8592)
   defining Unicode char U+2191 (decimal 8593)
   defining Unicode char U+2192 (decimal 8594)
   defining Unicode char U+2193 (decimal 8595)
   defining Unicode char U+2329 (decimal 9001)
   defining Unicode char U+232A (decimal 9002)
   defining Unicode char U+2422 (decimal 9250)
   defining Unicode char U+25E6 (decimal 9702)
   defining Unicode char U+25EF (decimal 9711)
   defining Unicode char U+266A (decimal 9834)
))
LaTeX Info: Redefining \oldstylenums on input line 334.
Package textcomp Info: Setting cmr sub-encoding to TS1/0 on input line 349.
Package textcomp Info: Setting cmss sub-encoding to TS1/0 on input line 350.
Package textcomp Info: Setting cmtt sub-encoding to TS1/0 on input line 351.
Package textcomp Info: Setting cmvtt sub-encoding to TS1/0 on input line 352.
Package textcomp Info: Setting cmbr sub-encoding to TS1/0 on input line 353.
Package textcomp Info: Setting cmtl sub-encoding to TS1/0 on input line 354.
Package textcomp Info: Setting ccr sub-encoding to TS1/0 on input line 355.
Package textcomp Info: Setting ptm sub-encoding to TS1/4 on input line 356.
Package textcomp Info: Setting pcr sub-encoding to TS1/4 on input line 357.
Package textcomp Info: Setting phv sub-encoding to TS1/4 on input line 358.
Package textcomp Info: Setting ppl sub-encoding to TS1/3 on input line 359.
Package textcomp Info: Setting pag sub-encoding to TS1/4 on input line 360.
Package textcomp Info: Setting pbk sub-encoding to TS1/4 on input line 361.
Package textcomp Info: Setting pnc sub-encoding to TS1/4 on input line 362.
Package textcomp Info: Setting pzc sub-encoding to TS1/4 on input line 363.
Package textcomp Info: Setting bch sub-encoding to TS1/4 on input line 364.
Package textcomp Info: Setting put sub-encoding to TS1/5 on input line 365.
Package textcomp Info: Setting uag sub-encoding to TS1/5 on input line 366.
Package textcomp Info: Setting ugq sub-encoding to TS1/5 on input line 367.
Package textcomp Info: Setting ul8 sub-encoding to TS1/4 on input line 368.
Package textcomp Info: Setting ul9 sub-encoding to TS1/4 on input line 369.
Package textcomp Info: Setting augie sub-encoding to TS1/5 on input line 370.
Package textcomp Info: Setting dayrom sub-encoding to TS1/3 on input line 371.
Package textcomp Info: Setting dayroms sub-encoding to TS1/3 on input line 372.

Package textcomp Info: Setting pxr sub-encoding to TS1/0 on input line 373.
Package textcomp Info: Setting pxss sub-encoding to TS1/0 on input line 374.
Package textcomp Info: Setting pxtt sub-encoding to TS1/0 on input line 375.
Package textcomp Info: Setting txr sub-encoding to TS1/0 on input line 376.
Package textcomp Info: Setting txss sub-encoding to TS1/0 on input line 377.
Package textcomp Info: Setting txtt sub-encoding to TS1/0 on input line 378.
Package textcomp Info: Setting lmr sub-encoding to TS1/0 on input line 379.
Package textcomp Info: Setting lmdh sub-encoding to TS1/0 on input line 380.
Package textcomp Info: Setting lmss sub-encoding to TS1/0 on input line 381.
Package textcomp Info: Setting lmssq sub-encoding to TS1/0 on input line 382.
Package textcomp Info: Setting lmvtt sub-encoding to TS1/0 on input line 383.
Package textcomp Info: Setting lmtt sub-encoding to TS1/0 on input line 384.
Package textcomp Info: Setting qhv sub-encoding to TS1/0 on input line 385.
Package textcomp Info: Setting qag sub-encoding to TS1/0 on input line 386.
Package textcomp Info: Setting qbk sub-encoding to TS1/0 on input line 387.
Package textcomp Info: Setting qcr sub-encoding to TS1/0 on input line 388.
Package textcomp Info: Setting qcs sub-encoding to TS1/0 on input line 389.
Package textcomp Info: Setting qpl sub-encoding to TS1/0 on input line 390.
Package textcomp Info: Setting qtm sub-encoding to TS1/0 on input line 391.
Package textcomp Info: Setting qzc sub-encoding to TS1/0 on input line 392.
Package textcomp Info: Setting qhvc sub-encoding to TS1/0 on input line 393.
Package textcomp Info: Setting futs sub-encoding to TS1/4 on input line 394.
Package textcomp Info: Setting futx sub-encoding to TS1/4 on input line 395.
Package textcomp Info: Setting futj sub-encoding to TS1/4 on input line 396.
Package textcomp Info: Setting hlh sub-encoding to TS1/3 on input line 397.
Package textcomp Info: Setting hls sub-encoding to TS1/3 on input line 398.
Package textcomp Info: Setting hlst sub-encoding to TS1/3 on input line 399.
Package textcomp Info: Setting hlct sub-encoding to TS1/5 on input line 400.
Package textcomp Info: Setting hlx sub-encoding to TS1/5 on input line 401.
Package textcomp Info: Setting hlce sub-encoding to TS1/5 on input line 402.
Package textcomp Info: Setting hlcn sub-encoding to TS1/5 on input line 403.
Package textcomp Info: Setting hlcw sub-encoding to TS1/5 on input line 404.
Package textcomp Info: Setting hlcf sub-encoding to TS1/5 on input line 405.
Package textcomp Info: Setting pplx sub-encoding to TS1/3 on input line 406.
Package textcomp Info: Setting pplj sub-encoding to TS1/3 on input line 407.
Package textcomp Info: Setting ptmx sub-encoding to TS1/4 on input line 408.
Package textcomp Info: Setting ptmj sub-encoding to TS1/4 on input line 409.
)
(/usr/share/texlive/texmf-dist/tex/latex/footmisc/footmisc.sty
Package: footmisc 2011/06/06 v5.5b a miscellany of footnote facilities
\FN@temptoken=\toks41
\footnotemargin=\dimen288
\c@pp@next@reset=\count166
Package footmisc Info: Declaring symbol style bringhurst on input line 855.
Package footmisc Info: Declaring symbol style chicago on input line 863.
Package footmisc Info: Declaring symbol style wiley on input line 872.
Package footmisc Info: Declaring symbol style lamport-robust on input line 883.

Package footmisc Info: Declaring symbol style lamport* on input line 903.
Package footmisc Info: Declaring symbol style lamport*-robust on input line 924
.
)
(/usr/share/texlive/texmf-dist/tex/latex/base/ifthen.sty
Package: ifthen 2014/09/29 v1.1c Standard LaTeX ifthen package (DPC)
)
(/usr/share/texlive/texmf-dist/tex/latex/float/float.sty
Package: float 2001/11/08 v1.3d Float enhancements (AL)
\c@float@type=\count167
\float@exts=\toks42
\float@box=\box36
\@float@everytoks=\toks43
\@floatcapt=\box37
) (./algorithm2e.sty
Package: algorithm2e 2013/01/06 v5.00 algorithms environments
\c@AlgoLine=\count168

(/usr/share/texlive/texmf-dist/tex/latex/tools/xspace.sty
Package: xspace 2014/10/28 v1.13 Space after command names (DPC,MH)
)
(/usr/share/texlive/texmf-dist/tex/latex/relsize/relsize.sty
Package: relsize 2013/03/29 ver 4.1
)
********************************************************
Package `algorithm2e' Release 5.0 -- january 06 2013 --
- algorithm2e-announce@lirmm.fr mailing list for announcement about releases
- algorithm2e-discussion@lirmm.fr mailing list for discussion about package
subscribe by emailing sympa@lirmm.fr with 'subscribe <list> <firstname name>'
- Author: Christophe Fiorio (cfiorio@um2.fr)
********************************************************
\skiptotal=\skip60
\skiplinenumber=\skip61
\skiprule=\skip62
\skiphlne=\skip63
\skiptext=\skip64
\skiplength=\skip65
\algomargin=\skip66
\skipalgocfslide=\skip67
\algowidth=\dimen289
\inoutsize=\dimen290
\inoutindent=\dimen291
\interspacetitleruled=\dimen292
\interspacealgoruled=\dimen293
\interspacetitleboxruled=\dimen294
\algocf@inoutbox=\box38
\algocf@inputbox=\box39
\AlCapSkip=\skip68
\AlCapHSkip=\skip69
\algoskipindent=\skip70
\algocf@nlbox=\box40
\algocf@hangingbox=\box41
\algocf@untilbox=\box42
\algocf@skipuntil=\skip71
\algocf@capbox=\box43
\algoheightruledefault=\skip72
\algoheightrule=\skip73
\algotitleheightruledefault=\skip74
\algotitleheightrule=\skip75
\c@algocfline=\count169
\c@algocfproc=\count170
\c@algocf=\count171
\algocf@algoframe=\box44
\algocf@algobox=\box45
) (/usr/share/texlive/texmf-dist/tex/latex/quotchap/quotchap.sty
Package: quotchap 2012/10/20 v1.1 Decorative Chapter Headings with Quotes
\@quotebox=\box46
)
(./IEEEtrantools_mod.sty
Package: IEEEtrantools_mod 2002/11/18 revision V1.1 by Michael Shell

-- See the "IEEEtrantools_doc.txt" manual for usage information.
\@IEEEtrantmpdimenA=\dimen295
\@IEEEtrantmpdimenB=\dimen296
\@IEEEtrantmpcountA=\count172
\@IEEEtrantmpcountB=\count173
\@IEEEtrantmptoksA=\toks44
\normalsizebaselineskip=\skip76
\normaljot=\skip77
\IEEEilabelindentA=\dimen297
\IEEEilabelindentB=\dimen298
\IEEEilabelindent=\dimen299
\IEEEelabelindent=\dimen300
\IEEEdlabelindent=\dimen301
\labelindent=\dimen302
\IEEEiednormlabelsep=\dimen303
\IEEEiedmathlabelsep=\dimen304
\IEEEiedtopsep=\skip78
\c@IEEEsubequation=\count174
\@IEEEeqnnumcols=\count175
\@IEEEeqncolcnt=\count176
) (/usr/share/texlive/texmf-dist/tex/latex/graphics/lscape.sty
Package: lscape 2000/10/22 v3.01 Landscape Pages (DPC)
)
(/usr/share/texlive/texmf-dist/tex/latex/nomencl/nomencl.sty
Package: nomencl 2005/09/22 v4.2 Nomenclature package (LN)
\nomlabelwidth=\dimen305
\nom@tempdim=\dimen306
\nomitemsep=\skip79
)
\@nomenclaturefile=\write3
\openout3 = `Dissertacao.nlo'.


Writing nomenclature file Dissertacao.nlo
(/usr/share/texlive/texmf-dist/tex/latex/tocbibind/tocbibind.sty
Package: tocbibind 2010/10/13 v1.5k extra ToC listings
Package tocbibind Info: The document has chapter divisions on input line 50.


Package tocbibind Note: Using chapter style headings, unless overridden.

) (/usr/share/texlive/texmf-dist/tex/latex/lastpage/lastpage.sty
Package: lastpage 2015/03/29 v1.2m Refers to last page's name (HMM; JPG)
)
(/usr/share/texlive/texmf-dist/tex/latex/setspace/setspace.sty
Package: setspace 2011/12/19 v6.7a set line spacing
)
(/usr/share/texlive/texmf-dist/tex/latex/abntex2/abntex2cite.sty
Package: abntex2cite 2016/02/26 v-1.9.6 abnTeX2

(/usr/share/texlive/texmf-dist/tex/latex/tools/calc.sty
Package: calc 2014/10/28 v4.3 Infix arithmetic (KKT,FJ)
\calc@Acount=\count177
\calc@Bcount=\count178
\calc@Adimen=\dimen307
\calc@Bdimen=\dimen308
\calc@Askip=\skip80
\calc@Bskip=\skip81
LaTeX Info: Redefining \setlength on input line 80.
LaTeX Info: Redefining \addtolength on input line 81.
\calc@Ccount=\count179
\calc@Cskip=\skip82
)
(/usr/share/texlive/texmf-dist/tex/latex/abntex2/abntex2abrev.sty)
(/usr/share/texlive/texmf-dist/tex/latex/url/url.sty
\Urlmuskip=\muskip11
Package: url 2013/09/16  ver 3.4  Verb mode for urls, etc.
)
\minimumbiblabelwidth=\skip83
\ABCIauxlen=\skip84
\c@ABCIaux=\count180
\c@ABCImax=\count181
\biblabelsep=\skip85
LaTeX Info: Redefining \newblock on input line 591.
LaTeX Info: Redefining \cite on input line 862.
\ABCItoken=\toks45
)
(/usr/share/texlive/texmf-dist/tex/latex/epigraph/epigraph.sty
Package: epigraph 2009/09/02 v1.5c typesetting epigraphs
\beforeepigraphskip=\skip86
\afterepigraphskip=\skip87
\epigraphwidth=\skip88
\epigraphrule=\skip89
)
(/usr/share/texlive/texmf-dist/tex/latex/ms/ragged2e.sty
Package: ragged2e 2009/05/21 v2.1 ragged2e Package (MS)

(/usr/share/texlive/texmf-dist/tex/latex/ms/everysel.sty
Package: everysel 2011/10/28 v1.2 EverySelectfont Package (MS)
)
\CenteringLeftskip=\skip90
\RaggedLeftLeftskip=\skip91
\RaggedRightLeftskip=\skip92
\CenteringRightskip=\skip93
\RaggedLeftRightskip=\skip94
\RaggedRightRightskip=\skip95
\CenteringParfillskip=\skip96
\RaggedLeftParfillskip=\skip97
\RaggedRightParfillskip=\skip98
\JustifyingParfillskip=\skip99
\CenteringParindent=\skip100
\RaggedLeftParindent=\skip101
\RaggedRightParindent=\skip102
\JustifyingParindent=\skip103
)
(/usr/share/texlive/texmf-dist/tex/latex/lipsum/lipsum.sty
Package: lipsum 2014/07/27 v1.3 150 paragraphs of Lorem Ipsum dummy text
\c@lips@count=\count182
)
(/usr/share/texlive/texmf-dist/tex/latex/oberdiek/epstopdf.sty
Package: epstopdf 2010/02/09 v2.5 Conversion with epstopdf on the fly (HO)

(/usr/share/texlive/texmf-dist/tex/latex/oberdiek/epstopdf-base.sty
Package: epstopdf-base 2010/02/09 v2.5 Base part for package epstopdf

(/usr/share/texlive/texmf-dist/tex/latex/oberdiek/grfext.sty
Package: grfext 2010/08/19 v1.1 Manage graphics extensions (HO)

(/usr/share/texlive/texmf-dist/tex/generic/oberdiek/kvdefinekeys.sty
Package: kvdefinekeys 2011/04/07 v1.3 Define keys (HO)
))
(/usr/share/texlive/texmf-dist/tex/latex/oberdiek/kvoptions.sty
Package: kvoptions 2011/06/30 v3.11 Key value format for package options (HO)

(/usr/share/texlive/texmf-dist/tex/generic/oberdiek/kvsetkeys.sty
Package: kvsetkeys 2012/04/25 v1.16 Key value parser (HO)

(/usr/share/texlive/texmf-dist/tex/generic/oberdiek/etexcmds.sty
Package: etexcmds 2011/02/16 v1.5 Avoid name clashes with e-TeX commands (HO)

(/usr/share/texlive/texmf-dist/tex/generic/oberdiek/ifluatex.sty
Package: ifluatex 2010/03/01 v1.3 Provides the ifluatex switch (HO)
Package ifluatex Info: LuaTeX not detected.
)
Package etexcmds Info: Could not find \expanded.
(etexcmds)             That can mean that you are not using pdfTeX 1.50 or
(etexcmds)             that some package has redefined \expanded.
(etexcmds)             In the latter case, load this package earlier.
)))
(/usr/share/texlive/texmf-dist/tex/generic/oberdiek/pdftexcmds.sty
Package: pdftexcmds 2011/11/29 v0.20 Utility functions of pdfTeX for LuaTeX (HO
)
Package pdftexcmds Info: LuaTeX not detected.
Package pdftexcmds Info: \pdf@primitive is available.
Package pdftexcmds Info: \pdf@ifprimitive is available.
Package pdftexcmds Info: \pdfdraftmode found.
)
Package epstopdf-base Info: Redefining graphics rule for `.eps' on input line 4
34.
Package grfext Info: Graphics extension search list:
(grfext)             [.png,.pdf,.jpg,.mps,.jpeg,.jbig2,.jb2,.PNG,.PDF,.JPG,.JPE
G,.JBIG2,.JB2,.eps]
(grfext)             \AppendGraphicsExtensions on input line 452.

(/usr/share/texlive/texmf-dist/tex/latex/latexconfig/epstopdf-sys.cfg
File: epstopdf-sys.cfg 2010/07/13 v1.3 Configuration of (r)epstopdf for TeX Liv
e
))))
(./Dissertacao.aux (./Pre-textual/Capa.aux) (./Pre-textual/FolhaRosto.aux)
(./Textual/1_introducao.aux) (./Textual/2_estado_arte.aux)
(./Textual/3_metodologia.aux) (./Textual/4_simulacao.aux

LaTeX Warning: Label `fig:Km70BR101' multiply defined.


LaTeX Warning: Label `fig:MatrizMortos2d-101' multiply defined.


LaTeX Warning: Label `fig:MatrizMortos2d-101' multiply defined.

) (./Textual/5_conclusao.aux) (./Textual/Anexo1.aux))
\openout1 = `Dissertacao.aux'.

LaTeX Font Info:    Checking defaults for OML/cmm/m/it on input line 8.
LaTeX Font Info:    ... okay on input line 8.
LaTeX Font Info:    Checking defaults for T1/cmr/m/n on input line 8.
LaTeX Font Info:    ... okay on input line 8.
LaTeX Font Info:    Checking defaults for OT1/cmr/m/n on input line 8.
LaTeX Font Info:    ... okay on input line 8.
LaTeX Font Info:    Checking defaults for OMS/cmsy/m/n on input line 8.
LaTeX Font Info:    ... okay on input line 8.
LaTeX Font Info:    Checking defaults for OMX/cmex/m/n on input line 8.
LaTeX Font Info:    ... okay on input line 8.
LaTeX Font Info:    Checking defaults for U/cmr/m/n on input line 8.
LaTeX Font Info:    ... okay on input line 8.
LaTeX Font Info:    Checking defaults for LY/yfrak/m/n on input line 8.
LaTeX Font Info:    ... okay on input line 8.
LaTeX Font Info:    Checking defaults for LYG/ygoth/m/n on input line 8.
LaTeX Font Info:    ... okay on input line 8.
LaTeX Font Info:    Checking defaults for TS1/cmr/m/n on input line 8.
LaTeX Font Info:    Try loading font information for TS1+cmr on input line 8.

(/usr/share/texlive/texmf-dist/tex/latex/base/ts1cmr.fd
File: ts1cmr.fd 2014/09/29 v2.5h Standard LaTeX font definitions
)
LaTeX Font Info:    ... okay on input line 8.

*geometry* driver: auto-detecting
*geometry* detected driver: pdftex
*geometry* verbose mode - [ preamble ] result:
* driver: pdftex
* paper: a4paper
* layout: <same size as paper>
* layoutoffset:(h,v)=(0.0pt,0.0pt)
* modes: 
* h-part:(L,W,R)=(85.35826pt, 455.24411pt, 56.9055pt)
* v-part:(T,H,B)=(85.35826pt, 702.78308pt, 56.9055pt)
* \paperwidth=597.50787pt
* \paperheight=845.04684pt
* \textwidth=455.24411pt
* \textheight=702.78308pt
* \oddsidemargin=13.08827pt
* \evensidemargin=13.08827pt
* \topmargin=-23.91173pt
* \headheight=12.0pt
* \headsep=25.0pt
* \topskip=12.0pt
* \footskip=30.0pt
* \marginparwidth=35.0pt
* \marginparsep=10.0pt
* \columnsep=10.0pt
* \skip\footins=10.8pt plus 4.0pt minus 2.0pt
* \hoffset=0.0pt
* \voffset=0.0pt
* \mag=1000
* \@twocolumnfalse
* \@twosidefalse
* \@mparswitchfalse
* \@reversemarginfalse
* (1in=72.27pt=25.4mm, 1cm=28.453pt)

(/usr/share/texlive/texmf-dist/tex/context/base/supp-pdf.mkii
[Loading MPS to PDF converter (version 2006.09.02).]
\scratchcounter=\count183
\scratchdimen=\dimen309
\scratchbox=\box47
\nofMPsegments=\count184
\nofMParguments=\count185
\everyMPshowfont=\toks46
\MPscratchCnt=\count186
\MPscratchDim=\dimen310
\MPnumerator=\count187
\makeMPintoPDFobject=\count188
\everyMPtoPDFconversion=\toks47
)
Package lastpage Info: Please have a look at the pageslts package at
(lastpage)             https://www.ctan.org/pkg/pageslts
(lastpage)             ! on input line 8.
 ABD: EverySelectfont initializing macros
LaTeX Info: Redefining \selectfont on input line 8.
\openout2 = `Pre-textual/Capa.aux'.

 (./Pre-textual/Capa.tex
Package epstopdf Info: Source file: <Figuras/Capa/upelogo.eps>
(epstopdf)                    date: 2017-05-18 09:09:58
(epstopdf)                    size: 45051 bytes
(epstopdf)             Output file: <Figuras/Capa/upelogo-eps-converted-to.pdf>

(epstopdf)                    date: 2017-05-18 09:09:58
(epstopdf)                    size: 13855 bytes
(epstopdf)             Command: <repstopdf --outfile=Figuras/Capa/upelogo-eps-c
onverted-to.pdf Figuras/Capa/upelogo.eps>
(epstopdf)             \includegraphics on input line 12.
Package epstopdf Info: Output file is already uptodate.

<Figuras/Capa/upelogo-eps-converted-to.pdf, id=2, 195.73125pt x 127.47626pt>
File: Figuras/Capa/upelogo-eps-converted-to.pdf Graphic file (type pdf)

<use Figuras/Capa/upelogo-eps-converted-to.pdf>
Package pdftex.def Info: Figuras/Capa/upelogo-eps-converted-to.pdf used on inpu
t line 12.
(pdftex.def)             Requested size: 51.21446pt x 42.68001pt.

<Figuras/Capa/logoPoli.jpg, id=3, 463.7325pt x 301.125pt>
File: Figuras/Capa/logoPoli.jpg Graphic file (type jpg)

<use Figuras/Capa/logoPoli.jpg>
Package pdftex.def Info: Figuras/Capa/logoPoli.jpg used on input line 14.
(pdftex.def)             Requested size: 54.05339pt x 48.36937pt.

<Figuras/Capa/icblogo.png, id=4, 126.4725pt x 32.5215pt>
File: Figuras/Capa/icblogo.png Graphic file (type png)

<use Figuras/Capa/icblogo.png>
Package pdftex.def Info: Figuras/Capa/icblogo.png used on input line 16.
(pdftex.def)             Requested size: 128.03918pt x 42.68137pt.

<Figuras/Capa/logo_ppges3.png, id=6, 356.0803pt x 246.1697pt>
File: Figuras/Capa/logo_ppges3.png Graphic file (type png)

<use Figuras/Capa/logo_ppges3.png>
Package pdftex.def Info: Figuras/Capa/logo_ppges3.png used on input line 31.
(pdftex.def)             Requested size: 288.10834pt x 199.16928pt.
 [1
Non-PDF special ignored!
Non-PDF special ignored!
Non-PDF special ignored!
Non-PDF special ignored!
Non-PDF special ignored!
Non-PDF special ignored!
Non-PDF special ignored!
Non-PDF special ignored!


Non-PDF special ignored!
Non-PDF special ignored!
Non-PDF special ignored!
Non-PDF special ignored!

{/var/lib/texmf/fonts/map/pdftex/updmap/pdftex.map} <./Figuras/Capa/upelogo-eps
-converted-to.pdf> <./Figuras/Capa/logoPoli.jpg> <./Figuras/Capa/icblogo.png> <
./Figuras/Capa/logo_ppges3.png (PNG copy)>])
\openout2 = `Pre-textual/FolhaRosto.aux'.


(./Pre-textual/FolhaRosto.tex
Package epstopdf Info: Source file: <Figuras/Capa/brasao_upe.eps>
(epstopdf)                    date: 2017-05-18 09:09:58
(epstopdf)                    size: 197068 bytes
(epstopdf)             Output file: <Figuras/Capa/brasao_upe-eps-converted-to.p
df>
(epstopdf)                    date: 2017-05-18 09:09:58
(epstopdf)                    size: 53968 bytes
(epstopdf)             Command: <repstopdf --outfile=Figuras/Capa/brasao_upe-ep
s-converted-to.pdf Figuras/Capa/brasao_upe.eps>
(epstopdf)             \includegraphics on input line 9.
Package epstopdf Info: Output file is already uptodate.

<Figuras/Capa/brasao_upe-eps-converted-to.pdf, id=19, 367.3725pt x 458.71375pt>
File: Figuras/Capa/brasao_upe-eps-converted-to.pdf Graphic file (type pdf)
<use Figuras/Capa/brasao_upe-eps-converted-to.pdf>
Package pdftex.def Info: Figuras/Capa/brasao_upe-eps-converted-to.pdf used on i
nput line 9.
(pdftex.def)             Requested size: 45.57388pt x 56.9055pt.
<<ot1.cmap>><<oml.cmap>><<oms.cmap>><<omx.cmap>>
LaTeX Font Info:    Try loading font information for U+rsfs on input line 49.
 (/usr/share/texlive/texmf-dist/tex/latex/jknapltx/ursfs.fd
File: ursfs.fd 1998/03/24 rsfs font definition file (jk)
)) [1


 <./Figuras/Capa/brasao_upe-eps-converted-to.pdf>]
(./Pre-textual/Epigrafe.tex) [2

]
LaTeX Font Info:    Try loading font information for T1+put on input line 26.

(/usr/share/texlive/texmf-dist/tex/latex/psnfss/t1put.fd
File: t1put.fd 2001/06/04 font definitions for T1/put.
)
(./Pre-textual/dedicatoria.tex) [3

] (./Pre-textual/Agradecimentos.tex
Underfull \hbox (badness 10000) in paragraph at lines 1--2

 []


Underfull \hbox (badness 10000) in paragraph at lines 3--4

 []


Underfull \hbox (badness 10000) in paragraph at lines 5--6

 []


Underfull \hbox (badness 10000) in paragraph at lines 7--8

 []


Underfull \hbox (badness 10000) in paragraph at lines 9--10

 []


Underfull \hbox (badness 10000) in paragraph at lines 11--12

 []


Underfull \hbox (badness 10000) in paragraph at lines 13--14

 []


Underfull \hbox (badness 10000) in paragraph at lines 15--16

 []


Underfull \hbox (badness 10000) in paragraph at lines 17--18

 []

) [4

] (./Pre-textual/resumo.tex

LaTeX Font Warning: Font shape `T1/cmr/m/n' in size <30.28938> not available
(Font)              size <29.86> substituted on input line 3.

) [5

] (./Pre-textual/abstract.tex) [6

] (./Pre-textual/Abreviacao.tex) [7

]
(./Dissertacao.lof [8

])
\tf@lof=\write4
\openout4 = `Dissertacao.lof'.

 [9] (./Dissertacao.lot)
\tf@lot=\write5
\openout5 = `Dissertacao.lot'.

 [10

] (./Dissertacao.toc
[11

])
\tf@toc=\write6
\openout6 = `Dissertacao.toc'.

 [12] (./Textual/Epigrafe_2.tex) [13

]
\openout2 = `Textual/1_introducao.aux'.

 (./Textual/1_introducao.tex
Cap\'{\i }tulo 1.
[14


] [15] [16]) [17]
\openout2 = `Textual/2_estado_arte.aux'.

 (./Textual/2_estado_arte.tex
Cap\'{\i }tulo 2.
[18



] <Figuras/BigData/RelacaoCrispKddDm.png, id=92, 572.1375pt x 358.33875pt>
File: Figuras/BigData/RelacaoCrispKddDm.png Graphic file (type png)

<use Figuras/BigData/RelacaoCrispKddDm.png>
Package pdftex.def Info: Figuras/BigData/RelacaoCrispKddDm.png used on input li
ne 83.
(pdftex.def)             Requested size: 256.0714pt x 113.80682pt.
 [19]
<Figuras/BigData/CrispDM.png, id=97, 718.685pt x 531.9875pt>
File: Figuras/BigData/CrispDM.png Graphic file (type png)

<use Figuras/BigData/CrispDM.png>
Package pdftex.def Info: Figuras/BigData/CrispDM.png used on input line 100.
(pdftex.def)             Requested size: 284.52995pt x 213.39192pt.

<Figuras/Cronograma/Entendimento.png, id=98, 714.67pt x 435.6275pt>
File: Figuras/Cronograma/Entendimento.png Graphic file (type png)

<use Figuras/Cronograma/Entendimento.png>
Package pdftex.def Info: Figuras/Cronograma/Entendimento.png used on input line
 115.
(pdftex.def)             Requested size: 341.43466pt x 213.39287pt.
 [20 <./Figuras/BigData/RelacaoCrispKddDm.png> <./Figuras/BigData/CrispDM.png>]

<Figuras/Cronograma/EntendDados.png, id=104, 659.46375pt x 421.575pt>
File: Figuras/Cronograma/EntendDados.png Graphic file (type png)

<use Figuras/Cronograma/EntendDados.png>
Package pdftex.def Info: Figuras/Cronograma/EntendDados.png used on input line 
131.
(pdftex.def)             Requested size: 341.44391pt x 213.39865pt.
 [21 <./Figuras/Cronograma/Entendimento.png> <./Figuras/Cronograma/EntendDados.
png>]
<Figuras/Cronograma/PreparaDados.png, id=108, 659.46375pt x 505.89pt>
File: Figuras/Cronograma/PreparaDados.png Graphic file (type png)

<use Figuras/Cronograma/PreparaDados.png>
Package pdftex.def Info: Figuras/Cronograma/PreparaDados.png used on input line
 149.
(pdftex.def)             Requested size: 341.44391pt x 256.07838pt.

<Figuras/Cronograma/Model_IA.png, id=109, 665.48625pt x 404.51125pt>
File: Figuras/Cronograma/Model_IA.png Graphic file (type png)

<use Figuras/Cronograma/Model_IA.png>
Package pdftex.def Info: Figuras/Cronograma/Model_IA.png used on input line 163
.
(pdftex.def)             Requested size: 341.43454pt x 224.77797pt.
 [22 <./Figuras/Cronograma/PreparaDados.png>] <Figuras/Cronograma/Avaliacao.png
, id=123, 665.48625pt x 314.17375pt>
File: Figuras/Cronograma/Avaliacao.png Graphic file (type png)

<use Figuras/Cronograma/Avaliacao.png>
Package pdftex.def Info: Figuras/Cronograma/Avaliacao.png used on input line 17
9.
(pdftex.def)             Requested size: 341.43454pt x 184.93903pt.
 [23 <./Figuras/Cronograma/Model_IA.png> <./Figuras/Cronograma/Avaliacao.png>]
<Figuras/Cronograma/Implantacao.png, id=127, 665.48625pt x 393.47pt>
File: Figuras/Cronograma/Implantacao.png Graphic file (type png)

<use Figuras/Cronograma/Implantacao.png>
Package pdftex.def Info: Figuras/Cronograma/Implantacao.png used on input line 
193.
(pdftex.def)             Requested size: 341.43454pt x 213.39522pt.
 [24 <./Figuras/Cronograma/Implantacao.png>] <Figuras/BigData/Fayyad.png, id=13
2, 794.97pt x 305.14pt>
File: Figuras/BigData/Fayyad.png Graphic file (type png)

<use Figuras/BigData/Fayyad.png>
Package pdftex.def Info: Figuras/BigData/Fayyad.png used on input line 228.
(pdftex.def)             Requested size: 384.11649pt x 184.94781pt.
 [25 <./Figuras/BigData/Fayyad.png>] [26]
<Figuras/BigData/Analise_Textos.png, id=140, 1301.86375pt x 1032.85875pt>
File: Figuras/BigData/Analise_Textos.png Graphic file (type png)

<use Figuras/BigData/Analise_Textos.png>
Package pdftex.def Info: Figuras/BigData/Analise_Textos.png used on input line 
288.
(pdftex.def)             Requested size: 341.43645pt x 170.71378pt.
 [27] [28 <./Figuras/BigData/Analise_Textos.png>] <Figuras/BigData/grafoExemplo
.png, id=148, 411.2163pt x 463.2507pt>
File: Figuras/BigData/grafoExemplo.png Graphic file (type png)

<use Figuras/BigData/grafoExemplo.png>
Package pdftex.def Info: Figuras/BigData/grafoExemplo.png used on input line 33
3.
(pdftex.def)             Requested size: 284.5427pt x 184.94356pt.
 [29 <./Figuras/BigData/grafoExemplo.png>] [30] [31]
<Figuras/Twitter/contaTwitter.png, id=160, 937.5025pt x 213.79875pt>
File: Figuras/Twitter/contaTwitter.png Graphic file (type png)

<use Figuras/Twitter/contaTwitter.png>
Package pdftex.def Info: Figuras/Twitter/contaTwitter.png used on input line 39
2.
(pdftex.def)             Requested size: 497.91823pt x 213.39694pt.

Overfull \hbox (42.67412pt too wide) in paragraph at lines 392--392
 [][] 
 []

<Figuras/Twitter/contaPalavras.png, id=161, 456.70625pt x 211.79124pt>
File: Figuras/Twitter/contaPalavras.png Graphic file (type png)

<use Figuras/Twitter/contaPalavras.png>
Package pdftex.def Info: Figuras/Twitter/contaPalavras.png used on input line 4
04.
(pdftex.def)             Requested size: 318.66948pt x 147.78426pt.
 [32 <./Figuras/Twitter/contaTwitter.png> <./Figuras/Twitter/contaPalavras.png>
]
<Figuras/Twitter/ferqPalavras.png, id=167, 679.53876pt x 422.57875pt>
File: Figuras/Twitter/ferqPalavras.png Graphic file (type png)

<use Figuras/Twitter/ferqPalavras.png>
Package pdftex.def Info: Figuras/Twitter/ferqPalavras.png used on input line 41
5.
(pdftex.def)             Requested size: 273.14923pt x 169.86029pt.
 [33 <./Figuras/Twitter/ferqPalavras.png>] <Figuras/BigData/twittePRF.png, id=1
72, 581.17125pt x 485.815pt>
File: Figuras/BigData/twittePRF.png Graphic file (type png)

<use Figuras/BigData/twittePRF.png>
Package pdftex.def Info: Figuras/BigData/twittePRF.png used on input line 433.
(pdftex.def)             Requested size: 170.71686pt x 136.5684pt.

<Figuras/BigData/twittePRF2.png, id=173, 578.16pt x 497.86pt>
File: Figuras/BigData/twittePRF2.png Graphic file (type png)

<use Figuras/BigData/twittePRF2.png>
Package pdftex.def Info: Figuras/BigData/twittePRF2.png used on input line 435.

(pdftex.def)             Requested size: 170.71451pt x 136.57387pt.
 [34 <./Figuras/BigData/twittePRF.png> <./Figuras/BigData/twittePRF2.png>] [35]


LaTeX Warning: Command \c invalid in math mode on input line 509.

Missing character: There is no  in font cmr12!

Overfull \hbox (2.8992pt too wide) in paragraph at lines 517--518
[]\T1/cmr/m/n/12 Baseado no te-o-rema de Bayes, dado um con-junto de va-ri-vei
s ale-a-t-rias $\OML/cmm/m/it/12 ! \OT1/cmr/m/n/12 = []$
 []


Overfull \hbox (5.02579pt too wide) in paragraph at lines 517--518
\T1/cmr/m/n/12 a va-ri-vel ale-a-t-ria \T1/cmr/m/it/12 H \T1/cmr/m/n/12 (hi-p
-tese) de-nota o tipo de $\OML/cmm/m/it/12 !$\T1/cmr/m/n/12 , com va-lo-res po
s-s-veis para $\OML/cmm/m/it/12 h[]; h\OT1/cmr/m/n/12 2\OML/cmm/m/it/12 ; :::;
 h[]$\T1/cmr/m/n/12 .
 []

[36] <Figuras/Arvore/arvorejovem.png, id=184, 402.50375pt x 278.03876pt>
File: Figuras/Arvore/arvorejovem.png Graphic file (type png)

<use Figuras/Arvore/arvorejovem.png>
Package pdftex.def Info: Figuras/Arvore/arvorejovem.png used on input line 553.

(pdftex.def)             Requested size: 170.71481pt x 128.03937pt.
 [37]
<Figuras/Arvore/TDIDT.png, id=188, 378.41376pt x 328.22626pt>
File: Figuras/Arvore/TDIDT.png Graphic file (type png)

<use Figuras/Arvore/TDIDT.png>
Package pdftex.def Info: Figuras/Arvore/TDIDT.png used on input line 576.
(pdftex.def)             Requested size: 170.71767pt x 128.03777pt.
 [38 <./Figuras/Arvore/arvorejovem.png>] [39 <./Figuras/Arvore/TDIDT.png>] [40]

<Figuras/Neural/Perceptron.png, id=199, 513.92pt x 229.85875pt>
File: Figuras/Neural/Perceptron.png Graphic file (type png)

<use Figuras/Neural/Perceptron.png>
Package pdftex.def Info: Figuras/Neural/Perceptron.png used on input line 669.
(pdftex.def)             Requested size: 270.30606pt x 142.27243pt.
 [41] [42 <./Figuras/Neural/Perceptron.png>]
Overfull \hbox (327.20497pt too wide) detected at line 775
[]
 []


Overfull \hbox (321.51445pt too wide) detected at line 776
[]
 []


Overfull \hbox (241.84715pt too wide) detected at line 777
[]
 []


Overfull \hbox (199.16824pt too wide) detected at line 778
[]
 []

<Figuras/BigData/redeneural.png, id=208, 448.67625pt x 255.95625pt>
File: Figuras/BigData/redeneural.png Graphic file (type png)

<use Figuras/BigData/redeneural.png>
Package pdftex.def Info: Figuras/BigData/redeneural.png used on input line 789.

(pdftex.def)             Requested size: 241.8434pt x 108.11797pt.
 [43] [44 <./Figuras/BigData/redeneural.png (PNG copy)>] [45] [46]) [47]
\openout2 = `Textual/3_metodologia.aux'.

 (./Textual/3_metodologia.tex
Cap\'{\i }tulo 3.
[48



] [49]
<Figuras/Metodologia/metodologiaGeral3.png, id=233, 803.0pt x 437.635pt>
File: Figuras/Metodologia/metodologiaGeral3.png Graphic file (type png)

<use Figuras/Metodologia/metodologiaGeral3.png>
Package pdftex.def Info: Figuras/Metodologia/metodologiaGeral3.png used on inpu
t line 56.
(pdftex.def)             Requested size: 384.12457pt x 213.3946pt.
 [50 <./Figuras/Metodologia/metodologiaGeral3.png>] [51]
<Figuras/Metodologia/MatrizMortos2D.png, id=240, 686.565pt x 488.82625pt>
File: Figuras/Metodologia/MatrizMortos2D.png Graphic file (type png)

<use Figuras/Metodologia/MatrizMortos2D.png>
Package pdftex.def Info: Figuras/Metodologia/MatrizMortos2D.png used on input l
ine 108.
(pdftex.def)             Requested size: 312.97423pt x 184.94287pt.
 [52 <./Figuras/Metodologia/MatrizMortos2D.png>]
<Figuras/Metodologia/MatrizGravidade3D2.png, id=245, 547.8066pt x 413.3844pt>
File: Figuras/Metodologia/MatrizGravidade3D2.png Graphic file (type png)

<use Figuras/Metodologia/MatrizGravidade3D2.png>
Package pdftex.def Info: Figuras/Metodologia/MatrizGravidade3D2.png used on inp
ut line 145.
(pdftex.def)             Requested size: 318.66948pt x 240.4822pt.
 [53 <./Figuras/Metodologia/MatrizGravidade3D2.png>]
<Figuras/Metodologia/ArcoCibernetico.png, id=250, 442.65375pt x 195.73125pt>
File: Figuras/Metodologia/ArcoCibernetico.png Graphic file (type png)

<use Figuras/Metodologia/ArcoCibernetico.png>
Package pdftex.def Info: Figuras/Metodologia/ArcoCibernetico.png used on input 
line 169.
(pdftex.def)             Requested size: 284.54022pt x 128.0451pt.

<Figuras/Metodologia/georreferenciamento.png, id=251, 642.4pt x 603.25375pt>
File: Figuras/Metodologia/georreferenciamento.png Graphic file (type png)

<use Figuras/Metodologia/georreferenciamento.png>
Package pdftex.def Info: Figuras/Metodologia/georreferenciamento.png used on in
put line 183.
(pdftex.def)             Requested size: 426.79855pt x 312.97577pt.
 [54 <./Figuras/Metodologia/ArcoCibernetico.png>] [55 <./Figuras/Metodologia/ge
orreferenciamento.png (PNG copy)>] <Figuras/Metodologia/RotaExemplo.png, id=259
, 948.54375pt x 343.2825pt>
File: Figuras/Metodologia/RotaExemplo.png Graphic file (type png)

<use Figuras/Metodologia/RotaExemplo.png>
Package pdftex.def Info: Figuras/Metodologia/RotaExemplo.png used on input line
 225.
(pdftex.def)             Requested size: 455.23793pt x 199.16684pt.
) [56 <./Figuras/Metodologia/RotaExemplo.png>]
\openout2 = `Textual/4_simulacao.aux'.

 (./Textual/4_simulacao.tex
Cap\'{\i }tulo 4.
<Figuras/Cronograma/metodologia.png, id=264, 1292.83pt x 435.226pt>
File: Figuras/Cronograma/metodologia.png Graphic file (type png)

<use Figuras/Cronograma/metodologia.png>
Package pdftex.def Info: Figuras/Cronograma/metodologia.png used on input line 
14.
(pdftex.def)             Requested size: 469.46248pt x 284.52722pt.

Overfull \hbox (14.21837pt too wide) in paragraph at lines 14--14
 [][] 
 []

[57



 <./Figuras/Cronograma/metodologia.png>] [58]
Overfull \hbox (0.92342pt too wide) in paragraph at lines 82--83
[]\T1/cmr/m/n/12 Restrio de vi-si-bi-li-dade: Ine-xis-tente, Ve-culo Es-ta-c
i-o-nado, Po-eira/Fumaa/neblina,
 []


Overfull \hbox (19.95357pt too wide) in paragraph at lines 84--85
\T1/cmr/m/n/12 trator, Bi-ci-cleta, ni-bus, Mo-to-neta, Micro-nibus, Tra-tor 
de ro-das, Car-roa, Caminho-
 []

[59] <Figuras/Preprocess/br101.png, id=275, 481.8pt x 481.8pt>
File: Figuras/Preprocess/br101.png Graphic file (type png)

<use Figuras/Preprocess/br101.png>
Package pdftex.def Info: Figuras/Preprocess/br101.png used on input line 142.
(pdftex.def)             Requested size: 199.16399pt x 199.16399pt.

<Figuras/Preprocess/br101_2.png, id=276, 481.8pt x 481.8pt>
File: Figuras/Preprocess/br101_2.png Graphic file (type png)

<use Figuras/Preprocess/br101_2.png>
Package pdftex.def Info: Figuras/Preprocess/br101_2.png used on input line 143.

(pdftex.def)             Requested size: 199.16399pt x 199.16399pt.


LaTeX Warning: `h' float specifier changed to `ht'.

<Figuras/Preprocess/br101_4.png, id=277, 481.8pt x 481.8pt>
File: Figuras/Preprocess/br101_4.png Graphic file (type png)

<use Figuras/Preprocess/br101_4.png>
Package pdftex.def Info: Figuras/Preprocess/br101_4.png used on input line 151.

(pdftex.def)             Requested size: 199.16399pt x 199.16399pt.


LaTeX Warning: `h' float specifier changed to `ht'.

<Figuras/Preprocess/br104_12.png, id=278, 481.8pt x 481.8pt>
File: Figuras/Preprocess/br104_12.png Graphic file (type png)

<use Figuras/Preprocess/br104_12.png>
Package pdftex.def Info: Figuras/Preprocess/br104_12.png used on input line 166
.
(pdftex.def)             Requested size: 199.16399pt x 199.16399pt.

<Figuras/Preprocess/br104_2.png, id=279, 481.8pt x 481.8pt>
File: Figuras/Preprocess/br104_2.png Graphic file (type png)

<use Figuras/Preprocess/br104_2.png>
Package pdftex.def Info: Figuras/Preprocess/br104_2.png used on input line 167.

(pdftex.def)             Requested size: 199.16399pt x 199.16399pt.


LaTeX Warning: `h' float specifier changed to `ht'.

<Figuras/Preprocess/br104_3.png, id=280, 481.8pt x 481.8pt>
File: Figuras/Preprocess/br104_3.png Graphic file (type png)

<use Figuras/Preprocess/br104_3.png>
Package pdftex.def Info: Figuras/Preprocess/br104_3.png used on input line 175.

(pdftex.def)             Requested size: 199.16399pt x 199.16399pt.
 [60]

LaTeX Warning: `h' float specifier changed to `ht'.

<Figuras/Preprocess/br110_1.png, id=285, 481.8pt x 481.8pt>
File: Figuras/Preprocess/br110_1.png Graphic file (type png)

<use Figuras/Preprocess/br110_1.png>
Package pdftex.def Info: Figuras/Preprocess/br110_1.png used on input line 190.

(pdftex.def)             Requested size: 199.16399pt x 199.16399pt.

<Figuras/Preprocess/br110_2.png, id=286, 481.8pt x 481.8pt>
File: Figuras/Preprocess/br110_2.png Graphic file (type png)

<use Figuras/Preprocess/br110_2.png>
Package pdftex.def Info: Figuras/Preprocess/br110_2.png used on input line 191.

(pdftex.def)             Requested size: 199.16399pt x 199.16399pt.


LaTeX Warning: `h' float specifier changed to `ht'.

<Figuras/Preprocess/br110_3.png, id=287, 481.8pt x 481.8pt>
File: Figuras/Preprocess/br110_3.png Graphic file (type png)

<use Figuras/Preprocess/br110_3.png>
Package pdftex.def Info: Figuras/Preprocess/br110_3.png used on input line 200.

(pdftex.def)             Requested size: 199.16399pt x 199.16399pt.


LaTeX Warning: `h' float specifier changed to `ht'.

[61 <./Figuras/Preprocess/br101.png> <./Figuras/Preprocess/br101_2.png> <./Figu
ras/Preprocess/br101_4.png>] [62 <./Figuras/Preprocess/br104_12.png> <./Figuras
/Preprocess/br104_2.png (PNG copy)> <./Figuras/Preprocess/br104_3.png>]
<Figuras/Preprocess/br116_1.png, id=298, 481.8pt x 481.8pt>
File: Figuras/Preprocess/br116_1.png Graphic file (type png)

<use Figuras/Preprocess/br116_1.png>
Package pdftex.def Info: Figuras/Preprocess/br116_1.png used on input line 212.

(pdftex.def)             Requested size: 199.16399pt x 199.16399pt.

<Figuras/Preprocess/br116_2.png, id=299, 481.8pt x 481.8pt>
File: Figuras/Preprocess/br116_2.png Graphic file (type png)

<use Figuras/Preprocess/br116_2.png>
Package pdftex.def Info: Figuras/Preprocess/br116_2.png used on input line 213.

(pdftex.def)             Requested size: 199.16399pt x 199.16399pt.


LaTeX Warning: `h' float specifier changed to `ht'.

<Figuras/Preprocess/br116_3.png, id=300, 481.8pt x 481.8pt>
File: Figuras/Preprocess/br116_3.png Graphic file (type png)

<use Figuras/Preprocess/br116_3.png>
Package pdftex.def Info: Figuras/Preprocess/br116_3.png used on input line 221.

(pdftex.def)             Requested size: 199.16399pt x 199.16399pt.


LaTeX Warning: `h' float specifier changed to `ht'.

[63 <./Figuras/Preprocess/br110_1.png> <./Figuras/Preprocess/br110_2.png (PNG c
opy)> <./Figuras/Preprocess/br110_3.png>]
<Figuras/Preprocess/br232_1.png, id=305, 451.6875pt x 414.54875pt>
File: Figuras/Preprocess/br232_1.png Graphic file (type png)

<use Figuras/Preprocess/br232_1.png>
Package pdftex.def Info: Figuras/Preprocess/br232_1.png used on input line 235.

(pdftex.def)             Requested size: 199.17043pt x 199.16457pt.

<Figuras/Preprocess/br232_32.png, id=306, 450.68375pt x 413.545pt>
File: Figuras/Preprocess/br232_32.png Graphic file (type png)

<use Figuras/Preprocess/br232_32.png>
Package pdftex.def Info: Figuras/Preprocess/br232_32.png used on input line 236
.
(pdftex.def)             Requested size: 199.16794pt x 199.17453pt.


LaTeX Warning: `h' float specifier changed to `ht'.

<Figuras/Preprocess/br232_3.png, id=307, 435.6275pt x 424.58624pt>
File: Figuras/Preprocess/br232_3.png Graphic file (type png)

<use Figuras/Preprocess/br232_3.png>
Package pdftex.def Info: Figuras/Preprocess/br232_3.png used on input line 244.

(pdftex.def)             Requested size: 199.168pt x 199.16684pt.


LaTeX Warning: `h' float specifier changed to `ht'.

[64 <./Figuras/Preprocess/br116_1.png> <./Figuras/Preprocess/br116_2.png> <./Fi
guras/Preprocess/br116_3.png>]
<Figuras/Preprocess/br316_1.png, id=312, 452.69125pt x 416.55624pt>
File: Figuras/Preprocess/br316_1.png Graphic file (type png)

<use Figuras/Preprocess/br316_1.png>
Package pdftex.def Info: Figuras/Preprocess/br316_1.png used on input line 257.

(pdftex.def)             Requested size: 199.16403pt x 199.16927pt.

<Figuras/Preprocess/br316_2.png, id=313, 454.69875pt x 421.575pt>
File: Figuras/Preprocess/br316_2.png Graphic file (type png)

<use Figuras/Preprocess/br316_2.png>
Package pdftex.def Info: Figuras/Preprocess/br316_2.png used on input line 258.

(pdftex.def)             Requested size: 199.17303pt x 199.1695pt.


LaTeX Warning: `h' float specifier changed to `ht'.

<Figuras/Preprocess/br316_3.png, id=314, 481.8pt x 481.8pt>
File: Figuras/Preprocess/br316_3.png Graphic file (type png)

<use Figuras/Preprocess/br316_3.png>
Package pdftex.def Info: Figuras/Preprocess/br316_3.png used on input line 266.

(pdftex.def)             Requested size: 199.16399pt x 199.16399pt.


LaTeX Warning: `h' float specifier changed to `ht'.

[65 <./Figuras/Preprocess/br232_1.png> <./Figuras/Preprocess/br232_32.png> <./F
iguras/Preprocess/br232_3.png>]
<Figuras/Preprocess/br407_1.png, id=321, 466.74374pt x 417.56pt>
File: Figuras/Preprocess/br407_1.png Graphic file (type png)

<use Figuras/Preprocess/br407_1.png>
Package pdftex.def Info: Figuras/Preprocess/br407_1.png used on input line 276.

(pdftex.def)             Requested size: 199.1718pt x 199.17134pt.

<Figuras/Preprocess/br407_3.png, id=322, 453.695pt x 413.545pt>
File: Figuras/Preprocess/br407_3.png Graphic file (type png)

<use Figuras/Preprocess/br407_3.png>
Package pdftex.def Info: Figuras/Preprocess/br407_3.png used on input line 277.

(pdftex.def)             Requested size: 199.16951pt x 199.17453pt.


LaTeX Warning: `h' float specifier changed to `ht'.

<Figuras/Preprocess/br407_2.png, id=323, 427.5975pt x 417.56pt>
File: Figuras/Preprocess/br407_2.png Graphic file (type png)

<use Figuras/Preprocess/br407_2.png>
Package pdftex.def Info: Figuras/Preprocess/br407_2.png used on input line 285.

(pdftex.def)             Requested size: 199.17006pt x 199.17134pt.


LaTeX Warning: `h' float specifier changed to `ht'.

[66 <./Figuras/Preprocess/br316_1.png> <./Figuras/Preprocess/br316_2.png> <./Fi
guras/Preprocess/br316_3.png>]
<Figuras/Preprocess/br408_1.png, id=329, 470.75874pt x 439.6425pt>
File: Figuras/Preprocess/br408_1.png Graphic file (type png)

<use Figuras/Preprocess/br408_1.png>
Package pdftex.def Info: Figuras/Preprocess/br408_1.png used on input line 296.

(pdftex.def)             Requested size: 199.16832pt x 199.16556pt.

<Figuras/Preprocess/br408_2.png, id=330, 481.8pt x 481.8pt>
File: Figuras/Preprocess/br408_2.png Graphic file (type png)

<use Figuras/Preprocess/br408_2.png>
Package pdftex.def Info: Figuras/Preprocess/br408_2.png used on input line 297.

(pdftex.def)             Requested size: 199.16399pt x 199.16399pt.


LaTeX Warning: `h' float specifier changed to `ht'.

<Figuras/Preprocess/br408_3.png, id=331, 481.8pt x 481.8pt>
File: Figuras/Preprocess/br408_3.png Graphic file (type png)

<use Figuras/Preprocess/br408_3.png>
Package pdftex.def Info: Figuras/Preprocess/br408_3.png used on input line 305.

(pdftex.def)             Requested size: 199.16399pt x 199.16399pt.


LaTeX Warning: `h' float specifier changed to `ht'.

[67 <./Figuras/Preprocess/br407_1.png> <./Figuras/Preprocess/br407_3.png> <./Fi
guras/Preprocess/br407_2.png>]
<Figuras/Preprocess/br423_1.png, id=338, 481.8pt x 481.8pt>
File: Figuras/Preprocess/br423_1.png Graphic file (type png)

<use Figuras/Preprocess/br423_1.png>
Package pdftex.def Info: Figuras/Preprocess/br423_1.png used on input line 314.

(pdftex.def)             Requested size: 199.16399pt x 199.16399pt.

<Figuras/Preprocess/br423_2.png, id=339, 481.8pt x 481.8pt>
File: Figuras/Preprocess/br423_2.png Graphic file (type png)

<use Figuras/Preprocess/br423_2.png>
Package pdftex.def Info: Figuras/Preprocess/br423_2.png used on input line 315.

(pdftex.def)             Requested size: 199.16399pt x 199.16399pt.


LaTeX Warning: `h' float specifier changed to `ht'.

<Figuras/Preprocess/br423_3.png, id=340, 481.8pt x 481.8pt>
File: Figuras/Preprocess/br423_3.png Graphic file (type png)

<use Figuras/Preprocess/br423_3.png>
Package pdftex.def Info: Figuras/Preprocess/br423_3.png used on input line 323.

(pdftex.def)             Requested size: 142.26208pt x 170.71304pt.


LaTeX Warning: `h' float specifier changed to `ht'.

[68 <./Figuras/Preprocess/br408_1.png> <./Figuras/Preprocess/br408_2.png (PNG c
opy)> <./Figuras/Preprocess/br408_3.png>]
<Figuras/Preprocess/br424_1.png, id=345, 481.8pt x 481.8pt>
File: Figuras/Preprocess/br424_1.png Graphic file (type png)

<use Figuras/Preprocess/br424_1.png>
Package pdftex.def Info: Figuras/Preprocess/br424_1.png used on input line 332.

(pdftex.def)             Requested size: 199.16399pt x 199.16399pt.

<Figuras/Preprocess/br424_2.png, id=346, 481.8pt x 481.8pt>
File: Figuras/Preprocess/br424_2.png Graphic file (type png)

<use Figuras/Preprocess/br424_2.png>
Package pdftex.def Info: Figuras/Preprocess/br424_2.png used on input line 333.

(pdftex.def)             Requested size: 199.16399pt x 199.16399pt.


LaTeX Warning: `h' float specifier changed to `ht'.

<Figuras/Preprocess/br424_3.png, id=347, 481.8pt x 481.8pt>
File: Figuras/Preprocess/br424_3.png Graphic file (type png)

<use Figuras/Preprocess/br424_3.png>
Package pdftex.def Info: Figuras/Preprocess/br424_3.png used on input line 341.

(pdftex.def)             Requested size: 199.16399pt x 199.16399pt.


LaTeX Warning: `h' float specifier changed to `ht'.

[69 <./Figuras/Preprocess/br423_1.png> <./Figuras/Preprocess/br423_2.png> <./Fi
guras/Preprocess/br423_3.png (PNG copy)>]
<Figuras/Preprocess/br428_1.png, id=352, 481.8pt x 481.8pt>
File: Figuras/Preprocess/br428_1.png Graphic file (type png)

<use Figuras/Preprocess/br428_1.png>
Package pdftex.def Info: Figuras/Preprocess/br428_1.png used on input line 351.

(pdftex.def)             Requested size: 199.16399pt x 199.16399pt.

<Figuras/Preprocess/br428_2.png, id=353, 481.8pt x 481.8pt>
File: Figuras/Preprocess/br428_2.png Graphic file (type png)

<use Figuras/Preprocess/br428_2.png>
Package pdftex.def Info: Figuras/Preprocess/br428_2.png used on input line 352.

(pdftex.def)             Requested size: 199.16399pt x 199.16399pt.


LaTeX Warning: `h' float specifier changed to `ht'.

<Figuras/Preprocess/br428_3.png, id=354, 481.8pt x 481.8pt>
File: Figuras/Preprocess/br428_3.png Graphic file (type png)

<use Figuras/Preprocess/br428_3.png>
Package pdftex.def Info: Figuras/Preprocess/br428_3.png used on input line 360.

(pdftex.def)             Requested size: 199.16399pt x 199.16399pt.


LaTeX Warning: `h' float specifier changed to `ht'.

[70 <./Figuras/Preprocess/br424_1.png> <./Figuras/Preprocess/br424_2.png (PNG c
opy)> <./Figuras/Preprocess/br424_3.png>]
<Figuras/Preprocess/TipoVeiculoXNumAciden.png, id=358, 973.6375pt x 483.8075pt>
File: Figuras/Preprocess/TipoVeiculoXNumAciden.png Graphic file (type png)
<use Figuras/Preprocess/TipoVeiculoXNumAciden.png>
Package pdftex.def Info: Figuras/Preprocess/TipoVeiculoXNumAciden.png used on i
nput line 370.
(pdftex.def)             Requested size: 426.78246pt x 256.08455pt.

<Figuras/Preprocess/TracadoViaNumAcident.png, id=359, 751.80875pt x 452.69125pt
>
File: Figuras/Preprocess/TracadoViaNumAcident.png Graphic file (type png)
 <use Figuras/Preprocess/TracadoViaNumAcident.png>
Package pdftex.def Info: Figuras/Preprocess/TracadoViaNumAcident.png used on in
put line 382.
(pdftex.def)             Requested size: 426.8032pt x 142.26003pt.
 [71 <./Figuras/Preprocess/br428_1.png (PNG copy)> <./Figuras/Preprocess/br428_
2.png (PNG copy)> <./Figuras/Preprocess/br428_3.png>]
Underfull \hbox (badness 10000) in paragraph at lines 489--492

 []

[72 <./Figuras/Preprocess/TipoVeiculoXNumAciden.png (PNG copy)>] [73 <./Figuras
/Preprocess/TracadoViaNumAcident.png>] [74] [75]
Underfull \hbox (badness 10000) in paragraph at lines 647--648

 []


Underfull \hbox (badness 10000) in paragraph at lines 665--666

 []

<Figuras/Metodologia/arvoreKnime.png, id=377, 1266.7325pt x 740.7675pt>
File: Figuras/Metodologia/arvoreKnime.png Graphic file (type png)

<use Figuras/Metodologia/arvoreKnime.png>
Package pdftex.def Info: Figuras/Metodologia/arvoreKnime.png used on input line
 693.
(pdftex.def)             Requested size: 426.77895pt x 412.56633pt.
 [76] [77 <./Figuras/Metodologia/arvoreKnime.png>] [78]
<Figuras/Resultados/Km70BR101.png, id=388, 837.1275pt x 516.93124pt>
File: Figuras/Resultados/Km70BR101.png Graphic file (type png)

<use Figuras/Resultados/Km70BR101.png>
Package pdftex.def Info: Figuras/Resultados/Km70BR101.png used on input line 77
3.
(pdftex.def)             Requested size: 426.78886pt x 270.31235pt.

<Figuras/Resultados/MM2d101.png, id=389, 686.565pt x 499.8675pt>
File: Figuras/Resultados/MM2d101.png Graphic file (type png)

<use Figuras/Resultados/MM2d101.png>
Package pdftex.def Info: Figuras/Resultados/MM2d101.png used on input line 785.

(pdftex.def)             Requested size: 341.42738pt x 256.08078pt.
 [79 <./Figuras/Resultados/Km70BR101.png> <./Figuras/Resultados/MM2d101.png>]
<Figuras/Resultados/CaruaruRegiao.png, id=395, 581.17125pt x 381.425pt>
File: Figuras/Resultados/CaruaruRegiao.png Graphic file (type png)

<use Figuras/Resultados/CaruaruRegiao.png>
Package pdftex.def Info: Figuras/Resultados/CaruaruRegiao.png used on input lin
e 798.
(pdftex.def)             Requested size: 426.79659pt x 270.31311pt.

<Figuras/Resultados/MM2d104.png, id=396, 580.1675pt x 508.90125pt>
File: Figuras/Resultados/MM2d104.png Graphic file (type png)

<use Figuras/Resultados/MM2d104.png>
Package pdftex.def Info: Figuras/Resultados/MM2d104.png used on input line 810.

(pdftex.def)             Requested size: 341.43713pt x 256.08069pt.
 [80 <./Figuras/Resultados/CaruaruRegiao.png (PNG copy)> <./Figuras/Resultados/
MM2d104.png>]
<Figuras/Resultados/MGrav3D116.png, id=401, 657.45625pt x 551.05875pt>
File: Figuras/Resultados/MGrav3D116.png Graphic file (type png)

<use Figuras/Resultados/MGrav3D116.png>
Package pdftex.def Info: Figuras/Resultados/MGrav3D116.png used on input line 8
38.
(pdftex.def)             Requested size: 341.43782pt x 284.53415pt.
 [81 <./Figuras/Resultados/MGrav3D116.png>] [82] [83]
Overfull \hbox (22.95593pt too wide) detected at line 973
\OML/cmm/m/it/12 ProbAcid \OT1/cmr/m/n/12 = (\OML/cmm/m/it/12 RestVisibi \OMS/c
msy/m/n/12 ^^C \OML/cmm/m/it/12 CondPista \OMS/cmsy/m/n/12 ^^C \OML/cmm/m/it/12
 TracadoVia \OMS/cmsy/m/n/12 ^^C \OML/cmm/m/it/12 TipoAcident \OMS/cmsy/m/n/12 
^^C \OML/cmm/m/it/12 CausaAcident\OT1/cmr/m/n/12 ) + \OML/cmm/m/it/12 Gravidade

 []

<Figuras/Resultados/rnn101.png, id=412, 522.45187pt x 364.36125pt>
File: Figuras/Resultados/rnn101.png Graphic file (type png)

<use Figuras/Resultados/rnn101.png>
Package pdftex.def Info: Figuras/Resultados/rnn101.png used on input line 980.
(pdftex.def)             Requested size: 312.98724pt x 241.84685pt.

<Figuras/Resultados/RNN.png, id=413, 494.84875pt x 706.64pt>
File: Figuras/Resultados/RNN.png Graphic file (type png)

<use Figuras/Resultados/RNN.png>
Package pdftex.def Info: Figuras/Resultados/RNN.png used on input line 1005.
(pdftex.def)             Requested size: 256.0694pt x 327.20406pt.
 [84 <./Figuras/Resultados/rnn101.png (PNG copy)>] [85 <./Figuras/Resultados/RN
N.png>]
<Figuras/Twitter/freqPalavr.png, id=422, 258.21469pt x 194.22563pt>
File: Figuras/Twitter/freqPalavr.png Graphic file (type png)

<use Figuras/Twitter/freqPalavr.png>
Package pdftex.def Info: Figuras/Twitter/freqPalavr.png used on input line 1046
.
(pdftex.def)             Requested size: 318.66948pt x 239.72295pt.
 [86 <./Figuras/Twitter/freqPalavr.png>]
<Figuras/Twitter/nuvem2.png, id=427, 522.45187pt x 364.36125pt>
File: Figuras/Twitter/nuvem2.png Graphic file (type png)

<use Figuras/Twitter/nuvem2.png>
Package pdftex.def Info: Figuras/Twitter/nuvem2.png used on input line 1057.
(pdftex.def)             Requested size: 273.14923pt x 190.49748pt.

<Figuras/Twitter//Cluster.png, id=428, 430.60875pt x 255.20343pt>
File: Figuras/Twitter//Cluster.png Graphic file (type png)

<use Figuras/Twitter//Cluster.png>
Package pdftex.def Info: Figuras/Twitter//Cluster.png used on input line 1071.
(pdftex.def)             Requested size: 318.66948pt x 188.86705pt.
 [87 <./Figuras/Twitter/nuvem2.png (PNG copy)> <./Figuras/Twitter//Cluster.png 
(PNG copy)>]
<Figuras/Twitter/Cluster2.png, id=432, 430.60875pt x 255.20343pt>
File: Figuras/Twitter/Cluster2.png Graphic file (type png)

<use Figuras/Twitter/Cluster2.png>
Package pdftex.def Info: Figuras/Twitter/Cluster2.png used on input line 1080.
(pdftex.def)             Requested size: 318.66948pt x 188.86705pt.
) [88 <./Figuras/Twitter/Cluster2.png (PNG copy)>]
\openout2 = `Textual/5_conclusao.aux'.

 (./Textual/5_conclusao.tex
Cap\'{\i }tulo 5.
[89



] [90] [91] [92]) [93]
\openout2 = `Textual/Anexo1.aux'.

 (./Textual/Anexo1.tex
Ap\^endice A.
<Figuras/Anexos/Mapa-pe.pdf, id=452, 2817.80733pt x 1971.52563pt>
File: Figuras/Anexos/Mapa-pe.pdf Graphic file (type pdf)

<use Figuras/Anexos/Mapa-pe.pdf>
Package pdftex.def Info: Figuras/Anexos/Mapa-pe.pdf used on input line 9.
(pdftex.def)             Requested size: 426.7805pt x 312.95366pt.
 [94



 <./Figuras/Anexos/Mapa-pe.pdf>] [95]
<Figuras/Cronograma/BasesHistoricas.png, id=467, 1518.473pt x 680.141pt>
File: Figuras/Cronograma/BasesHistoricas.png Graphic file (type png)

<use Figuras/Cronograma/BasesHistoricas.png>
Package pdftex.def Info: Figuras/Cronograma/BasesHistoricas.png used on input l
ine 79.
(pdftex.def)             Requested size: 469.4706pt x 284.52606pt.

Overfull \hbox (14.22649pt too wide) in paragraph at lines 79--80
 [][] 
 []

) [96 <./Figuras/Cronograma/BasesHistoricas.png>] (./Dissertacao.bbl [97


]
[98] [99] [100] [101]) 
AED: lastpage setting LastPage
[102] (./Dissertacao.aux (./Pre-textual/Capa.aux) (./Pre-textual/FolhaRosto.aux
) (./Textual/1_introducao.aux) (./Textual/2_estado_arte.aux)
(./Textual/3_metodologia.aux) (./Textual/4_simulacao.aux)
(./Textual/5_conclusao.aux) (./Textual/Anexo1.aux))

LaTeX Font Warning: Size substitutions with differences
(Font)              up to 0.42938pt have occurred.


LaTeX Warning: There were multiply-defined labels.

 ) 
Here is how much of TeX's memory you used:
 18222 strings out of 493029
 301720 string characters out of 6136234
 547693 words of memory out of 5000000
 21115 multiletter control sequences out of 15000+600000
 34030 words of font info for 66 fonts, out of 8000000 for 9000
 1141 hyphenation exceptions out of 8191
 46i,12n,53p,1433b,452s stack positions out of 5000i,500n,10000p,200000b,80000s
{/usr/share/texmf/fonts/enc/dvips/cm-super/cm-super-t1.enc}{/usr/share/texliv
e/texmf-dist/fonts/enc/dvips/base/8r.enc}{/usr/share/texmf/fonts/enc/dvips/cm-s
uper/cm-super-ts1.enc}</usr/share/texlive/texmf-dist/fonts/type1/public/amsfont
s/cm/cmex10.pfb></usr/share/texlive/texmf-dist/fonts/type1/public/amsfonts/cm/c
mmi12.pfb></usr/share/texlive/texmf-dist/fonts/type1/public/amsfonts/cm/cmmi8.p
fb></usr/share/texlive/texmf-dist/fonts/type1/public/amsfonts/cm/cmr12.pfb></us
r/share/texlive/texmf-dist/fonts/type1/public/amsfonts/cm/cmr8.pfb></usr/share/
texlive/texmf-dist/fonts/type1/public/amsfonts/cm/cmsy10.pfb></usr/share/texliv
e/texmf-dist/fonts/type1/public/amsfonts/cm/cmsy8.pfb></usr/share/texlive/texmf
-dist/fonts/type1/adobe/utopia/putb8a.pfb></usr/share/texmf/fonts/type1/public/
cm-super/sfbx1200.pfb></usr/share/texmf/fonts/type1/public/cm-super/sfbx1440.pf
b></usr/share/texmf/fonts/type1/public/cm-super/sfbx1728.pfb></usr/share/texmf/
fonts/type1/public/cm-super/sfcc1200.pfb></usr/share/texmf/fonts/type1/public/c
m-super/sfrm0600.pfb></usr/share/texmf/fonts/type1/public/cm-super/sfrm0700.pfb
></usr/share/texmf/fonts/type1/public/cm-super/sfrm0800.pfb></usr/share/texmf/f
onts/type1/public/cm-super/sfrm1000.pfb></usr/share/texmf/fonts/type1/public/cm
-super/sfrm1200.pfb></usr/share/texmf/fonts/type1/public/cm-super/sfrm1728.pfb>
</usr/share/texmf/fonts/type1/public/cm-super/sfrm2488.pfb></usr/share/texmf/fo
nts/type1/public/cm-super/sfrm2986.pfb></usr/share/texmf/fonts/type1/public/cm-
super/sfti1000.pfb></usr/share/texmf/fonts/type1/public/cm-super/sfti1200.pfb>
Output written on Dissertacao.pdf (103 pages, 8961566 bytes).
PDF statistics:
 569 PDF objects out of 1000 (max. 8388607)
 310 compressed objects within 4 object streams
 0 named destinations out of 1000 (max. 500000)
 426 words of extra memory for PDF output out of 10000 (max. 10000000)

