This is pdfTeX, Version 3.1415926-2.5-1.40.14 (TeX Live 2013/Debian) (format=pdflatex 2016.2.15)  19 OCT 2016 19:09
entering extended mode
 restricted \write18 enabled.
 %&-line parsing enabled.
**Manifesto.tex
(./Manifesto.tex
LaTeX2e <2011/06/27>
Babel <3.9h> and hyphenation patterns for 7 languages loaded.
(/usr/share/texlive/texmf-dist/tex/latex/base/report.cls
Document Class: report 2007/10/19 v1.4h Standard LaTeX document class
(/usr/share/texlive/texmf-dist/tex/latex/base/size12.clo
File: size12.clo 2007/10/19 v1.4h Standard LaTeX file (size option)
)
\c@part=\count79
\c@chapter=\count80
\c@section=\count81
\c@subsection=\count82
\c@subsubsection=\count83
\c@paragraph=\count84
\c@subparagraph=\count85
\c@figure=\count86
\c@table=\count87
\abovecaptionskip=\skip41
\belowcaptionskip=\skip42
\bibindent=\dimen102
)
(./Configuracao/Configuracao.tex
(/usr/share/texlive/texmf-dist/tex/generic/babel/babel.sty
Package: babel 2013/12/03 3.9h The Babel package

(/usr/share/texlive/texmf-dist/tex/generic/babel-english/english.ldf
Language: english 2012/08/20 v3.3p English support from the babel system

(/usr/share/texlive/texmf-dist/tex/generic/babel/babel.def
File: babel.def 2013/12/03 3.9h Babel common definitions
\babel@savecnt=\count88
\U@D=\dimen103
)
\l@canadian = a dialect from \language\l@american 
\l@australian = a dialect from \language\l@british 
\l@newzealand = a dialect from \language\l@british 
)
(/usr/share/texlive/texmf-dist/tex/generic/babel-portuges/portuges.ldf
Language: portuges 2008/03/18 v1.2q Portuguese support from the babel system
\l@brazil = a dialect from \language\l@portuges 
Package babel Info: Making " an active character on input line 145.
))
(/usr/share/texlive/texmf-dist/tex/latex/base/inputenc.sty
Package: inputenc 2008/03/30 v1.1d Input encoding file
\inpenc@prehook=\toks14
\inpenc@posthook=\toks15

(/usr/share/texlive/texmf-dist/tex/latex/base/utf8.def
File: utf8.def 2008/04/05 v1.1m UTF-8 support for inputenc
Now handling font encoding OML ...
... no UTF-8 mapping file for font encoding OML
Now handling font encoding T1 ...
... processing UTF-8 mapping file for font encoding T1

(/usr/share/texlive/texmf-dist/tex/latex/base/t1enc.dfu
File: t1enc.dfu 2008/04/05 v1.1m UTF-8 support for inputenc
   defining Unicode char U+00A1 (decimal 161)
   defining Unicode char U+00A3 (decimal 163)
   defining Unicode char U+00AB (decimal 171)
   defining Unicode char U+00BB (decimal 187)
   defining Unicode char U+00BF (decimal 191)
   defining Unicode char U+00C0 (decimal 192)
   defining Unicode char U+00C1 (decimal 193)
   defining Unicode char U+00C2 (decimal 194)
   defining Unicode char U+00C3 (decimal 195)
   defining Unicode char U+00C4 (decimal 196)
   defining Unicode char U+00C5 (decimal 197)
   defining Unicode char U+00C6 (decimal 198)
   defining Unicode char U+00C7 (decimal 199)
   defining Unicode char U+00C8 (decimal 200)
   defining Unicode char U+00C9 (decimal 201)
   defining Unicode char U+00CA (decimal 202)
   defining Unicode char U+00CB (decimal 203)
   defining Unicode char U+00CC (decimal 204)
   defining Unicode char U+00CD (decimal 205)
   defining Unicode char U+00CE (decimal 206)
   defining Unicode char U+00CF (decimal 207)
   defining Unicode char U+00D0 (decimal 208)
   defining Unicode char U+00D1 (decimal 209)
   defining Unicode char U+00D2 (decimal 210)
   defining Unicode char U+00D3 (decimal 211)
   defining Unicode char U+00D4 (decimal 212)
   defining Unicode char U+00D5 (decimal 213)
   defining Unicode char U+00D6 (decimal 214)
   defining Unicode char U+00D8 (decimal 216)
   defining Unicode char U+00D9 (decimal 217)
   defining Unicode char U+00DA (decimal 218)
   defining Unicode char U+00DB (decimal 219)
   defining Unicode char U+00DC (decimal 220)
   defining Unicode char U+00DD (decimal 221)
   defining Unicode char U+00DE (decimal 222)
   defining Unicode char U+00DF (decimal 223)
   defining Unicode char U+00E0 (decimal 224)
   defining Unicode char U+00E1 (decimal 225)
   defining Unicode char U+00E2 (decimal 226)
   defining Unicode char U+00E3 (decimal 227)
   defining Unicode char U+00E4 (decimal 228)
   defining Unicode char U+00E5 (decimal 229)
   defining Unicode char U+00E6 (decimal 230)
   defining Unicode char U+00E7 (decimal 231)
   defining Unicode char U+00E8 (decimal 232)
   defining Unicode char U+00E9 (decimal 233)
   defining Unicode char U+00EA (decimal 234)
   defining Unicode char U+00EB (decimal 235)
   defining Unicode char U+00EC (decimal 236)
   defining Unicode char U+00ED (decimal 237)
   defining Unicode char U+00EE (decimal 238)
   defining Unicode char U+00EF (decimal 239)
   defining Unicode char U+00F0 (decimal 240)
   defining Unicode char U+00F1 (decimal 241)
   defining Unicode char U+00F2 (decimal 242)
   defining Unicode char U+00F3 (decimal 243)
   defining Unicode char U+00F4 (decimal 244)
   defining Unicode char U+00F5 (decimal 245)
   defining Unicode char U+00F6 (decimal 246)
   defining Unicode char U+00F8 (decimal 248)
   defining Unicode char U+00F9 (decimal 249)
   defining Unicode char U+00FA (decimal 250)
   defining Unicode char U+00FB (decimal 251)
   defining Unicode char U+00FC (decimal 252)
   defining Unicode char U+00FD (decimal 253)
   defining Unicode char U+00FE (decimal 254)
   defining Unicode char U+00FF (decimal 255)
   defining Unicode char U+0102 (decimal 258)
   defining Unicode char U+0103 (decimal 259)
   defining Unicode char U+0104 (decimal 260)
   defining Unicode char U+0105 (decimal 261)
   defining Unicode char U+0106 (decimal 262)
   defining Unicode char U+0107 (decimal 263)
   defining Unicode char U+010C (decimal 268)
   defining Unicode char U+010D (decimal 269)
   defining Unicode char U+010E (decimal 270)
   defining Unicode char U+010F (decimal 271)
   defining Unicode char U+0110 (decimal 272)
   defining Unicode char U+0111 (decimal 273)
   defining Unicode char U+0118 (decimal 280)
   defining Unicode char U+0119 (decimal 281)
   defining Unicode char U+011A (decimal 282)
   defining Unicode char U+011B (decimal 283)
   defining Unicode char U+011E (decimal 286)
   defining Unicode char U+011F (decimal 287)
   defining Unicode char U+0130 (decimal 304)
   defining Unicode char U+0131 (decimal 305)
   defining Unicode char U+0132 (decimal 306)
   defining Unicode char U+0133 (decimal 307)
   defining Unicode char U+0139 (decimal 313)
   defining Unicode char U+013A (decimal 314)
   defining Unicode char U+013D (decimal 317)
   defining Unicode char U+013E (decimal 318)
   defining Unicode char U+0141 (decimal 321)
   defining Unicode char U+0142 (decimal 322)
   defining Unicode char U+0143 (decimal 323)
   defining Unicode char U+0144 (decimal 324)
   defining Unicode char U+0147 (decimal 327)
   defining Unicode char U+0148 (decimal 328)
   defining Unicode char U+014A (decimal 330)
   defining Unicode char U+014B (decimal 331)
   defining Unicode char U+0150 (decimal 336)
   defining Unicode char U+0151 (decimal 337)
   defining Unicode char U+0152 (decimal 338)
   defining Unicode char U+0153 (decimal 339)
   defining Unicode char U+0154 (decimal 340)
   defining Unicode char U+0155 (decimal 341)
   defining Unicode char U+0158 (decimal 344)
   defining Unicode char U+0159 (decimal 345)
   defining Unicode char U+015A (decimal 346)
   defining Unicode char U+015B (decimal 347)
   defining Unicode char U+015E (decimal 350)
   defining Unicode char U+015F (decimal 351)
   defining Unicode char U+0160 (decimal 352)
   defining Unicode char U+0161 (decimal 353)
   defining Unicode char U+0162 (decimal 354)
   defining Unicode char U+0163 (decimal 355)
   defining Unicode char U+0164 (decimal 356)
   defining Unicode char U+0165 (decimal 357)
   defining Unicode char U+016E (decimal 366)
   defining Unicode char U+016F (decimal 367)
   defining Unicode char U+0170 (decimal 368)
   defining Unicode char U+0171 (decimal 369)
   defining Unicode char U+0178 (decimal 376)
   defining Unicode char U+0179 (decimal 377)
   defining Unicode char U+017A (decimal 378)
   defining Unicode char U+017B (decimal 379)
   defining Unicode char U+017C (decimal 380)
   defining Unicode char U+017D (decimal 381)
   defining Unicode char U+017E (decimal 382)
   defining Unicode char U+200C (decimal 8204)
   defining Unicode char U+2013 (decimal 8211)
   defining Unicode char U+2014 (decimal 8212)
   defining Unicode char U+2018 (decimal 8216)
   defining Unicode char U+2019 (decimal 8217)
   defining Unicode char U+201A (decimal 8218)
   defining Unicode char U+201C (decimal 8220)
   defining Unicode char U+201D (decimal 8221)
   defining Unicode char U+201E (decimal 8222)
   defining Unicode char U+2030 (decimal 8240)
   defining Unicode char U+2031 (decimal 8241)
   defining Unicode char U+2039 (decimal 8249)
   defining Unicode char U+203A (decimal 8250)
   defining Unicode char U+2423 (decimal 9251)
)
Now handling font encoding OT1 ...
... processing UTF-8 mapping file for font encoding OT1

(/usr/share/texlive/texmf-dist/tex/latex/base/ot1enc.dfu
File: ot1enc.dfu 2008/04/05 v1.1m UTF-8 support for inputenc
   defining Unicode char U+00A1 (decimal 161)
   defining Unicode char U+00A3 (decimal 163)
   defining Unicode char U+00B8 (decimal 184)
   defining Unicode char U+00BF (decimal 191)
   defining Unicode char U+00C5 (decimal 197)
   defining Unicode char U+00C6 (decimal 198)
   defining Unicode char U+00D8 (decimal 216)
   defining Unicode char U+00DF (decimal 223)
   defining Unicode char U+00E6 (decimal 230)
   defining Unicode char U+00EC (decimal 236)
   defining Unicode char U+00ED (decimal 237)
   defining Unicode char U+00EE (decimal 238)
   defining Unicode char U+00EF (decimal 239)
   defining Unicode char U+00F8 (decimal 248)
   defining Unicode char U+0131 (decimal 305)
   defining Unicode char U+0141 (decimal 321)
   defining Unicode char U+0142 (decimal 322)
   defining Unicode char U+0152 (decimal 338)
   defining Unicode char U+0153 (decimal 339)
   defining Unicode char U+2013 (decimal 8211)
   defining Unicode char U+2014 (decimal 8212)
   defining Unicode char U+2018 (decimal 8216)
   defining Unicode char U+2019 (decimal 8217)
   defining Unicode char U+201C (decimal 8220)
   defining Unicode char U+201D (decimal 8221)
)
Now handling font encoding OMS ...
... processing UTF-8 mapping file for font encoding OMS

(/usr/share/texlive/texmf-dist/tex/latex/base/omsenc.dfu
File: omsenc.dfu 2008/04/05 v1.1m UTF-8 support for inputenc
   defining Unicode char U+00A7 (decimal 167)
   defining Unicode char U+00B6 (decimal 182)
   defining Unicode char U+00B7 (decimal 183)
   defining Unicode char U+2020 (decimal 8224)
   defining Unicode char U+2021 (decimal 8225)
   defining Unicode char U+2022 (decimal 8226)
)
Now handling font encoding OMX ...
... no UTF-8 mapping file for font encoding OMX
Now handling font encoding U ...
... no UTF-8 mapping file for font encoding U
   defining Unicode char U+00A9 (decimal 169)
   defining Unicode char U+00AA (decimal 170)
   defining Unicode char U+00AE (decimal 174)
   defining Unicode char U+00BA (decimal 186)
   defining Unicode char U+02C6 (decimal 710)
   defining Unicode char U+02DC (decimal 732)
   defining Unicode char U+200C (decimal 8204)
   defining Unicode char U+2026 (decimal 8230)
   defining Unicode char U+2122 (decimal 8482)
   defining Unicode char U+2423 (decimal 9251)
))
(/usr/share/texlive/texmf-dist/tex/latex/cmap/cmap.sty
Package: cmap 2008/03/06 v1.0h CMap support: searchable PDF
)
(/usr/share/texlive/texmf-dist/tex/latex/etex-pkg/etex.sty
Package: etex 1998/03/26 v2.0 eTeX basic definition package (PEB)
\et@xins=\count89
)
(/usr/share/texlive/texmf-dist/tex/latex/base/fontenc.sty
Package: fontenc 2005/09/27 v1.99g Standard LaTeX package

(/usr/share/texlive/texmf-dist/tex/latex/base/t1enc.def
File: t1enc.def 2005/09/27 v1.99g Standard LaTeX file
LaTeX Font Info:    Redeclaring font encoding T1 on input line 43.
)<<t1.cmap>>)
(/usr/share/texlive/texmf-dist/tex/latex/graphics/graphicx.sty
Package: graphicx 1999/02/16 v1.0f Enhanced LaTeX Graphics (DPC,SPQR)

(/usr/share/texlive/texmf-dist/tex/latex/graphics/keyval.sty
Package: keyval 1999/03/16 v1.13 key=value parser (DPC)
\KV@toks@=\toks16
)
(/usr/share/texlive/texmf-dist/tex/latex/graphics/graphics.sty
Package: graphics 2009/02/05 v1.0o Standard LaTeX Graphics (DPC,SPQR)

(/usr/share/texlive/texmf-dist/tex/latex/graphics/trig.sty
Package: trig 1999/03/16 v1.09 sin cos tan (DPC)
)
(/usr/share/texlive/texmf-dist/tex/latex/latexconfig/graphics.cfg
File: graphics.cfg 2010/04/23 v1.9 graphics configuration of TeX Live
)
Package graphics Info: Driver file: dvips.def on input line 91.

(/usr/share/texlive/texmf-dist/tex/latex/graphics/dvips.def
File: dvips.def 1999/02/16 v3.0i Driver-dependant file (DPC,SPQR)
))
\Gin@req@height=\dimen104
\Gin@req@width=\dimen105
)
(/usr/share/texlive/texmf-dist/tex/latex/subfigure/subfigure.sty
Package: subfigure 2002/03/15 v2.1.5 subfigure package
\subfigtopskip=\skip43
\subfigcapskip=\skip44
\subfigcaptopadj=\dimen106
\subfigbottomskip=\skip45
\subfigcapmargin=\dimen107
\subfiglabelskip=\skip46
\c@subfigure=\count90
\c@lofdepth=\count91
\c@subtable=\count92
\c@lotdepth=\count93

****************************************
* Local config file subfigure.cfg used *
****************************************
(/usr/share/texlive/texmf-dist/tex/latex/subfigure/subfigure.cfg)
\subfig@top=\skip47
\subfig@bottom=\skip48
)
(/usr/share/texlive/texmf-dist/tex/latex/geometry/geometry.sty
Package: geometry 2010/09/12 v5.6 Page Geometry

(/usr/share/texlive/texmf-dist/tex/generic/oberdiek/ifpdf.sty
Package: ifpdf 2011/01/30 v2.3 Provides the ifpdf switch (HO)
Package ifpdf Info: pdfTeX in PDF mode is detected.
)
(/usr/share/texlive/texmf-dist/tex/generic/oberdiek/ifvtex.sty
Package: ifvtex 2010/03/01 v1.5 Detect VTeX and its facilities (HO)
Package ifvtex Info: VTeX not detected.
)
(/usr/share/texlive/texmf-dist/tex/generic/ifxetex/ifxetex.sty
Package: ifxetex 2010/09/12 v0.6 Provides ifxetex conditional
)
\Gm@cnth=\count94
\Gm@cntv=\count95
\c@Gm@tempcnt=\count96
\Gm@bindingoffset=\dimen108
\Gm@wd@mp=\dimen109
\Gm@odd@mp=\dimen110
\Gm@even@mp=\dimen111
\Gm@layoutwidth=\dimen112
\Gm@layoutheight=\dimen113
\Gm@layouthoffset=\dimen114
\Gm@layoutvoffset=\dimen115
\Gm@dimlist=\toks17
)
(/usr/share/texlive/texmf-dist/tex/latex/tools/indentfirst.sty
Package: indentfirst 1995/11/23 v1.03 Indent first paragraph (DPC)
)
(/usr/share/texlive/texmf-dist/tex/latex/type1cm/type1cm.sty
Package: type1cm 2002/09/05 v0.04 BlueSky/Y&Y Type1 CM font definitions (DPC, p
atched RF)
)
(/usr/share/texlive/texmf-dist/tex/latex/lettrine/lettrine.sty
File: lettrine.sty 2013/03/14 v1.64 (Daniel Flipo)
\c@DefaultLines=\count97
\DefaultFindent=\dimen116
\DefaultNindent=\dimen117
\DefaultSlope=\dimen118
\L@lbox=\box26
\L@tbox=\box27
\c@L@lines=\count98
\L@Pindent=\dimen119
\L@Findent=\dimen120
\L@Nindent=\dimen121
\L@lraise=\dimen122
\L@first=\dimen123
\L@next=\dimen124
\L@slope=\dimen125
\L@height=\dimen126
\LettrineWidth=\dimen127

Loading lettrine.cfg
(/usr/share/texlive/texmf-dist/tex/latex/lettrine/lettrine.cfg))
(/usr/share/texlive/texmf-dist/tex/generic/dvips/colordvi.sty)
(/usr/share/texlive/texmf-dist/tex/latex/colortbl/colortbl.sty
Package: colortbl 2012/02/13 v1.0a Color table columns (DPC)

(/usr/share/texlive/texmf-dist/tex/latex/tools/array.sty
Package: array 2008/09/09 v2.4c Tabular extension package (FMi)
\col@sep=\dimen128
\extrarowheight=\dimen129
\NC@list=\toks18
\extratabsurround=\skip49
\backup@length=\skip50
)
(/usr/share/texlive/texmf-dist/tex/latex/graphics/color.sty
Package: color 2005/11/14 v1.0j Standard LaTeX Color (DPC)

(/usr/share/texlive/texmf-dist/tex/latex/latexconfig/color.cfg
File: color.cfg 2007/01/18 v1.5 color configuration of teTeX/TeXLive
)
Package color Info: Driver file: pdftex.def on input line 130.

(/usr/share/texlive/texmf-dist/tex/latex/pdftex-def/pdftex.def
File: pdftex.def 2011/05/27 v0.06d Graphics/color for pdfTeX

(/usr/share/texlive/texmf-dist/tex/generic/oberdiek/infwarerr.sty
Package: infwarerr 2010/04/08 v1.3 Providing info/warning/error messages (HO)
)
(/usr/share/texlive/texmf-dist/tex/generic/oberdiek/ltxcmds.sty
Package: ltxcmds 2011/11/09 v1.22 LaTeX kernel commands for general use (HO)
)
\Gread@gobject=\count99
))
\everycr=\toks19
\minrowclearance=\skip51
)
(/usr/share/texlive/texmf-dist/tex/latex/multirow/multirow.sty
\bigstrutjot=\dimen130
)
(/usr/share/texlive/texmf-dist/tex/latex/pstricks/pstricks.sty
Package: pstricks 2013/12/12 v0.60 LaTeX wrapper for `PSTricks' (RN,HV)

(/usr/share/texlive/texmf-dist/tex/generic/pstricks/pstricks.tex
(/usr/share/texlive/texmf-dist/tex/generic/xkeyval/pst-xkey.tex
File: pst-xkey.tex 2005/11/25 v1.6 PSTricks specialization of xkeyval (HA)

(/usr/share/texlive/texmf-dist/tex/latex/xkeyval/xkeyval.sty
Package: xkeyval 2012/10/14 v2.6b package option processing (HA)

(/usr/share/texlive/texmf-dist/tex/generic/xkeyval/xkeyval.tex
\XKV@toks=\toks20
\XKV@tempa@toks=\toks21
\XKV@depth=\count100
File: xkeyval.tex 2012/10/14 v2.6b key=value parser (HA)
)))
(/usr/share/texlive/texmf-dist/tex/generic/pstricks/pst-fp.tex
`pst-fp' v0.05, 2010/01/17 (hv)
\pstFP@xs=\count101
\pstFP@xia=\count102
\pstFP@xib=\count103
\pstFP@xfa=\count104
\pstFP@xfb=\count105
\pstFP@rega=\count106
\pstFP@regb=\count107
\pstFP@regs=\count108
\pstFP@times=\count109
)
(/usr/share/texmf/tex/generic/pgf/utilities/pgfutil-common.tex
\pgfutil@everybye=\toks22
)
(/usr/share/texmf/tex/generic/pgf/utilities/pgfkeys.code.tex
\pgfkeys@pathtoks=\toks23
\pgfkeys@temptoks=\toks24

(/usr/share/texmf/tex/generic/pgf/utilities/pgfkeysfiltered.code.tex
\pgfkeys@tmptoks=\toks25
))
(/usr/share/texmf/tex/generic/pgf/utilities/pgffor.code.tex
\pgffor@iter=\dimen131
\pgffor@skip=\dimen132
\pgffor@stack=\toks26
\pgffor@toks=\toks27
)
\psLoopIndex=\count110

`PSTricks' v2.51  <2014/02/03> (tvz)
\pst@dima=\dimen133
\pst@dimb=\dimen134
\pst@dimc=\dimen135
\pst@dimd=\dimen136
\pst@dimg=\dimen137
\pst@dimh=\dimen138
\pst@dimm=\dimen139
\pst@dimn=\dimen140
\pst@dimo=\dimen141
\pst@dimp=\dimen142
\pst@hbox=\box28
\pst@ibox=\box29
\pst@boxg=\box30
\pst@cnta=\count111
\pst@cntb=\count112
\pst@cntc=\count113
\pst@cntd=\count114
\pst@cntg=\count115
\pst@cnth=\count116
\pst@cntm=\count117
\pst@cntn=\count118
\pst@cnto=\count119
\pst@cntp=\count120
\@zero=\count121
\pst@toks=\toks28
(/usr/share/texlive/texmf-dist/tex/generic/pstricks/pstricks.con)
\psunit=\dimen143
\psxunit=\dimen144
\psyunit=\dimen145
\pst@C@@rType=\count122
\pslinewidth=\dimen146
\psk@startLW=\dimen147
\psk@endLW=\dimen148
\pst@customdefs=\toks29
\pslinearc=\dimen149
\pst@symbolStep=\dimen150
\pst@symbolWidth=\dimen151
\pst@symbolLinewidth=\dimen152
\everypsbox=\toks30
\psframesep=\dimen153
\pslabelsep=\dimen154
\sh@wgridXunit=\dimen155
\sh@wgridYunit=\dimen156
\pst@shift=\dimen157
)
File: pstricks.tex 2014/02/03 v2.51 `PSTricks' (tvz,hv)

(/usr/share/texlive/texmf-dist/tex/generic/pstricks/pst-fp.tex)
File: pst-fp.tex 2014/02/03 v2.51 `PST-fp' (hv)

(/usr/share/texmf/tex/latex/xcolor/xcolor.sty
Package: xcolor 2007/01/21 v2.11 LaTeX color extensions (UK)

(/usr/share/texlive/texmf-dist/tex/latex/latexconfig/color.cfg
File: color.cfg 2007/01/18 v1.5 color configuration of teTeX/TeXLive
)
Package xcolor Info: Driver file: pdftex.def on input line 225.
LaTeX Info: Redefining \color on input line 702.
Package xcolor Info: Model `cmy' substituted by `cmy0' on input line 1337.
Package xcolor Info: Model `RGB' extended on input line 1353.
Package xcolor Info: Model `HTML' substituted by `rgb' on input line 1355.
Package xcolor Info: Model `Hsb' substituted by `hsb' on input line 1356.
Package xcolor Info: Model `tHsb' substituted by `hsb' on input line 1357.
Package xcolor Info: Model `HSB' substituted by `hsb' on input line 1358.
Package xcolor Info: Model `Gray' substituted by `gray' on input line 1359.
Package xcolor Info: Model `wave' substituted by `hsb' on input line 1360.
))
(/usr/share/texlive/texmf-dist/tex/latex/pstricks-add/pstricks-add.sty
(/usr/share/texlive/texmf-dist/tex/latex/pst-plot/pst-plot.sty
Package: pst-plot 2011/06/05 v1.00 LaTeX wrapper for `pst-plot' (HV)

(/usr/share/texlive/texmf-dist/tex/latex/xkeyval/pst-xkey.sty
Package: pst-xkey 2005/11/25 v1.6 package wrapper for pst-xkey.tex (HA)
)
(/usr/share/texlive/texmf-dist/tex/latex/multido/multido.sty
Package: multido 2004/05/17 package wrapper for PSTricks `multido.tex', (HV/RN)


(/usr/share/texlive/texmf-dist/tex/generic/multido/multido.tex
 v1.42, 2010/05/14 <tvz>
\multido@count=\count123
\multidocount=\count124
\multido@stuff=\toks31
)
File: multido.tex 2010/05/14 v1.42 `multido' (tvz,hv)
)
Package: pst-plot 2011/04/13 package wrapper for pst-plot.tex (hv)

(/usr/share/texlive/texmf-dist/tex/generic/pst-plot/pst-plot.tex
 v1.58, 2014/01/16 (tvz,hv)
\pstRadUnit=\dimen158
\pstRadUnitInv=\dimen159
\pst@linecnt=\count125
\RCD@file=\read1
\psxlabelsep=\dimen160
\psylabelsep=\dimen161
\psk@subticksize=\dimen162
\pst@xticksizeA=\dimen163
\pst@xticksizeB=\dimen164
\pst@xticksizeC=\dimen165
\pst@yticksizeA=\dimen166
\pst@yticksizeB=\dimen167
\pst@yticksizeC=\dimen168
\@digitcounter=\count126
\psk@llx=\dimen169
\psk@lly=\dimen170
\psk@urx=\dimen171
\psk@ury=\dimen172
\pst@xunit=\dimen173
\pst@yunit=\dimen174
)
File: pst-plot.tex 2014/01/16 1.58 `pst-plot' (tvz,hv)
)
(/usr/share/texlive/texmf-dist/tex/latex/pst-node/pst-node.sty
Package: pst-node 2012/09/18 v1.01 LaTeX wrapper for `pst-node' (HV)
Package: pst-node 2010/04/22 package wrapper for pst-node.tex

(/usr/share/texlive/texmf-dist/tex/generic/pst-node/pst-node.tex
 v1.32, 2014/02/03
\psrow=\count127
\pscol=\count128
\psmatrixcnt=\count129
\psrowsep=\skip52
\pscolsep=\skip53
\pst@args=\count130
\num@pts=\count131
\pst@argcnt=\count132
)
File: pst-node.tex 2014/02/03 1.32 `pst-node' (tvz,hv)
) (/usr/share/texlive/texmf-dist/tex/latex/pst-3d/pst-3d.sty
Package: pst-3d 2009/07/28 package wrapper for pst-3d.tex (hv)
(/usr/share/texlive/texmf-dist/tex/generic/pst-3d/pst-3d.tex
`PST-3d' v1.11, 2010/02/14 (tvz))
File: pst-3d.tex 2010/02/14 v1.11 `PST-3d' (hv)
)
(/usr/share/texlive/texmf-dist/tex/latex/pst-math/pst-math.sty
Package: pst-math 2009/01/20 package wrapper for PSTricks pst-math.tex

(/usr/share/texlive/texmf-dist/tex/generic/pst-math/pst-math.tex
`pst-math' v0.62 , (CJ,hv))
File: pst-math.tex 2010/10/20 v0.62 `PST-math' (hv)
)
Package: pstricks-add 2010/02/11 v. 0.14 package wrapper for pstricks-add.tex (
hv)

(/usr/share/texlive/texmf-dist/tex/generic/pstricks-add/pstricks-add.tex
`pstricks-add' v3.65, 2014/01/21 (dr,hv)
\psparallelogramsep=\dimen175
\pshooklength=\dimen176
\pshookwidth=\dimen177
\pst@cntC=\count133
\chart@ColorIndex=\dimen178
\chart@ColorStep=\dimen179
\pst@chartHeight=\dimen180
\pst@chartStackDepth=\dimen181
\pst@chartStackWidth=\dimen182
\chart@Toggle=\count134
\psVectorCtr=\count135
)
File: pstricks-add.tex 2014/01/21 v3.65 `PSTricks-add' (hv)
Package pstricks-add Info: Local config file pstricks-add.cfg used on input lin
e 20.

(/usr/share/texlive/texmf-dist/tex/latex/pstricks-add/pstricks-add.cfg
File: pstricks-add.cfg 2005/01/10 v0.1 addtional user stuff (hv)
))
(/usr/share/texlive/texmf-dist/tex/latex/yfonts/yfonts.sty
Package: yfonts 2003/01/08 v1.3 (WaS)
Now handling font encoding LY ...
... no UTF-8 mapping file for font encoding LY
Now handling font encoding LYG ...
... no UTF-8 mapping file for font encoding LYG
)
(/usr/share/texlive/texmf-dist/tex/generic/epsf/epsf.sty
This is `epsf.tex' v2.7.4 <14 February 2011>
\epsffilein=\read2
\epsfframemargin=\dimen183
\epsfframethickness=\dimen184
\epsfrsize=\dimen185
\epsftmp=\dimen186
\epsftsize=\dimen187
\epsfxsize=\dimen188
\epsfysize=\dimen189
\pspoints=\dimen190
) (/usr/share/texlive/texmf-dist/tex/latex/wrapfig/wrapfig.sty
\wrapoverhang=\dimen191
\WF@size=\dimen192
\c@WF@wrappedlines=\count136
\WF@box=\box31
\WF@everypar=\toks32
Package: wrapfig 2003/01/31  v 3.6
)
(/usr/share/texlive/texmf-dist/tex/latex/xtab/xtab.sty
Package: xtab 2011/07/31 v2.3f Extended supertabular package
\c@tracingst=\count137
\PWSTcapht=\dimen193
\ST@wd=\dimen194
\ST@rightskip=\skip54
\ST@leftskip=\skip55
\ST@parfillskip=\skip56
\c@PWSTtable=\count138
\PWSTlastpage=\count139
\PWSTpenultimate=\count140
\PWSTcurpage=\count141
\PWSTtempc=\count142
\PWSTlines=\count143
\PWST@lastht=\dimen195
\PWST@generalht=\dimen196
\PWST@ht=\dimen197
\ST@pageleft=\dimen198
\ST@headht=\dimen199
\ST@tailht=\dimen200
\ST@pagesofar=\dimen201
\ST@pboxht=\dimen202
\ST@lineht=\dimen203
\ST@stretchht=\dimen204
\ST@prevht=\dimen205
\ST@toadd=\dimen206
\ST@dimen=\dimen207
\ST@pbox=\box32
)
(/usr/share/texlive/texmf-dist/tex/latex/amsfonts/eucal.sty
Package: eucal 2009/06/22 v3.00 Euler Script fonts
LaTeX Font Info:    Overwriting math alphabet `\EuScript' in version `bold'
(Font)                  U/eus/m/n --> U/eus/b/n on input line 33.
)
(/usr/share/texlive/texmf-dist/tex/latex/jknapltx/mathrsfs.sty
Package: mathrsfs 1996/01/01 Math RSFS package v1.0 (jk)
\symrsfs=\mathgroup4
)
(/usr/share/texlive/texmf-dist/tex/latex/amsmath/amsmath.sty
Package: amsmath 2013/01/14 v2.14 AMS math features
\@mathmargin=\skip57

For additional information on amsmath, use the `?' option.
(/usr/share/texlive/texmf-dist/tex/latex/amsmath/amstext.sty
Package: amstext 2000/06/29 v2.01

(/usr/share/texlive/texmf-dist/tex/latex/amsmath/amsgen.sty
File: amsgen.sty 1999/11/30 v2.0
\@emptytoks=\toks33
\ex@=\dimen208
))
(/usr/share/texlive/texmf-dist/tex/latex/amsmath/amsbsy.sty
Package: amsbsy 1999/11/29 v1.2d
\pmbraise@=\dimen209
)
(/usr/share/texlive/texmf-dist/tex/latex/amsmath/amsopn.sty
Package: amsopn 1999/12/14 v2.01 operator names
)
\inf@bad=\count144
LaTeX Info: Redefining \frac on input line 210.
\uproot@=\count145
\leftroot@=\count146
LaTeX Info: Redefining \overline on input line 306.
\classnum@=\count147
\DOTSCASE@=\count148
LaTeX Info: Redefining \ldots on input line 378.
LaTeX Info: Redefining \dots on input line 381.
LaTeX Info: Redefining \cdots on input line 466.
\Mathstrutbox@=\box33
\strutbox@=\box34
\big@size=\dimen210
LaTeX Font Info:    Redeclaring font encoding OML on input line 566.
LaTeX Font Info:    Redeclaring font encoding OMS on input line 567.
\macc@depth=\count149
\c@MaxMatrixCols=\count150
\dotsspace@=\muskip10
\c@parentequation=\count151
\dspbrk@lvl=\count152
\tag@help=\toks34
\row@=\count153
\column@=\count154
\maxfields@=\count155
\andhelp@=\toks35
\eqnshift@=\dimen211
\alignsep@=\dimen212
\tagshift@=\dimen213
\tagwidth@=\dimen214
\totwidth@=\dimen215
\lineht@=\dimen216
\@envbody=\toks36
\multlinegap=\skip58
\multlinetaggap=\skip59
\mathdisplay@stack=\toks37
LaTeX Info: Redefining \[ on input line 2665.
LaTeX Info: Redefining \] on input line 2666.
)
(/usr/share/texlive/texmf-dist/tex/latex/amsfonts/amssymb.sty
Package: amssymb 2013/01/14 v3.01 AMS font symbols

(/usr/share/texlive/texmf-dist/tex/latex/amsfonts/amsfonts.sty
Package: amsfonts 2013/01/14 v3.01 Basic AMSFonts support
\symAMSa=\mathgroup5
\symAMSb=\mathgroup6
LaTeX Font Info:    Overwriting math alphabet `\mathfrak' in version `bold'
(Font)                  U/euf/m/n --> U/euf/b/n on input line 106.
))
(/usr/share/texlive/texmf-dist/tex/latex/base/textcomp.sty
Package: textcomp 2005/09/27 v1.99g Standard LaTeX package
Package textcomp Info: Sub-encoding information:
(textcomp)               5 = only ISO-Adobe without \textcurrency
(textcomp)               4 = 5 + \texteuro
(textcomp)               3 = 4 + \textohm
(textcomp)               2 = 3 + \textestimated + \textcurrency
(textcomp)               1 = TS1 - \textcircled - \t
(textcomp)               0 = TS1 (full)
(textcomp)             Font families with sub-encoding setting implement
(textcomp)             only a restricted character set as indicated.
(textcomp)             Family '?' is the default used for unknown fonts.
(textcomp)             See the documentation for details.
Package textcomp Info: Setting ? sub-encoding to TS1/1 on input line 71.

(/usr/share/texlive/texmf-dist/tex/latex/base/ts1enc.def
File: ts1enc.def 2001/06/05 v3.0e (jk/car/fm) Standard LaTeX file
Now handling font encoding TS1 ...
... processing UTF-8 mapping file for font encoding TS1

(/usr/share/texlive/texmf-dist/tex/latex/base/ts1enc.dfu
File: ts1enc.dfu 2008/04/05 v1.1m UTF-8 support for inputenc
   defining Unicode char U+00A2 (decimal 162)
   defining Unicode char U+00A3 (decimal 163)
   defining Unicode char U+00A4 (decimal 164)
   defining Unicode char U+00A5 (decimal 165)
   defining Unicode char U+00A6 (decimal 166)
   defining Unicode char U+00A7 (decimal 167)
   defining Unicode char U+00A8 (decimal 168)
   defining Unicode char U+00A9 (decimal 169)
   defining Unicode char U+00AA (decimal 170)
   defining Unicode char U+00AC (decimal 172)
   defining Unicode char U+00AE (decimal 174)
   defining Unicode char U+00AF (decimal 175)
   defining Unicode char U+00B0 (decimal 176)
   defining Unicode char U+00B1 (decimal 177)
   defining Unicode char U+00B2 (decimal 178)
   defining Unicode char U+00B3 (decimal 179)
   defining Unicode char U+00B4 (decimal 180)
   defining Unicode char U+00B5 (decimal 181)
   defining Unicode char U+00B6 (decimal 182)
   defining Unicode char U+00B7 (decimal 183)
   defining Unicode char U+00B9 (decimal 185)
   defining Unicode char U+00BA (decimal 186)
   defining Unicode char U+00BC (decimal 188)
   defining Unicode char U+00BD (decimal 189)
   defining Unicode char U+00BE (decimal 190)
   defining Unicode char U+00D7 (decimal 215)
   defining Unicode char U+00F7 (decimal 247)
   defining Unicode char U+0192 (decimal 402)
   defining Unicode char U+02C7 (decimal 711)
   defining Unicode char U+02D8 (decimal 728)
   defining Unicode char U+02DD (decimal 733)
   defining Unicode char U+0E3F (decimal 3647)
   defining Unicode char U+2016 (decimal 8214)
   defining Unicode char U+2020 (decimal 8224)
   defining Unicode char U+2021 (decimal 8225)
   defining Unicode char U+2022 (decimal 8226)
   defining Unicode char U+2030 (decimal 8240)
   defining Unicode char U+2031 (decimal 8241)
   defining Unicode char U+203B (decimal 8251)
   defining Unicode char U+203D (decimal 8253)
   defining Unicode char U+2044 (decimal 8260)
   defining Unicode char U+204E (decimal 8270)
   defining Unicode char U+2052 (decimal 8274)
   defining Unicode char U+20A1 (decimal 8353)
   defining Unicode char U+20A4 (decimal 8356)
   defining Unicode char U+20A6 (decimal 8358)
   defining Unicode char U+20A9 (decimal 8361)
   defining Unicode char U+20AB (decimal 8363)
   defining Unicode char U+20AC (decimal 8364)
   defining Unicode char U+20B1 (decimal 8369)
   defining Unicode char U+2103 (decimal 8451)
   defining Unicode char U+2116 (decimal 8470)
   defining Unicode char U+2117 (decimal 8471)
   defining Unicode char U+211E (decimal 8478)
   defining Unicode char U+2120 (decimal 8480)
   defining Unicode char U+2122 (decimal 8482)
   defining Unicode char U+2126 (decimal 8486)
   defining Unicode char U+2127 (decimal 8487)
   defining Unicode char U+212E (decimal 8494)
   defining Unicode char U+2190 (decimal 8592)
   defining Unicode char U+2191 (decimal 8593)
   defining Unicode char U+2192 (decimal 8594)
   defining Unicode char U+2193 (decimal 8595)
   defining Unicode char U+2329 (decimal 9001)
   defining Unicode char U+232A (decimal 9002)
   defining Unicode char U+2422 (decimal 9250)
   defining Unicode char U+25E6 (decimal 9702)
   defining Unicode char U+25EF (decimal 9711)
   defining Unicode char U+266A (decimal 9834)
))
LaTeX Info: Redefining \oldstylenums on input line 266.
Package textcomp Info: Setting cmr sub-encoding to TS1/0 on input line 281.
Package textcomp Info: Setting cmss sub-encoding to TS1/0 on input line 282.
Package textcomp Info: Setting cmtt sub-encoding to TS1/0 on input line 283.
Package textcomp Info: Setting cmvtt sub-encoding to TS1/0 on input line 284.
Package textcomp Info: Setting cmbr sub-encoding to TS1/0 on input line 285.
Package textcomp Info: Setting cmtl sub-encoding to TS1/0 on input line 286.
Package textcomp Info: Setting ccr sub-encoding to TS1/0 on input line 287.
Package textcomp Info: Setting ptm sub-encoding to TS1/4 on input line 288.
Package textcomp Info: Setting pcr sub-encoding to TS1/4 on input line 289.
Package textcomp Info: Setting phv sub-encoding to TS1/4 on input line 290.
Package textcomp Info: Setting ppl sub-encoding to TS1/3 on input line 291.
Package textcomp Info: Setting pag sub-encoding to TS1/4 on input line 292.
Package textcomp Info: Setting pbk sub-encoding to TS1/4 on input line 293.
Package textcomp Info: Setting pnc sub-encoding to TS1/4 on input line 294.
Package textcomp Info: Setting pzc sub-encoding to TS1/4 on input line 295.
Package textcomp Info: Setting bch sub-encoding to TS1/4 on input line 296.
Package textcomp Info: Setting put sub-encoding to TS1/5 on input line 297.
Package textcomp Info: Setting uag sub-encoding to TS1/5 on input line 298.
Package textcomp Info: Setting ugq sub-encoding to TS1/5 on input line 299.
Package textcomp Info: Setting ul8 sub-encoding to TS1/4 on input line 300.
Package textcomp Info: Setting ul9 sub-encoding to TS1/4 on input line 301.
Package textcomp Info: Setting augie sub-encoding to TS1/5 on input line 302.
Package textcomp Info: Setting dayrom sub-encoding to TS1/3 on input line 303.
Package textcomp Info: Setting dayroms sub-encoding to TS1/3 on input line 304.

Package textcomp Info: Setting pxr sub-encoding to TS1/0 on input line 305.
Package textcomp Info: Setting pxss sub-encoding to TS1/0 on input line 306.
Package textcomp Info: Setting pxtt sub-encoding to TS1/0 on input line 307.
Package textcomp Info: Setting txr sub-encoding to TS1/0 on input line 308.
Package textcomp Info: Setting txss sub-encoding to TS1/0 on input line 309.
Package textcomp Info: Setting txtt sub-encoding to TS1/0 on input line 310.
Package textcomp Info: Setting lmr sub-encoding to TS1/0 on input line 311.
Package textcomp Info: Setting lmdh sub-encoding to TS1/0 on input line 312.
Package textcomp Info: Setting lmss sub-encoding to TS1/0 on input line 313.
Package textcomp Info: Setting lmssq sub-encoding to TS1/0 on input line 314.
Package textcomp Info: Setting lmvtt sub-encoding to TS1/0 on input line 315.
Package textcomp Info: Setting qhv sub-encoding to TS1/0 on input line 316.
Package textcomp Info: Setting qag sub-encoding to TS1/0 on input line 317.
Package textcomp Info: Setting qbk sub-encoding to TS1/0 on input line 318.
Package textcomp Info: Setting qcr sub-encoding to TS1/0 on input line 319.
Package textcomp Info: Setting qcs sub-encoding to TS1/0 on input line 320.
Package textcomp Info: Setting qpl sub-encoding to TS1/0 on input line 321.
Package textcomp Info: Setting qtm sub-encoding to TS1/0 on input line 322.
Package textcomp Info: Setting qzc sub-encoding to TS1/0 on input line 323.
Package textcomp Info: Setting qhvc sub-encoding to TS1/0 on input line 324.
Package textcomp Info: Setting futs sub-encoding to TS1/4 on input line 325.
Package textcomp Info: Setting futx sub-encoding to TS1/4 on input line 326.
Package textcomp Info: Setting futj sub-encoding to TS1/4 on input line 327.
Package textcomp Info: Setting hlh sub-encoding to TS1/3 on input line 328.
Package textcomp Info: Setting hls sub-encoding to TS1/3 on input line 329.
Package textcomp Info: Setting hlst sub-encoding to TS1/3 on input line 330.
Package textcomp Info: Setting hlct sub-encoding to TS1/5 on input line 331.
Package textcomp Info: Setting hlx sub-encoding to TS1/5 on input line 332.
Package textcomp Info: Setting hlce sub-encoding to TS1/5 on input line 333.
Package textcomp Info: Setting hlcn sub-encoding to TS1/5 on input line 334.
Package textcomp Info: Setting hlcw sub-encoding to TS1/5 on input line 335.
Package textcomp Info: Setting hlcf sub-encoding to TS1/5 on input line 336.
Package textcomp Info: Setting pplx sub-encoding to TS1/3 on input line 337.
Package textcomp Info: Setting pplj sub-encoding to TS1/3 on input line 338.
Package textcomp Info: Setting ptmx sub-encoding to TS1/4 on input line 339.
Package textcomp Info: Setting ptmj sub-encoding to TS1/4 on input line 340.
)
(/usr/share/texlive/texmf-dist/tex/latex/footmisc/footmisc.sty
Package: footmisc 2011/06/06 v5.5b a miscellany of footnote facilities
\FN@temptoken=\toks38
\footnotemargin=\dimen217
\c@pp@next@reset=\count156
Package footmisc Info: Declaring symbol style bringhurst on input line 855.
Package footmisc Info: Declaring symbol style chicago on input line 863.
Package footmisc Info: Declaring symbol style wiley on input line 872.
Package footmisc Info: Declaring symbol style lamport-robust on input line 883.

Package footmisc Info: Declaring symbol style lamport* on input line 903.
Package footmisc Info: Declaring symbol style lamport*-robust on input line 924
.
)
(/usr/share/texlive/texmf-dist/tex/latex/base/ifthen.sty
Package: ifthen 2001/05/26 v1.1c Standard LaTeX ifthen package (DPC)
)
(/usr/share/texlive/texmf-dist/tex/latex/float/float.sty
Package: float 2001/11/08 v1.3d Float enhancements (AL)
\c@float@type=\count157
\float@exts=\toks39
\float@box=\box35
\@float@everytoks=\toks40
\@floatcapt=\box36
)
(/usr/share/texlive/texmf-dist/tex/latex/algorithm2e/algorithm2e.sty
Package: algorithm2e 2013/01/06 v5.00 algorithms environments
\c@AlgoLine=\count158

(/usr/share/texlive/texmf-dist/tex/latex/tools/xspace.sty
Package: xspace 2009/10/20 v1.13 Space after command names (DPC,MH)
)
(/usr/share/texlive/texmf-dist/tex/latex/relsize/relsize.sty
Package: relsize 2013/03/29 ver 4.1
)
********************************************************
Package `algorithm2e' Release 5.0 -- january 06 2013 --
- algorithm2e-announce@lirmm.fr mailing list for announcement about releases
- algorithm2e-discussion@lirmm.fr mailing list for discussion about package
subscribe by emailing sympa@lirmm.fr with 'subscribe <list> <firstname name>'
- Author: Christophe Fiorio (cfiorio@um2.fr)
********************************************************
\skiptotal=\skip60
\skiplinenumber=\skip61
\skiprule=\skip62
\skiphlne=\skip63
\skiptext=\skip64
\skiplength=\skip65
\algomargin=\skip66
\skipalgocfslide=\skip67
\algowidth=\dimen218
\inoutsize=\dimen219
\inoutindent=\dimen220
\interspacetitleruled=\dimen221
\interspacealgoruled=\dimen222
\interspacetitleboxruled=\dimen223
\algocf@inoutbox=\box37
\algocf@inputbox=\box38
\AlCapSkip=\skip68
\AlCapHSkip=\skip69
\algoskipindent=\skip70
\algocf@nlbox=\box39
\algocf@hangingbox=\box40
\algocf@untilbox=\box41
\algocf@skipuntil=\skip71
\algocf@capbox=\box42
\algoheightruledefault=\skip72
\algoheightrule=\skip73
\algotitleheightruledefault=\skip74
\algotitleheightrule=\skip75
\c@algocfline=\count159
\c@algocfproc=\count160
\c@algocf=\count161
\algocf@algoframe=\box43
\algocf@algobox=\box44
) (/usr/share/texlive/texmf-dist/tex/latex/quotchap/quotchap.sty
Package: quotchap 2012/10/20 v1.1 Decorative Chapter Headings with Quotes
\@quotebox=\box45
)
(./IEEEtrantools_mod.sty
Package: IEEEtrantools_mod 2002/11/18 revision V1.1 by Michael Shell

-- See the "IEEEtrantools_doc.txt" manual for usage information.
\@IEEEtrantmpdimenA=\dimen224
\@IEEEtrantmpdimenB=\dimen225
\@IEEEtrantmpcountA=\count162
\@IEEEtrantmpcountB=\count163
\@IEEEtrantmptoksA=\toks41
\normalsizebaselineskip=\skip76
\normaljot=\skip77
\IEEEilabelindentA=\dimen226
\IEEEilabelindentB=\dimen227
\IEEEilabelindent=\dimen228
\IEEEelabelindent=\dimen229
\IEEEdlabelindent=\dimen230
\labelindent=\dimen231
\IEEEiednormlabelsep=\dimen232
\IEEEiedmathlabelsep=\dimen233
\IEEEiedtopsep=\skip78
\c@IEEEsubequation=\count164
\@IEEEeqnnumcols=\count165
\@IEEEeqncolcnt=\count166
) (/usr/share/texlive/texmf-dist/tex/latex/graphics/lscape.sty
Package: lscape 2000/10/22 v3.01 Landscape Pages (DPC)
)
(/usr/share/texlive/texmf-dist/tex/latex/nomencl/nomencl.sty
Package: nomencl 2005/09/22 v4.2 Nomenclature package (LN)
Normal \dimen register pool exhausted, switching to extended pool.
\nomlabelwidth=\dimen256
\nom@tempdim=\dimen257
\nomitemsep=\skip79
)
\@nomenclaturefile=\write3
\openout3 = `Manifesto.nlo'.


Writing nomenclature file Manifesto.nlo
(/usr/share/texlive/texmf-dist/tex/latex/tocbibind/tocbibind.sty
Package: tocbibind 2010/10/13 v1.5k extra ToC listings
Package tocbibind Info: The document has chapter divisions on input line 50.


Package tocbibind Note: Using chapter style headings, unless overridden.

) (/usr/share/texlive/texmf-dist/tex/latex/lastpage/lastpage.sty
Package: lastpage 2013/01/28 v1.2l Refers to last page's name (HMM; JPG)
)
(/usr/share/texlive/texmf-dist/tex/latex/setspace/setspace.sty
Package: setspace 2011/12/19 v6.7a set line spacing
)
(/usr/share/texlive/texmf-dist/tex/latex/abntex2/abntex2cite.sty
Package: abntex2cite 2014/01/26 v1.9.2 abnTeX2

(/usr/share/texlive/texmf-dist/tex/latex/tools/calc.sty
Package: calc 2007/08/22 v4.3 Infix arithmetic (KKT,FJ)
\calc@Acount=\count167
\calc@Bcount=\count168
\calc@Adimen=\dimen258
\calc@Bdimen=\dimen259
\calc@Askip=\skip80
\calc@Bskip=\skip81
LaTeX Info: Redefining \setlength on input line 76.
LaTeX Info: Redefining \addtolength on input line 77.
\calc@Ccount=\count169
\calc@Cskip=\skip82
)
(/usr/share/texlive/texmf-dist/tex/latex/abntex2/abntex2abrev.sty)
(/usr/share/texlive/texmf-dist/tex/latex/url/url.sty
\Urlmuskip=\muskip11
Package: url 2013/09/16  ver 3.4  Verb mode for urls, etc.
)
\minimumbiblabelwidth=\skip83
\ABCIauxlen=\skip84
\c@ABCIaux=\count170
\c@ABCImax=\count171
\biblabelsep=\skip85
LaTeX Info: Redefining \newblock on input line 675.
LaTeX Info: Redefining \cite on input line 946.
\ABCItoken=\toks42
)
(/usr/share/texlive/texmf-dist/tex/latex/epigraph/epigraph.sty
Package: epigraph 2009/09/02 v1.5c typesetting epigraphs
\beforeepigraphskip=\skip86
\afterepigraphskip=\skip87
\epigraphwidth=\skip88
\epigraphrule=\skip89
)
(/usr/share/texlive/texmf-dist/tex/latex/ms/ragged2e.sty
Package: ragged2e 2009/05/21 v2.1 ragged2e Package (MS)

(/usr/share/texlive/texmf-dist/tex/latex/ms/everysel.sty
Package: everysel 2011/10/28 v1.2 EverySelectfont Package (MS)
)
\CenteringLeftskip=\skip90
\RaggedLeftLeftskip=\skip91
\RaggedRightLeftskip=\skip92
\CenteringRightskip=\skip93
\RaggedLeftRightskip=\skip94
\RaggedRightRightskip=\skip95
\CenteringParfillskip=\skip96
\RaggedLeftParfillskip=\skip97
\RaggedRightParfillskip=\skip98
\JustifyingParfillskip=\skip99
\CenteringParindent=\skip100
\RaggedLeftParindent=\skip101
\RaggedRightParindent=\skip102
\JustifyingParindent=\skip103
)
(/usr/share/texlive/texmf-dist/tex/latex/lipsum/lipsum.sty
Package: lipsum 2011/04/14 v1.2 150 paragraphs of Lorem Ipsum dummy text
\c@lips@count=\count172
)
(/usr/share/texlive/texmf-dist/tex/latex/oberdiek/epstopdf.sty
Package: epstopdf 2010/02/09 v2.5 Conversion with epstopdf on the fly (HO)

(/usr/share/texlive/texmf-dist/tex/latex/oberdiek/epstopdf-base.sty
Package: epstopdf-base 2010/02/09 v2.5 Base part for package epstopdf

(/usr/share/texlive/texmf-dist/tex/latex/oberdiek/grfext.sty
Package: grfext 2010/08/19 v1.1 Manage graphics extensions (HO)

(/usr/share/texlive/texmf-dist/tex/generic/oberdiek/kvdefinekeys.sty
Package: kvdefinekeys 2011/04/07 v1.3 Define keys (HO)
))
(/usr/share/texlive/texmf-dist/tex/latex/oberdiek/kvoptions.sty
Package: kvoptions 2011/06/30 v3.11 Key value format for package options (HO)

(/usr/share/texlive/texmf-dist/tex/generic/oberdiek/kvsetkeys.sty
Package: kvsetkeys 2012/04/25 v1.16 Key value parser (HO)

(/usr/share/texlive/texmf-dist/tex/generic/oberdiek/etexcmds.sty
Package: etexcmds 2011/02/16 v1.5 Avoid name clashes with e-TeX commands (HO)

(/usr/share/texlive/texmf-dist/tex/generic/oberdiek/ifluatex.sty
Package: ifluatex 2010/03/01 v1.3 Provides the ifluatex switch (HO)
Package ifluatex Info: LuaTeX not detected.
)
Package etexcmds Info: Could not find \expanded.
(etexcmds)             That can mean that you are not using pdfTeX 1.50 or
(etexcmds)             that some package has redefined \expanded.
(etexcmds)             In the latter case, load this package earlier.
)))
(/usr/share/texlive/texmf-dist/tex/generic/oberdiek/pdftexcmds.sty
Package: pdftexcmds 2011/11/29 v0.20 Utility functions of pdfTeX for LuaTeX (HO
)
Package pdftexcmds Info: LuaTeX not detected.
Package pdftexcmds Info: \pdf@primitive is available.
Package pdftexcmds Info: \pdf@ifprimitive is available.
Package pdftexcmds Info: \pdfdraftmode found.
)
Package epstopdf-base Info: Redefining graphics rule for `.eps' on input line 4
34.
Package grfext Info: Graphics extension search list:
(grfext)             [.png,.pdf,.jpg,.mps,.jpeg,.jbig2,.jb2,.PNG,.PDF,.JPG,.JPE
G,.JBIG2,.JB2,.eps]
(grfext)             \AppendGraphicsExtensions on input line 452.

(/usr/share/texlive/texmf-dist/tex/latex/latexconfig/epstopdf-sys.cfg
File: epstopdf-sys.cfg 2010/07/13 v1.3 Configuration of (r)epstopdf for TeX Liv
e
))))
(./Manifesto.aux (./Pre-textual/Capa.aux) (./Pre-textual/FolhaRosto.aux)
(./Textual/1_introducao.aux) (./Textual/2_estado_arte.aux)
(./Textual/3_metodologia.aux) (./Textual/4_simulacao.aux)
(./Textual/5_conclusao.aux) (./Textual/Anexo1.aux))
\openout1 = `Manifesto.aux'.

LaTeX Font Info:    Checking defaults for OML/cmm/m/it on input line 8.
LaTeX Font Info:    ... okay on input line 8.
LaTeX Font Info:    Checking defaults for T1/cmr/m/n on input line 8.
LaTeX Font Info:    ... okay on input line 8.
LaTeX Font Info:    Checking defaults for OT1/cmr/m/n on input line 8.
LaTeX Font Info:    ... okay on input line 8.
LaTeX Font Info:    Checking defaults for OMS/cmsy/m/n on input line 8.
LaTeX Font Info:    ... okay on input line 8.
LaTeX Font Info:    Checking defaults for OMX/cmex/m/n on input line 8.
LaTeX Font Info:    ... okay on input line 8.
LaTeX Font Info:    Checking defaults for U/cmr/m/n on input line 8.
LaTeX Font Info:    ... okay on input line 8.
LaTeX Font Info:    Checking defaults for LY/yfrak/m/n on input line 8.
LaTeX Font Info:    ... okay on input line 8.
LaTeX Font Info:    Checking defaults for LYG/ygoth/m/n on input line 8.
LaTeX Font Info:    ... okay on input line 8.
LaTeX Font Info:    Checking defaults for TS1/cmr/m/n on input line 8.
LaTeX Font Info:    Try loading font information for TS1+cmr on input line 8.

(/usr/share/texlive/texmf-dist/tex/latex/base/ts1cmr.fd
File: ts1cmr.fd 1999/05/25 v2.5h Standard LaTeX font definitions
)
LaTeX Font Info:    ... okay on input line 8.

*geometry* driver: auto-detecting
*geometry* detected driver: pdftex
*geometry* verbose mode - [ preamble ] result:
* driver: pdftex
* paper: a4paper
* layout: <same size as paper>
* layoutoffset:(h,v)=(0.0pt,0.0pt)
* modes: 
* h-part:(L,W,R)=(85.35826pt, 455.24411pt, 56.9055pt)
* v-part:(T,H,B)=(85.35826pt, 702.78308pt, 56.9055pt)
* \paperwidth=597.50787pt
* \paperheight=845.04684pt
* \textwidth=455.24411pt
* \textheight=702.78308pt
* \oddsidemargin=13.08827pt
* \evensidemargin=13.08827pt
* \topmargin=-23.91173pt
* \headheight=12.0pt
* \headsep=25.0pt
* \topskip=12.0pt
* \footskip=30.0pt
* \marginparwidth=35.0pt
* \marginparsep=10.0pt
* \columnsep=10.0pt
* \skip\footins=10.8pt plus 4.0pt minus 2.0pt
* \hoffset=0.0pt
* \voffset=0.0pt
* \mag=1000
* \@twocolumnfalse
* \@twosidefalse
* \@mparswitchfalse
* \@reversemarginfalse
* (1in=72.27pt=25.4mm, 1cm=28.453pt)

(/usr/share/texlive/texmf-dist/tex/context/base/supp-pdf.mkii
[Loading MPS to PDF converter (version 2006.09.02).]
\scratchcounter=\count173
\scratchdimen=\dimen260
\scratchbox=\box46
\nofMPsegments=\count174
\nofMParguments=\count175
\everyMPshowfont=\toks43
\MPscratchCnt=\count176
\MPscratchDim=\dimen261
\MPnumerator=\count177
\makeMPintoPDFobject=\count178
\everyMPtoPDFconversion=\toks44
)
Package lastpage Info: Please have a look at the pageslts package at
(lastpage)             http://www.ctan.org/tex-archive/ 
(lastpage)             macros/latex/contrib/pageslts/ 
(lastpage)             or
(lastpage)             http://www.ctan.org/tex-archive/ 
(lastpage)             install/macros/latex/contrib/pageslts.tds.zip
(lastpage)             ! on input line 8.
 ABD: EverySelectfont initializing macros
LaTeX Info: Redefining \selectfont on input line 8.
\openout2 = `Pre-textual/Capa.aux'.

 (./Pre-textual/Capa.tex
Package epstopdf Info: Source file: <Figuras/Capa/upelogo.eps>
(epstopdf)                    date: 2016-09-20 16:06:37
(epstopdf)                    size: 45051 bytes
(epstopdf)             Output file: <Figuras/Capa/upelogo-eps-converted-to.pdf>

(epstopdf)                    date: 2016-09-20 16:06:37
(epstopdf)                    size: 13855 bytes
(epstopdf)             Command: <repstopdf --outfile=Figuras/Capa/upelogo-eps-c
onverted-to.pdf Figuras/Capa/upelogo.eps>
(epstopdf)             \includegraphics on input line 12.
Package epstopdf Info: Output file is already uptodate.

<Figuras/Capa/upelogo-eps-converted-to.pdf, id=2, 195.73125pt x 127.47626pt>
File: Figuras/Capa/upelogo-eps-converted-to.pdf Graphic file (type pdf)

<use Figuras/Capa/upelogo-eps-converted-to.pdf>
Package pdftex.def Info: Figuras/Capa/upelogo-eps-converted-to.pdf used on inpu
t line 12.
(pdftex.def)             Requested size: 51.21446pt x 42.68001pt.

<Figuras/Capa/logoPoli.jpg, id=3, 463.7325pt x 301.125pt>
File: Figuras/Capa/logoPoli.jpg Graphic file (type jpg)

<use Figuras/Capa/logoPoli.jpg>
Package pdftex.def Info: Figuras/Capa/logoPoli.jpg used on input line 14.
(pdftex.def)             Requested size: 54.05339pt x 48.36937pt.

<Figuras/Capa/icblogo.png, id=4, 126.4725pt x 32.5215pt>
File: Figuras/Capa/icblogo.png Graphic file (type png)

<use Figuras/Capa/icblogo.png>
Package pdftex.def Info: Figuras/Capa/icblogo.png used on input line 16.
(pdftex.def)             Requested size: 128.03918pt x 42.68137pt.

<Figuras/Capa/logo_ppges3.png, id=6, 356.0803pt x 246.1697pt>
File: Figuras/Capa/logo_ppges3.png Graphic file (type png)

<use Figuras/Capa/logo_ppges3.png>
Package pdftex.def Info: Figuras/Capa/logo_ppges3.png used on input line 31.
(pdftex.def)             Requested size: 288.10834pt x 199.16928pt.
 [1
Non-PDF special ignored!
Non-PDF special ignored!
Non-PDF special ignored!
Non-PDF special ignored!
Non-PDF special ignored!
Non-PDF special ignored!
Non-PDF special ignored!
Non-PDF special ignored!


Non-PDF special ignored!
Non-PDF special ignored!
Non-PDF special ignored!
Non-PDF special ignored!

{/var/lib/texmf/fonts/map/pdftex/updmap/pdftex.map} <./Figuras/Capa/upelogo-eps
-converted-to.pdf> <./Figuras/Capa/logoPoli.jpg> <./Figuras/Capa/icblogo.png> <
./Figuras/Capa/logo_ppges3.png (PNG copy)>])
\openout2 = `Pre-textual/FolhaRosto.aux'.


(./Pre-textual/FolhaRosto.tex
Package epstopdf Info: Source file: <Figuras/Capa/brasao_upe.eps>
(epstopdf)                    date: 2016-09-20 16:06:37
(epstopdf)                    size: 197068 bytes
(epstopdf)             Output file: <Figuras/Capa/brasao_upe-eps-converted-to.p
df>
(epstopdf)                    date: 2016-09-20 16:06:37
(epstopdf)                    size: 53968 bytes
(epstopdf)             Command: <repstopdf --outfile=Figuras/Capa/brasao_upe-ep
s-converted-to.pdf Figuras/Capa/brasao_upe.eps>
(epstopdf)             \includegraphics on input line 9.
Package epstopdf Info: Output file is already uptodate.

<Figuras/Capa/brasao_upe-eps-converted-to.pdf, id=19, 367.3725pt x 458.71375pt>
File: Figuras/Capa/brasao_upe-eps-converted-to.pdf Graphic file (type pdf)
<use Figuras/Capa/brasao_upe-eps-converted-to.pdf>
Package pdftex.def Info: Figuras/Capa/brasao_upe-eps-converted-to.pdf used on i
nput line 9.
(pdftex.def)             Requested size: 45.57388pt x 56.9055pt.
<<ot1.cmap>><<oml.cmap>><<oms.cmap>><<omx.cmap>>
LaTeX Font Info:    Try loading font information for U+rsfs on input line 49.
 (/usr/share/texlive/texmf-dist/tex/latex/jknapltx/ursfs.fd
File: ursfs.fd 1998/03/24 rsfs font definition file (jk)
)) [1


 <./Figuras/Capa/brasao_upe-eps-converted-to.pdf>]
(./Pre-textual/Epigrafe.tex) [2

]
LaTeX Font Info:    Try loading font information for T1+put on input line 26.

(/usr/share/texlive/texmf-dist/tex/latex/psnfss/t1put.fd
File: t1put.fd 2001/06/04 font definitions for T1/put.
)
(./Pre-textual/Agradecimentos.tex) [3

] (./Pre-textual/resumo.tex

LaTeX Font Warning: Font shape `T1/cmr/m/n' in size <30.28938> not available
(Font)              size <29.86> substituted on input line 3.

) [4

] (./Pre-textual/abstract.tex) [5

] (./Pre-textual/Abreviacao.tex) [6

]
(./Manifesto.lof)
\tf@lof=\write4
\openout4 = `Manifesto.lof'.

 [7

] (./Manifesto.lot)
\tf@lot=\write5
\openout5 = `Manifesto.lot'.

 [8

] (./Manifesto.toc [9

])
\tf@toc=\write6
\openout6 = `Manifesto.toc'.

 [10]
(./Textual/Epigrafe_2.tex) [11

]
\openout2 = `Textual/1_introducao.aux'.

 (./Textual/1_introducao.tex
Cap\'{\i }tulo 1.
[12


] [13]) [14]
\openout2 = `Textual/2_estado_arte.aux'.

 (./Textual/2_estado_arte.tex
Cap\'{\i }tulo 2.
[15



] <Figuras/BigData/RelacaoCrispKddDm.png, id=82, 572.1375pt x 358.33875pt>
File: Figuras/BigData/RelacaoCrispKddDm.png Graphic file (type png)

<use Figuras/BigData/RelacaoCrispKddDm.png>
Package pdftex.def Info: Figuras/BigData/RelacaoCrispKddDm.png used on input li
ne 83.
(pdftex.def)             Requested size: 256.0714pt x 113.80682pt.
 [16]
<Figuras/BigData/CrispDM.png, id=87, 718.685pt x 531.9875pt>
File: Figuras/BigData/CrispDM.png Graphic file (type png)

<use Figuras/BigData/CrispDM.png>
Package pdftex.def Info: Figuras/BigData/CrispDM.png used on input line 100.
(pdftex.def)             Requested size: 199.16878pt x 199.162pt.

<Figuras/Cronograma/Entendimento.png, id=88, 714.67pt x 435.6275pt>
File: Figuras/Cronograma/Entendimento.png Graphic file (type png)

<use Figuras/Cronograma/Entendimento.png>
Package pdftex.def Info: Figuras/Cronograma/Entendimento.png used on input line
 115.
(pdftex.def)             Requested size: 341.43466pt x 213.39287pt.
 [17 <./Figuras/BigData/RelacaoCrispKddDm.png> <./Figuras/BigData/CrispDM.png>]

<Figuras/Cronograma/EntendDados.png, id=94, 659.46375pt x 421.575pt>
File: Figuras/Cronograma/EntendDados.png Graphic file (type png)

<use Figuras/Cronograma/EntendDados.png>
Package pdftex.def Info: Figuras/Cronograma/EntendDados.png used on input line 
131.
(pdftex.def)             Requested size: 341.44391pt x 213.39865pt.
 [18 <./Figuras/Cronograma/Entendimento.png> <./Figuras/Cronograma/EntendDados.
png>]
<Figuras/Cronograma/PreparaDados.png, id=99, 659.46375pt x 505.89pt>
File: Figuras/Cronograma/PreparaDados.png Graphic file (type png)

<use Figuras/Cronograma/PreparaDados.png>
Package pdftex.def Info: Figuras/Cronograma/PreparaDados.png used on input line
 146.
(pdftex.def)             Requested size: 341.44391pt x 256.07838pt.

<Figuras/Cronograma/Model_IA.png, id=100, 665.48625pt x 404.51125pt>
File: Figuras/Cronograma/Model_IA.png Graphic file (type png)

<use Figuras/Cronograma/Model_IA.png>
Package pdftex.def Info: Figuras/Cronograma/Model_IA.png used on input line 160
.
(pdftex.def)             Requested size: 341.43454pt x 224.77797pt.
 [19 <./Figuras/Cronograma/PreparaDados.png> <./Figuras/Cronograma/Model_IA.png
>]
<Figuras/Cronograma/Avaliacao.png, id=104, 665.48625pt x 314.17375pt>
File: Figuras/Cronograma/Avaliacao.png Graphic file (type png)

<use Figuras/Cronograma/Avaliacao.png>
Package pdftex.def Info: Figuras/Cronograma/Avaliacao.png used on input line 17
5.
(pdftex.def)             Requested size: 341.43454pt x 184.93903pt.

<Figuras/Cronograma/Inplantacao.png, id=105, 665.48625pt x 393.47pt>
File: Figuras/Cronograma/Inplantacao.png Graphic file (type png)

<use Figuras/Cronograma/Inplantacao.png>
Package pdftex.def Info: Figuras/Cronograma/Inplantacao.png used on input line 
189.
(pdftex.def)             Requested size: 341.43454pt x 213.39522pt.
 [20 <./Figuras/Cronograma/Avaliacao.png> <./Figuras/Cronograma/Inplantacao.png
>]
<Figuras/BigData/FayyadSemFundo.png, id=109, 798.985pt x 325.215pt>
File: Figuras/BigData/FayyadSemFundo.png Graphic file (type png)

<use Figuras/BigData/FayyadSemFundo.png>
Package pdftex.def Info: Figuras/BigData/FayyadSemFundo.png used on input line 
226.
(pdftex.def)             Requested size: 384.11801pt x 184.94771pt.
 [21 <./Figuras/BigData/FayyadSemFundo.png>] [22]
Underfull \hbox (badness 10000) in paragraph at lines 286--290

 []

<Figuras/BigData/arvorejovem.png, id=120, 402.50375pt x 278.03876pt>
File: Figuras/BigData/arvorejovem.png Graphic file (type png)

<use Figuras/BigData/arvorejovem.png>
Package pdftex.def Info: Figuras/BigData/arvorejovem.png used on input line 297
.
(pdftex.def)             Requested size: 170.71481pt x 128.03937pt.

<Figuras/BigData/redeneural.png, id=121, 448.67625pt x 255.95625pt>
File: Figuras/BigData/redeneural.png Graphic file (type png)

<use Figuras/BigData/redeneural.png>
Package pdftex.def Info: Figuras/BigData/redeneural.png used on input line 305.

(pdftex.def)             Requested size: 241.8434pt x 128.03638pt.
 [23 <./Figuras/BigData/arvorejovem.png>]
Underfull \hbox (badness 10000) in paragraph at lines 313--314

 []

[24 <./Figuras/BigData/redeneural.png (PNG copy)>]

LaTeX Warning: Citation `TeoriaInf' on page 25 undefined on input line 336.

[25] [26] <Figuras/Neural/Rosenblatt.png, id=144, 509.905pt x 198.7425pt>
File: Figuras/Neural/Rosenblatt.png Graphic file (type png)

<use Figuras/Neural/Rosenblatt.png>
Package pdftex.def Info: Figuras/Neural/Rosenblatt.png used on input line 399.
(pdftex.def)             Requested size: 256.08781pt x 85.36055pt.

<Figuras/Neural/Adaline.png, id=145, 458.71375pt x 312.16624pt>
File: Figuras/Neural/Adaline.png Graphic file (type png)

<use Figuras/Neural/Adaline.png>
Package pdftex.def Info: Figuras/Neural/Adaline.png used on input line 412.
(pdftex.def)             Requested size: 256.08702pt x 113.80873pt.
 [27 <./Figuras/Neural/Rosenblatt.png>]
[28 <./Figuras/Neural/Adaline.png>]
<Figuras/Neural/camdasIntermediarias.png, id=154, 503.8825pt x 286.06876pt>
File: Figuras/Neural/camdasIntermediarias.png Graphic file (type png)

<use Figuras/Neural/camdasIntermediarias.png>
Package pdftex.def Info: Figuras/Neural/camdasIntermediarias.png used on input 
line 452.
(pdftex.def)             Requested size: 256.0771pt x 142.26578pt.

<Figuras/Neural/Perceptron.png, id=155, 513.92pt x 229.85875pt>
File: Figuras/Neural/Perceptron.png Graphic file (type png)

<use Figuras/Neural/Perceptron.png>
Package pdftex.def Info: Figuras/Neural/Perceptron.png used on input line 471.
(pdftex.def)             Requested size: 256.07324pt x 113.81374pt.
 [29 <./Figuras/Neural/camdasIntermediarias.png> <./Figuras/Neural/Perceptron.p
ng>] [30] [31]
<Figuras/BigData/twittePRF.png, id=168, 581.17125pt x 485.815pt>
File: Figuras/BigData/twittePRF.png Graphic file (type png)

<use Figuras/BigData/twittePRF.png>
Package pdftex.def Info: Figuras/BigData/twittePRF.png used on input line 609.
(pdftex.def)             Requested size: 170.71686pt x 136.5684pt.

<Figuras/BigData/twittePRF2.png, id=169, 578.16pt x 497.86pt>
File: Figuras/BigData/twittePRF2.png Graphic file (type png)

<use Figuras/BigData/twittePRF2.png>
Package pdftex.def Info: Figuras/BigData/twittePRF2.png used on input line 611.

(pdftex.def)             Requested size: 170.71451pt x 136.57387pt.
 [32 <./Figuras/BigData/twittePRF.png (PNG copy)> <./Figuras/BigData/twittePRF2
.png (PNG copy)>] [33]
<Figuras/BigData/Analise_Textos.png, id=176, 1301.86375pt x 1032.85875pt>
File: Figuras/BigData/Analise_Textos.png Graphic file (type png)

<use Figuras/BigData/Analise_Textos.png>
Package pdftex.def Info: Figuras/BigData/Analise_Textos.png used on input line 
648.
(pdftex.def)             Requested size: 341.43645pt x 170.71378pt.
) [34 <./Figuras/BigData/Analise_Textos.png>]
\openout2 = `Textual/3_metodologia.aux'.

 (./Textual/3_metodologia.tex
Cap\'{\i }tulo 3.
[35



] <Figuras/Cronograma/metodologiaGeral.png, id=184, 855.195pt x 415.5525pt>
File: Figuras/Cronograma/metodologiaGeral.png Graphic file (type png)

<use Figuras/Cronograma/metodologiaGeral.png>
Package pdftex.def Info: Figuras/Cronograma/metodologiaGeral.png used on input 
line 64.
(pdftex.def)             Requested size: 483.695pt x 241.84492pt.

Overfull \hbox (28.4509pt too wide) in paragraph at lines 64--64
 [][] 
 []

[36] [37 <./Figuras/Cronograma/metodologiaGeral.png>]) [38]
\openout2 = `Textual/4_simulacao.aux'.


(./Textual/4_simulacao.tex
Cap\'{\i }tulo 4.
[39



] <Figuras/Cronograma/metodologia.png, id=199, 1338.601pt x 466.543pt>
File: Figuras/Cronograma/metodologia.png Graphic file (type png)

<use Figuras/Cronograma/metodologia.png>
Package pdftex.def Info: Figuras/Cronograma/metodologia.png used on input line 
12.
(pdftex.def)             Requested size: 483.69342pt x 241.84914pt.

Overfull \hbox (28.44931pt too wide) in paragraph at lines 12--12
 [][] 
 []


Underfull \hbox (badness 10000) in paragraph at lines 24--27

 []

[40 <./Figuras/Cronograma/metodologia.png>]
Overfull \hbox (0.92342pt too wide) in paragraph at lines 60--61
[]\T1/cmr/m/n/12 Restrio de vi-si-bi-li-dade: Ine-xis-tente, Ve-culo Es-ta-c
i-o-nado, Po-eira/Fumaa/neblina,
 []


<Figuras/Preprocess/CondicaoPistaXNumAcidentes.png, id=204, 970.62625pt x 452.6
9125pt>
File: Figuras/Preprocess/CondicaoPistaXNumAcidentes.png Graphic file (type png)

 <use Figuras/Preprocess/CondicaoPistaXNumAcidentes.png>
Package pdftex.def Info: Figuras/Preprocess/CondicaoPistaXNumAcidentes.png used
 on input line 73.
(pdftex.def)             Requested size: 213.39032pt x 136.56824pt.

<Figuras/Preprocess//RestricaoVisibilXBr.png, id=205, 971.63pt x 451.6875pt>
File: Figuras/Preprocess//RestricaoVisibilXBr.png Graphic file (type png)

<use Figuras/Preprocess//RestricaoVisibilXBr.png>
Package pdftex.def Info: Figuras/Preprocess//RestricaoVisibilXBr.png used on in
put line 76.
(pdftex.def)             Requested size: 213.38861pt x 136.57558pt.
 [41 <./Figuras/Preprocess/CondicaoPistaXNumAcidentes.png (PNG copy)> <./Figura
s/Preprocess//RestricaoVisibilXBr.png (PNG copy)>]
<Figuras/Preprocess/TipoVeiculoXNumAciden.png, id=209, 973.6375pt x 483.8075pt>
File: Figuras/Preprocess/TipoVeiculoXNumAciden.png Graphic file (type png)
<use Figuras/Preprocess/TipoVeiculoXNumAciden.png>
Package pdftex.def Info: Figuras/Preprocess/TipoVeiculoXNumAciden.png used on i
nput line 89.
(pdftex.def)             Requested size: 426.78246pt x 227.6258pt.

<Figuras/Preprocess/TracadoViaNumAcident.png, id=210, 751.80875pt x 452.69125pt
>
File: Figuras/Preprocess/TracadoViaNumAcident.png Graphic file (type png)
 <use Figuras/Preprocess/TracadoViaNumAcident.png>
Package pdftex.def Info: Figuras/Preprocess/TracadoViaNumAcident.png used on in
put line 101.
(pdftex.def)             Requested size: 341.44257pt x 199.16403pt.
 [42 <./Figuras/Preprocess/TipoVeiculoXNumAciden.png (PNG copy)> <./Figuras/Pre
process/TracadoViaNumAcident.png>] [43] <Figuras/Cronograma/GoogleMaps.png, id=
219, 748.7975pt x 778.91pt>
File: Figuras/Cronograma/GoogleMaps.png Graphic file (type png)

<use Figuras/Cronograma/GoogleMaps.png>
Package pdftex.def Info: Figuras/Cronograma/GoogleMaps.png used on input line 1
68.
(pdftex.def)             Requested size: 426.79616pt x 369.87914pt.
 [44 <./Figuras/Cronograma/GoogleMaps.png (PNG copy)>]) [45]
\openout2 = `Textual/5_conclusao.aux'.

 (./Textual/5_conclusao.tex
Cap\'{\i }tulo 5.
) [46



]
\openout2 = `Textual/Anexo1.aux'.

 (./Textual/Anexo1.tex
Ap\^endice A.
[47



] [48]
<Figuras/Cronograma/BasesHistoricas.png, id=237, 1518.473pt x 680.141pt>
File: Figuras/Cronograma/BasesHistoricas.png Graphic file (type png)

<use Figuras/Cronograma/BasesHistoricas.png>
Package pdftex.def Info: Figuras/Cronograma/BasesHistoricas.png used on input l
ine 68.
(pdftex.def)             Requested size: 469.4706pt x 284.52606pt.

Overfull \hbox (14.22649pt too wide) in paragraph at lines 68--69
 [][] 
 []

) [49 <./Figuras/Cronograma/BasesHistoricas.png>] (./Manifesto.bbl [50


])

AED: lastpage setting LastPage
[51] (./Manifesto.aux (./Pre-textual/Capa.aux) (./Pre-textual/FolhaRosto.aux)
(./Textual/1_introducao.aux) (./Textual/2_estado_arte.aux)
(./Textual/3_metodologia.aux) (./Textual/4_simulacao.aux)
(./Textual/5_conclusao.aux) (./Textual/Anexo1.aux))

LaTeX Font Warning: Size substitutions with differences
(Font)              up to 0.42938pt have occurred.


LaTeX Warning: There were undefined references.

 ) 
Here is how much of TeX's memory you used:
 13148 strings out of 494940
 196405 string characters out of 6178599
 452781 words of memory out of 5000000
 15848 multiletter control sequences out of 15000+600000
 34030 words of font info for 66 fonts, out of 8000000 for 9000
 38 hyphenation exceptions out of 8191
 46i,12n,53p,739b,400s stack positions out of 5000i,500n,10000p,200000b,80000s
 </home/othon/.texmf-var/fonts/pk/ljfour/jknappen/ec/ecti1000.600pk> </home/o
thon/.texmf-var/fonts/pk/ljfour/jknappen/ec/ecrm1000.600pk> </home/othon/.texmf
-var/fonts/pk/ljfour/jknappen/ec/ecrm0700.600pk> </home/othon/.texmf-var/fonts/
pk/ljfour/jknappen/ec/ecrm0800.600pk> </home/othon/.texmf-var/fonts/pk/ljfour/j
knappen/ec/ecrm0600.600pk> </home/othon/.texmf-var/fonts/pk/ljfour/jknappen/ec/
ecbx1440.600pk> </home/othon/.texmf-var/fonts/pk/ljfour/jknappen/ec/tcrm1200.60
0pk>{/usr/share/texlive/texmf-dist/fonts/enc/dvips/base/8r.enc} </home/othon/.t
exmf-var/fonts/pk/ljfour/jknappen/ec/eccc1200.600pk> </home/othon/.texmf-var/fo
nts/pk/ljfour/jknappen/ec/ecrm2986.600pk> </home/othon/.texmf-var/fonts/pk/ljfo
ur/jknappen/ec/ecrm2488.600pk> </home/othon/.texmf-var/fonts/pk/ljfour/jknappen
/ec/ecti1200.600pk> </home/othon/.texmf-var/fonts/pk/ljfour/jknappen/ec/ecbx120
0.600pk> </home/othon/.texmf-var/fonts/pk/ljfour/jknappen/ec/ecrm1200.600pk> </
home/othon/.texmf-var/fonts/pk/ljfour/jknappen/ec/ecbx1728.600pk> </home/othon/
.texmf-var/fonts/pk/ljfour/jknappen/ec/ecrm1728.600pk></usr/share/texlive/texmf
-dist/fonts/type1/public/amsfonts/cm/cmex10.pfb></usr/share/texlive/texmf-dist/
fonts/type1/public/amsfonts/cm/cmmi12.pfb></usr/share/texlive/texmf-dist/fonts/
type1/public/amsfonts/cm/cmmi6.pfb></usr/share/texlive/texmf-dist/fonts/type1/p
ublic/amsfonts/cm/cmmi8.pfb></usr/share/texlive/texmf-dist/fonts/type1/public/a
msfonts/cm/cmr12.pfb></usr/share/texlive/texmf-dist/fonts/type1/public/amsfonts
/cm/cmr6.pfb></usr/share/texlive/texmf-dist/fonts/type1/public/amsfonts/cm/cmr8
.pfb></usr/share/texlive/texmf-dist/fonts/type1/public/amsfonts/cm/cmsy10.pfb><
/usr/share/texlive/texmf-dist/fonts/type1/public/amsfonts/cm/cmsy8.pfb></usr/sh
are/texlive/texmf-dist/fonts/type1/adobe/utopia/putb8a.pfb>
Output written on Manifesto.pdf (52 pages, 1860113 bytes).
PDF statistics:
 885 PDF objects out of 1000 (max. 8388607)
 213 compressed objects within 3 object streams
 0 named destinations out of 1000 (max. 500000)
 176 words of extra memory for PDF output out of 10000 (max. 10000000)

