This is pdfTeX, Version 3.14159265-2.6-1.40.16 (TeX Live 2015) (preloaded format=pdflatex 2016.5.1)  2 MAR 2017 00:27
entering extended mode
 restricted \write18 enabled.
 %&-line parsing enabled.
**dedicatoria.tex
(./dedicatoria.tex
LaTeX2e <2016/02/01>
Babel <3.9n> and hyphenation patterns for 13 languages loaded.

! LaTeX Error: Missing \begin{document}.

See the LaTeX manual or LaTeX Companion for explanation.
Type  H <return>  for immediate help.
 ...                                              
                                                  
l.4   \begin{flushright}
                        
You're in trouble here.  Try typing  <return>  to proceed.
If that doesn't work, type  X <return>  to quit.


Overfull \hbox (20.0pt too wide) in paragraph at lines 4--4
[] 
 []

Missing character: There is no Ã in font cmti10!
Missing character: There is no £ in font cmti10!

Overfull \hbox (17.17767pt too wide) in paragraph at lines 10--10
 \OT1/cmr/m/it/10 ``Ao
 []


Overfull \hbox (18.14433pt too wide) in paragraph at lines 10--10
 \OT1/cmr/m/it/10 meu
 []


Overfull \hbox (12.7777pt too wide) in paragraph at lines 10--10
 \OT1/cmr/m/it/10 pai
 []


Overfull \hbox (14.56656pt too wide) in paragraph at lines 10--10
 \OT1/cmr/m/it/10 que
 []


Overfull \hbox (5.11108pt too wide) in paragraph at lines 10--10
 \OT1/cmr/m/it/10 o
 []


Overfull \hbox (17.37766pt too wide) in paragraph at lines 10--10
 \OT1/cmr/m/it/10 des-
 []


Overfull \hbox (17.12212pt too wide) in paragraph at lines 10--10
 \OT1/cmr/m/it/10 tino
 []


Overfull \hbox (22.23318pt too wide) in paragraph at lines 10--10
 \OT1/cmr/m/it/10 levou
 []


Overfull \hbox (20.95541pt too wide) in paragraph at lines 10--10
 \OT1/cmr/m/it/10 pelas
 []


Overfull \hbox (20.44434pt too wide) in paragraph at lines 10--10
 \OT1/cmr/m/it/10 mos,
 []

Missing character: There is no Ã in font cmti10!
Missing character: There is no µ in font cmti10!
Missing character: There is no Ã in font cmti10!
Missing character: There is no § in font cmti10!
Missing character: There is no Ã in font cmti10!
Missing character: There is no £ in font cmti10!

Overfull \hbox (17.37769pt too wide) in paragraph at lines 10--10
 []\OT1/cmr/m/it/10 mas
 []


Overfull \hbox (31.47203pt too wide) in paragraph at lines 10--10
 \OT1/cmr/m/it/10 deixou-
 []


Overfull \hbox (12.7777pt too wide) in paragraph at lines 10--10
 \OT1/cmr/m/it/10 me
 []


Overfull \hbox (9.19995pt too wide) in paragraph at lines 10--10
 \OT1/cmr/m/it/10 as
 []


Overfull \hbox (21.59428pt too wide) in paragraph at lines 10--10
 \OT1/cmr/m/it/10 razes
 []


Overfull \hbox (10.22217pt too wide) in paragraph at lines 10--10
 \OT1/cmr/m/it/10 da
 []


Overfull \hbox (16.86656pt too wide) in paragraph at lines 10--10
 \OT1/cmr/m/it/10 mo-
 []


Overfull \hbox (9.96658pt too wide) in paragraph at lines 10--10
 \OT1/cmr/m/it/10 ti-
 []


Overfull \hbox (14.82213pt too wide) in paragraph at lines 10--10
 \OT1/cmr/m/it/10 vao
 []


Overfull \hbox (22.99986pt too wide) in paragraph at lines 10--10
 \OT1/cmr/m/it/10 dessa
 []


Overfull \hbox (38.58864pt too wide) in paragraph at lines 10--10
 \OT1/cmr/m/it/10 pesquisa.
 []

Missing character: There is no Ã in font cmti10!
Missing character: There is no º in font cmti10!

Overfull \hbox (33.4998pt too wide) in paragraph at lines 10--10
 []\OT1/cmr/m/it/10 Homem
 []


Overfull \hbox (23.38316pt too wide) in paragraph at lines 10--10
 \OT1/cmr/m/it/10 forte,
 []


Overfull \hbox (15.84433pt too wide) in paragraph at lines 10--10
 \OT1/cmr/m/it/10 ale-
 []


Overfull \hbox (15.97208pt too wide) in paragraph at lines 10--10
 \OT1/cmr/m/it/10 gre,
 []


Overfull \hbox (24.53317pt too wide) in paragraph at lines 10--10
 \OT1/cmr/m/it/10 msico
 []


Overfull \hbox (17.88875pt too wide) in paragraph at lines 10--10
 \OT1/cmr/m/it/10 ded-
 []


Overfull \hbox (6.6444pt too wide) in paragraph at lines 10--10
 \OT1/cmr/m/it/10 i-
 []


Overfull \hbox (19.42209pt too wide) in paragraph at lines 10--10
 \OT1/cmr/m/it/10 cado
 []


Overfull \hbox (4.59996pt too wide) in paragraph at lines 10--10
 \OT1/cmr/m/it/10 e
 []


Overfull \hbox (47.78856pt too wide) in paragraph at lines 10--10
 \OT1/cmr/m/it/10 economista
 []


Overfull \hbox (36.83867pt too wide) in paragraph at lines 10--10
 \OT1/cmr/m/it/10 apaixon-
 []


Overfull \hbox (18.3999pt too wide) in paragraph at lines 10--10
 \OT1/cmr/m/it/10 ado.
 []

Missing character: There is no Ã in font cmti10!
Missing character: There is no ª in font cmti10!

Overfull \hbox (39.23866pt too wide) in paragraph at lines 10--10
 []\OT1/cmr/m/it/10 Ensinou-
 []


Overfull \hbox (12.7777pt too wide) in paragraph at lines 10--10
 \OT1/cmr/m/it/10 me
 []


Overfull \hbox (5.11108pt too wide) in paragraph at lines 10--10
 \OT1/cmr/m/it/10 o
 []


Overfull \hbox (22.23318pt too wide) in paragraph at lines 10--10
 \OT1/cmr/m/it/10 gosto
 []


Overfull \hbox (14.31104pt too wide) in paragraph at lines 10--10
 \OT1/cmr/m/it/10 das
 []


Overfull \hbox (20.95541pt too wide) in paragraph at lines 10--10
 \OT1/cmr/m/it/10 pelas
 []


Overfull \hbox (16.86655pt too wide) in paragraph at lines 10--10
 \OT1/cmr/m/it/10 cin-
 []


Overfull \hbox (16.86656pt too wide) in paragraph at lines 10--10
 \OT1/cmr/m/it/10 cias
 []


Overfull \hbox (4.59996pt too wide) in paragraph at lines 10--10
 \OT1/cmr/m/it/10 e
 []


Overfull \hbox (25.42758pt too wide) in paragraph at lines 10--10
 \OT1/cmr/m/it/10 seguir
 []


Overfull \hbox (20.4443pt too wide) in paragraph at lines 10--10
 \OT1/cmr/m/it/10 sem-
 []


Overfull \hbox (13.41655pt too wide) in paragraph at lines 10--10
 \OT1/cmr/m/it/10 pre
 []


Overfull \hbox (12.7777pt too wide) in paragraph at lines 10--10
 \OT1/cmr/m/it/10 em
 []


Overfull \hbox (27.98311pt too wide) in paragraph at lines 10--10
 \OT1/cmr/m/it/10 frente,
 []


Overfull \hbox (56.47739pt too wide) in paragraph at lines 10--11
 []\OT1/cmr/m/it/10 independente
 []


Overfull \hbox (14.31104pt too wide) in paragraph at lines 10--11
 \OT1/cmr/m/it/10 dos
 []


Overfull \hbox (11.88321pt too wide) in paragraph at lines 10--11
 \OT1/cmr/m/it/10 re-
 []


Overfull \hbox (15.58879pt too wide) in paragraph at lines 10--11
 \OT1/cmr/m/it/10 sul-
 []


Overfull \hbox (12.01102pt too wide) in paragraph at lines 10--11
 \OT1/cmr/m/it/10 ta-
 []


Overfull \hbox (17.37769pt too wide) in paragraph at lines 10--11
 \OT1/cmr/m/it/10 dos.
 []

)
! Emergency stop.
<*> dedicatoria.tex
                   
*** (job aborted, no legal \end found)

 
Here is how much of TeX's memory you used:
 8 strings out of 494790
 168 string characters out of 6174858
 48389 words of memory out of 5000000
 3429 multiletter control sequences out of 15000+600000
 3986 words of font info for 15 fonts, out of 8000000 for 9000
 64 hyphenation exceptions out of 8191
 13i,1n,10p,96b,108s stack positions out of 5000i,500n,10000p,200000b,80000s
!  ==> Fatal error occurred, no output PDF file produced!
